<?xml version='1.0' encoding='UTF-8' ?>
<testsuite name="org.wikipedia.test" tests="62" failures="1" errors="0" skipped="0" time="364.084" timestamp="2016-08-17T20:40:11" hostname="localhost">
  <properties />
  <testcase name="testPreview" classname="org.wikipedia.editing.EditPreviewTaskTest" time="0.853" />
  <testcase name="testSyntaxHighlight" classname="org.wikipedia.editing.richtext.SyntaxHighlighterTest" time="0.034">
    <failure>java.lang.RuntimeException: Can't create handler inside thread that has not called Looper.prepare()
at android.os.Handler.&lt;init&gt;(Handler.java:200)
at android.os.Handler.&lt;init&gt;(Handler.java:114)
at android.sec.clipboard.ClipboardExManager$1.&lt;init&gt;(ClipboardExManager.java:118)
at android.sec.clipboard.ClipboardExManager.&lt;init&gt;(ClipboardExManager.java:118)
at android.app.ContextImpl$11.createService(ContextImpl.java:492)
at android.app.ContextImpl$ServiceFetcher.getService(ContextImpl.java:372)
at android.app.ContextImpl.getSystemService(ContextImpl.java:2265)
at android.view.ContextThemeWrapper.getSystemService(ContextThemeWrapper.java:117)
at android.widget.EditText.&lt;init&gt;(EditText.java:81)
at android.widget.EditText.&lt;init&gt;(EditText.java:75)
at android.widget.EditText.&lt;init&gt;(EditText.java:71)
at org.wikipedia.editing.richtext.SyntaxHighlighterTest.testSyntaxHighlight(SyntaxHighlighterTest.java:28)
at java.lang.reflect.Method.invokeNative(Native Method)
at java.lang.reflect.Method.invoke(Method.java:515)
at org.junit.runners.model.FrameworkMethod$1.runReflectiveCall(FrameworkMethod.java:50)
at org.junit.internal.runners.model.ReflectiveCallable.run(ReflectiveCallable.java:12)
at org.junit.runners.model.FrameworkMethod.invokeExplosively(FrameworkMethod.java:47)
at org.junit.internal.runners.statements.InvokeMethod.evaluate(InvokeMethod.java:17)
at org.junit.runners.ParentRunner.runLeaf(ParentRunner.java:325)
at org.junit.runners.BlockJUnit4ClassRunner.runChild(BlockJUnit4ClassRunner.java:78)
at org.junit.runners.BlockJUnit4ClassRunner.runChild(BlockJUnit4ClassRunner.java:57)
at org.junit.runners.ParentRunner$3.run(ParentRunner.java:290)
at org.junit.runners.ParentRunner$1.schedule(ParentRunner.java:71)
at org.junit.runners.ParentRunner.runChildren(ParentRunner.java:288)
at org.junit.runners.ParentRunner.access$000(ParentRunner.java:58)
at org.junit.runners.ParentRunner$2.evaluate(ParentRunner.java:268)
at org.junit.runners.ParentRunner.run(ParentRunner.java:363)
at org.junit.runners.Suite.runChild(Suite.java:128)
at org.junit.runners.Suite.runChild(Suite.java:27)
at org.junit.runners.ParentRunner$3.run(ParentRunner.java:290)
at org.junit.runners.ParentRunner$1.schedule(ParentRunner.java:71)
at org.junit.runners.ParentRunner.runChildren(ParentRunner.java:288)
at org.junit.runners.ParentRunner.access$000(ParentRunner.java:58)
at org.junit.runners.ParentRunner$2.evaluate(ParentRunner.java:268)
at org.junit.runners.ParentRunner.run(ParentRunner.java:363)
at org.junit.runner.JUnitCore.run(JUnitCore.java:137)
at org.junit.runner.JUnitCore.run(JUnitCore.java:115)
at android.support.test.internal.runner.TestExecutor.execute(TestExecutor.java:59)
at android.support.test.runner.AndroidJUnitRunner.onStart(AndroidJUnitRunner.java:262)
at android.app.Instrumentation$InstrumentationThread.run(Instrumentation.java:1729)
</failure>
  </testcase>
  <testcase name="testCompare" classname="org.wikipedia.nearby.NearbyUnitTests" time="0.0" />
  <testcase name="testGetDistanceLabelKilometers" classname="org.wikipedia.nearby.NearbyUnitTests" time="0.025" />
  <testcase name="testGetDistanceLabelMeters" classname="org.wikipedia.nearby.NearbyUnitTests" time="0.0" />
  <testcase name="testGetDistanceLabelNull" classname="org.wikipedia.nearby.NearbyUnitTests" time="0.0" />
  <testcase name="testGetDistanceLabelSameLocation" classname="org.wikipedia.nearby.NearbyUnitTests" time="0.0" />
  <testcase name="testSort" classname="org.wikipedia.nearby.NearbyUnitTests" time="0.0" />
  <testcase name="testSortWithNullLocations" classname="org.wikipedia.nearby.NearbyUnitTests" time="0.0" />
  <testcase name="testAndroidTestCaseSetupProperly" classname="org.wikipedia.nearby.NearbyUnitTests" time="0.0" />
  <testcase name="testPagesWithoutImagesPortrait" classname="org.wikipedia.page.PageLoadTest" time="66.886" />
  <testcase name="testPagesWithImagesLandscape" classname="org.wikipedia.page.PageLoadTest" time="67.608" />
  <testcase name="testPagesWithImagesPortrait" classname="org.wikipedia.page.PageLoadTest" time="74.003" />
  <testcase name="testPageFetchWithAmpersand" classname="org.wikipedia.page.PageLoadTest" time="2.585" />
  <testcase name="testPagesRtlPortrait" classname="org.wikipedia.page.PageLoadTest" time="34.584" />
  <testcase name="testPagesWithoutImagesLandscape" classname="org.wikipedia.page.PageLoadTest" time="62.038" />
  <testcase name="testPageFetch" classname="org.wikipedia.page.PageLoadTest" time="1.432" />
  <testcase name="testPagesRtlLandscape" classname="org.wikipedia.page.PageLoadTest" time="29.241" />
  <testcase name="testNonClosedImgTag" classname="org.wikipedia.savedpages.ImageUrlMapTest" time="0.176" />
  <testcase name="testUrlRewrite" classname="org.wikipedia.savedpages.ImageUrlMapTest" time="0.025" />
  <testcase name="testDOMLoaded" classname="org.wikipedia.test.BridgeTests" time="1.153" />
  <testcase name="testPingBackHandling" classname="org.wikipedia.test.BridgeTests" time="0.051" />
  <testcase name="testCreateAccountInfoFetch" classname="org.wikipedia.test.CreateAccountTaskTest" time="0.226" />
  <testcase name="testFetchCaptchaImage" classname="org.wikipedia.test.CreateAccountTaskTest" time="0.576" />
  <testcase name="testAbuseFilterTriggerStopOnArbitraryErrorCode" classname="org.wikipedia.test.EditTaskTest" time="0.426" />
  <testcase name="testEdit" classname="org.wikipedia.test.EditTaskTest" time="2.407" />
  <testcase name="testCaptcha" classname="org.wikipedia.test.EditTaskTest" time="0.452" />
  <testcase name="testAbuseFilterTriggerStop" classname="org.wikipedia.test.EditTaskTest" time="0.727" />
  <testcase name="testAbuseFilterTriggerWarn" classname="org.wikipedia.test.EditTaskTest" time="0.602" />
  <testcase name="testPageFetch" classname="org.wikipedia.test.FetchSectionWikitextTaskTests" time="0.276" />
  <testcase name="testEmptyResults" classname="org.wikipedia.test.FullSearchTaskTests" time="0.276" />
  <testcase name="testFullTextSearchWithResults" classname="org.wikipedia.test.FullSearchTaskTests" time="0.326" />
  <testcase name="testOneTitle" classname="org.wikipedia.test.GetDescriptionsTaskTests" time="0.276" />
  <testcase name="testThreeTitles" classname="org.wikipedia.test.GetDescriptionsTaskTests" time="0.251" />
  <testcase name="testDefaultLocaleAndAcceptLanguageAgree" classname="org.wikipedia.test.LanguageVariantTests" time="0.126" />
  <testcase name="testLogin" classname="org.wikipedia.test.LoginTaskTest" time="2.457" />
  <testcase name="testJSONSerialization" classname="org.wikipedia.test.PageTests" time="0.0" />
  <testcase name="testHistoryEntry" classname="org.wikipedia.test.ParcelableTest" time="0.0" />
  <testcase name="testLruCache" classname="org.wikipedia.test.ParcelableTest" time="0.026" />
  <testcase name="testPageImage" classname="org.wikipedia.test.ParcelableTest" time="0.0" />
  <testcase name="testPageProperties" classname="org.wikipedia.test.ParcelableTest" time="0.0" />
  <testcase name="testPageTitle" classname="org.wikipedia.test.ParcelableTest" time="0.0" />
  <testcase name="testPageTitleTalk" classname="org.wikipedia.test.ParcelableTest" time="0.0" />
  <testcase name="testSite" classname="org.wikipedia.test.ParcelableTest" time="0.0" />
  <testcase name="testJSONSerialization" classname="org.wikipedia.test.SectionTests" time="0.0" />
  <testcase name="testSectionLead" classname="org.wikipedia.test.SectionTests" time="0.0" />
  <testcase name="testAndroidTestCaseSetupProperly" classname="org.wikipedia.test.SectionTests" time="0.0" />
  <testcase name="testEquals" classname="org.wikipedia.test.SiteTests" time="0.0" />
  <testcase name="testIsSupportedSite" classname="org.wikipedia.test.SiteTests" time="0.0" />
  <testcase name="testNormalization" classname="org.wikipedia.test.SiteTests" time="0.0" />
  <testcase name="testTitleForInternalLink" classname="org.wikipedia.test.SiteTests" time="0.0" />
  <testcase name="testFilter1ResultDifferentFromTitle" classname="org.wikipedia.test.SuggestionsTaskTests" time="0.1" />
  <testcase name="testFilter1ResultSameAsTitleIgnoreCase" classname="org.wikipedia.test.SuggestionsTaskTests" time="0.101" />
  <testcase name="testFilter4ResultsDifferentFromTitle" classname="org.wikipedia.test.SuggestionsTaskTests" time="0.075" />
  <testcase name="testFilterNoResults" classname="org.wikipedia.test.SuggestionsTaskTests" time="0.101" />
  <testcase name="testTask" classname="org.wikipedia.test.SuggestionsTaskTests" time="0.275" />
  <testcase name="testAllTranslations" classname="org.wikipedia.test.TranslationTests" time="1.555" />
  <testcase name="testAppropriateThreadException" classname="org.wikipedia.test.concurrency.AsyncTaskTest" time="0.15" />
  <testcase name="testAppropriateThreadFinish" classname="org.wikipedia.test.concurrency.AsyncTaskTest" time="0.201" />
  <testcase name="testExceptionHandling" classname="org.wikipedia.test.concurrency.AsyncTaskTest" time="0.201" />
  <testcase name="testFinishHandling" classname="org.wikipedia.test.concurrency.AsyncTaskTest" time="0.226" />
  <testcase name="testLoadPages" classname="org.wikipedia.test.perf.PageLoadPerformanceTests" time="9.206" />
</testsuite>