<?xml version='1.0' encoding='UTF-8' ?>
<testsuite name="org.wikipedia.test" tests="147" failures="0" errors="0" skipped="0" time="343.014" timestamp="2017-02-10T21:14:04" hostname="localhost">
  <properties />
  <testcase name="testSetOnShowPasswordListener" classname="android.support.design.widget.PasswordTextInputTest" time="0.051" />
  <testcase name="testIsPasswordVisible" classname="android.support.design.widget.PasswordTextInputTest" time="0.0" />
  <testcase name="testDOMLoaded" classname="org.wikipedia.bridge.CommunicationBridgeTest" time="0.452" />
  <testcase name="testPingBackHandling" classname="org.wikipedia.bridge.CommunicationBridgeTest" time="0.026" />
  <testcase name="testAppropriateThreadFinish" classname="org.wikipedia.concurrency.SaneAsyncTaskTest" time="0.0" />
  <testcase name="testAppropriateThreadException" classname="org.wikipedia.concurrency.SaneAsyncTaskTest" time="0.0" />
  <testcase name="testFinishHandling" classname="org.wikipedia.concurrency.SaneAsyncTaskTest" time="0.0" />
  <testcase name="testExceptionHandling" classname="org.wikipedia.concurrency.SaneAsyncTaskTest" time="0.0" />
  <testcase name="testLayoutDirection" classname="org.wikipedia.descriptions.DescriptionEditHelpViewTest" time="0.125" />
  <testcase name="testFocus" classname="org.wikipedia.descriptions.DescriptionEditHelpViewTest" time="0.126" />
  <testcase name="testTheme" classname="org.wikipedia.descriptions.DescriptionEditHelpViewTest" time="0.126" />
  <testcase name="testWidth" classname="org.wikipedia.descriptions.DescriptionEditHelpViewTest" time="0.401" />
  <testcase name="testSetCallback" classname="org.wikipedia.descriptions.DescriptionEditHelpViewTest" time="0.0" />
  <testcase name="testLayoutDirection" classname="org.wikipedia.descriptions.DescriptionEditSuccessViewTest" time="0.101" />
  <testcase name="testFocus" classname="org.wikipedia.descriptions.DescriptionEditSuccessViewTest" time="0.075" />
  <testcase name="testTheme" classname="org.wikipedia.descriptions.DescriptionEditSuccessViewTest" time="0.1" />
  <testcase name="testWidth" classname="org.wikipedia.descriptions.DescriptionEditSuccessViewTest" time="0.277" />
  <testcase name="testSetCallback" classname="org.wikipedia.descriptions.DescriptionEditSuccessViewTest" time="0.0" />
  <testcase name="testLayoutDirection" classname="org.wikipedia.descriptions.DescriptionEditTutorialPageViewTest" time="0.251" />
  <testcase name="testFocus" classname="org.wikipedia.descriptions.DescriptionEditTutorialPageViewTest" time="0.276" />
  <testcase name="testTheme" classname="org.wikipedia.descriptions.DescriptionEditTutorialPageViewTest" time="0.251" />
  <testcase name="testWidth" classname="org.wikipedia.descriptions.DescriptionEditTutorialPageViewTest" time="0.653" />
  <testcase name="testSetCallback" classname="org.wikipedia.descriptions.DescriptionEditTutorialPageViewTest" time="0.0" />
  <testcase name="testSetPageTitle" classname="org.wikipedia.descriptions.DescriptionEditViewTest" time="0.05" />
  <testcase name="testLayoutDirection" classname="org.wikipedia.descriptions.DescriptionEditViewTest" time="0.126" />
  <testcase name="testSetSaveState" classname="org.wikipedia.descriptions.DescriptionEditViewTest" time="0.0" />
  <testcase name="testFocus" classname="org.wikipedia.descriptions.DescriptionEditViewTest" time="0.151" />
  <testcase name="testTheme" classname="org.wikipedia.descriptions.DescriptionEditViewTest" time="0.175" />
  <testcase name="testWidth" classname="org.wikipedia.descriptions.DescriptionEditViewTest" time="15.964" />
  <testcase name="testSetDescription" classname="org.wikipedia.descriptions.DescriptionEditViewTest" time="0.025" />
  <testcase name="testGetDescription" classname="org.wikipedia.descriptions.DescriptionEditViewTest" time="0.0" />
  <testcase name="testSetCallback" classname="org.wikipedia.descriptions.DescriptionEditViewTest" time="0.0" />
  <testcase name="testSetTitle" classname="org.wikipedia.descriptions.DescriptionEditViewTest" time="0.0" />
  <testcase name="testSyntaxHighlight" classname="org.wikipedia.edit.richtext.SyntaxHighlighterTest" time="0.503" />
  <testcase name="testLayoutDirection" classname="org.wikipedia.feed.announcement.AnnouncementCardViewTest" time="0.176" />
  <testcase name="testFocus" classname="org.wikipedia.feed.announcement.AnnouncementCardViewTest" time="0.126" />
  <testcase name="testTheme" classname="org.wikipedia.feed.announcement.AnnouncementCardViewTest" time="0.1" />
  <testcase name="testWidth" classname="org.wikipedia.feed.announcement.AnnouncementCardViewTest" time="0.302" />
  <testcase name="testNoImage" classname="org.wikipedia.feed.announcement.AnnouncementCardViewTest" time="0.025" />
  <testcase name="testSetCard" classname="org.wikipedia.feed.becauseyouread.BecauseYouReadCardViewTest" time="0.05" />
  <testcase name="testLayoutDirection" classname="org.wikipedia.feed.becauseyouread.BecauseYouReadCardViewTest" time="0.302" />
  <testcase name="testFocus" classname="org.wikipedia.feed.becauseyouread.BecauseYouReadCardViewTest" time="0.277" />
  <testcase name="testTheme" classname="org.wikipedia.feed.becauseyouread.BecauseYouReadCardViewTest" time="0.276" />
  <testcase name="testWidth" classname="org.wikipedia.feed.becauseyouread.BecauseYouReadCardViewTest" time="9.409" />
  <testcase name="testSetSubtitle" classname="org.wikipedia.feed.becauseyouread.BecauseYouReadCardViewTest" time="0.0" />
  <testcase name="testSetImageCircleColor" classname="org.wikipedia.feed.view.CardHeaderViewTest" time="0.026" />
  <testcase name="testSetTitleId" classname="org.wikipedia.feed.view.CardHeaderViewTest" time="0.0" />
  <testcase name="testSetCard" classname="org.wikipedia.feed.view.CardHeaderViewTest" time="0.025" />
  <testcase name="testSetImage" classname="org.wikipedia.feed.view.CardHeaderViewTest" time="0.0" />
  <testcase name="testLayoutDirection" classname="org.wikipedia.feed.view.CardHeaderViewTest" time="0.075" />
  <testcase name="testFocus" classname="org.wikipedia.feed.view.CardHeaderViewTest" time="0.1" />
  <testcase name="testTheme" classname="org.wikipedia.feed.view.CardHeaderViewTest" time="0.2" />
  <testcase name="testWidth" classname="org.wikipedia.feed.view.CardHeaderViewTest" time="3.088" />
  <testcase name="testSetSubtitle" classname="org.wikipedia.feed.view.CardHeaderViewTest" time="0.025" />
  <testcase name="testSetTitleStr" classname="org.wikipedia.feed.view.CardHeaderViewTest" time="0.0" />
  <testcase name="testLayoutDirection" classname="org.wikipedia.feed.view.CardLargeHeaderViewTest" time="0.101" />
  <testcase name="testFocus" classname="org.wikipedia.feed.view.CardLargeHeaderViewTest" time="0.1" />
  <testcase name="testTheme" classname="org.wikipedia.feed.view.CardLargeHeaderViewTest" time="0.126" />
  <testcase name="testWidth" classname="org.wikipedia.feed.view.CardLargeHeaderViewTest" time="1.104" />
  <testcase name="testOnClickListener" classname="org.wikipedia.feed.view.CardLargeHeaderViewTest" time="0.0" />
  <testcase name="testSetImage" classname="org.wikipedia.feed.view.CardLargeHeaderViewTest" time="0.0" />
  <testcase name="testSetTitle" classname="org.wikipedia.feed.view.CardLargeHeaderViewTest" time="0.0" />
  <testcase name="testSetGetCard" classname="org.wikipedia.feed.view.DefaultFeedCardViewTest" time="0.0" />
  <testcase name="testSetGetCallback" classname="org.wikipedia.feed.view.DefaultFeedCardViewTest" time="0.0" />
  <testcase name="testHeader" classname="org.wikipedia.feed.view.ListCardViewTest" time="0.277" />
  <testcase name="testLargeHeader" classname="org.wikipedia.feed.view.ListCardViewTest" time="0.0" />
  <testcase name="testSet" classname="org.wikipedia.feed.view.ListCardViewTest" time="0.05" />
  <testcase name="testSetCallback" classname="org.wikipedia.feed.view.ListCardViewTest" time="0.377" />
  <testcase name="testUpdate" classname="org.wikipedia.feed.view.ListCardViewTest" time="0.025" />
  <testcase name="testSetImage" classname="org.wikipedia.feed.view.PageTitleListCardItemViewTest" time="0.0" />
  <testcase name="testLayoutDirection" classname="org.wikipedia.feed.view.PageTitleListCardItemViewTest" time="0.1" />
  <testcase name="testFocus" classname="org.wikipedia.feed.view.PageTitleListCardItemViewTest" time="0.101" />
  <testcase name="testTheme" classname="org.wikipedia.feed.view.PageTitleListCardItemViewTest" time="0.125" />
  <testcase name="testWidth" classname="org.wikipedia.feed.view.PageTitleListCardItemViewTest" time="3.941" />
  <testcase name="testSetSubtitle" classname="org.wikipedia.feed.view.PageTitleListCardItemViewTest" time="0.0" />
  <testcase name="testSetCallback" classname="org.wikipedia.feed.view.PageTitleListCardItemViewTest" time="0.0" />
  <testcase name="testSetSubtitleCapitalization" classname="org.wikipedia.feed.view.PageTitleListCardItemViewTest" time="0.0" />
  <testcase name="testSetTitle" classname="org.wikipedia.feed.view.PageTitleListCardItemViewTest" time="0.0" />
  <testcase name="testUnmarshalNull" classname="org.wikipedia.json.TabUnmarshallerTest" time="0.025" />
  <testcase name="testUnmarshalNoPageTitleAuthority" classname="org.wikipedia.json.TabUnmarshallerTest" time="0.0" />
  <testcase name="testUnmarshalSingle" classname="org.wikipedia.json.TabUnmarshallerTest" time="0.0" />
  <testcase name="testUnmarshalNoHistoryEntryAuthority" classname="org.wikipedia.json.TabUnmarshallerTest" time="0.0" />
  <testcase name="testLogin" classname="org.wikipedia.login.LoginClientTest" time="2.19" />
  <testcase name="testIcon" classname="org.wikipedia.navtab.NavTabViewTest" time="0.025" />
  <testcase name="testText" classname="org.wikipedia.navtab.NavTabViewTest" time="0.0" />
  <testcase name="testLayoutDirection" classname="org.wikipedia.navtab.NavTabViewTest" time="0.1" />
  <testcase name="testTheme" classname="org.wikipedia.navtab.NavTabViewTest" time="0.076" />
  <testcase name="testWidth" classname="org.wikipedia.navtab.NavTabViewTest" time="0.201" />
  <testcase name="testSelect" classname="org.wikipedia.navtab.NavTabViewTest" time="0.075" />
  <testcase name="testPagesWithoutImagesPortrait" classname="org.wikipedia.page.PageLoadTest" time="54.914" />
  <testcase name="testPagesWithImagesLandscape" classname="org.wikipedia.page.PageLoadTest" time="55.135" />
  <testcase name="testPagesWithImagesPortrait" classname="org.wikipedia.page.PageLoadTest" time="55.194" />
  <testcase name="testPageFetchWithAmpersand" classname="org.wikipedia.page.PageLoadTest" time="0.628" />
  <testcase name="testPagesRtlPortrait" classname="org.wikipedia.page.PageLoadTest" time="23.632" />
  <testcase name="testPagesWithoutImagesLandscape" classname="org.wikipedia.page.PageLoadTest" time="53.861" />
  <testcase name="testPageFetch" classname="org.wikipedia.page.PageLoadTest" time="0.779" />
  <testcase name="testPagesRtlLandscape" classname="org.wikipedia.page.PageLoadTest" time="24.881" />
  <testcase name="testTask" classname="org.wikipedia.page.SuggestionsTaskTest" time="0.276" />
  <testcase name="testFilter1ResultDifferentFromTitle" classname="org.wikipedia.page.SuggestionsTaskTest" time="0.0" />
  <testcase name="testFilterNoResults" classname="org.wikipedia.page.SuggestionsTaskTest" time="0.0" />
  <testcase name="testFilter4ResultsDifferentFromTitle" classname="org.wikipedia.page.SuggestionsTaskTest" time="0.0" />
  <testcase name="testFilter1ResultSameAsTitleIgnoreCase" classname="org.wikipedia.page.SuggestionsTaskTest" time="0.0" />
  <testcase name="testCopyBitmap" classname="org.wikipedia.page.leadimages.PageHeaderViewTest" time="0.075" />
  <testcase name="testHide" classname="org.wikipedia.page.leadimages.PageHeaderViewTest" time="0.026" />
  <testcase name="testShowTextTitleContent" classname="org.wikipedia.page.leadimages.PageHeaderViewTest" time="0.0" />
  <testcase name="testSetImageFocus" classname="org.wikipedia.page.leadimages.PageHeaderViewTest" time="0.0" />
  <testcase name="testSetLocale" classname="org.wikipedia.page.leadimages.PageHeaderViewTest" time="0.0" />
  <testcase name="testLayoutDirection" classname="org.wikipedia.page.leadimages.PageHeaderViewTest" time="0.376" />
  <testcase name="testGetImage" classname="org.wikipedia.page.leadimages.PageHeaderViewTest" time="0.025" />
  <testcase name="testShowTextImageVisible" classname="org.wikipedia.page.leadimages.PageHeaderViewTest" time="0.0" />
  <testcase name="testTheme" classname="org.wikipedia.page.leadimages.PageHeaderViewTest" time="0.352" />
  <testcase name="testSetSubtitle" classname="org.wikipedia.page.leadimages.PageHeaderViewTest" time="0.025" />
  <testcase name="testSetPronunciation" classname="org.wikipedia.page.leadimages.PageHeaderViewTest" time="0.0" />
  <testcase name="testHasPronunciation" classname="org.wikipedia.page.leadimages.PageHeaderViewTest" time="0.0" />
  <testcase name="testSetOnImageLoadListener" classname="org.wikipedia.page.leadimages.PageHeaderViewTest" time="0.0" />
  <testcase name="testHasSubtitle" classname="org.wikipedia.page.leadimages.PageHeaderViewTest" time="0.025" />
  <testcase name="testSetAnimationPaused" classname="org.wikipedia.page.leadimages.PageHeaderViewTest" time="0.0" />
  <testcase name="testShowTextSubtitleContent" classname="org.wikipedia.page.leadimages.PageHeaderViewTest" time="0.0" />
  <testcase name="testSetCallback" classname="org.wikipedia.page.leadimages.PageHeaderViewTest" time="0.025" />
  <testcase name="testLayout" classname="org.wikipedia.page.leadimages.PageHeaderViewTest" time="17.716" />
  <testcase name="testShowTextVisible" classname="org.wikipedia.page.leadimages.PageHeaderViewTest" time="0.0" />
  <testcase name="testOnScrollChanged" classname="org.wikipedia.page.leadimages.PageHeaderViewTest" time="0.025" />
  <testcase name="testLoadImage" classname="org.wikipedia.page.leadimages.PageHeaderViewTest" time="0.0" />
  <testcase name="testSetTitle" classname="org.wikipedia.page.leadimages.PageHeaderViewTest" time="0.0" />
  <testcase name="testLayoutDirection" classname="org.wikipedia.richtext.LeadingSpanTest" time="0.176" />
  <testcase name="testWidth" classname="org.wikipedia.richtext.LeadingSpanTest" time="0.702" />
  <testcase name="testLeading" classname="org.wikipedia.richtext.LeadingSpanTest" time="2.084" />
  <testcase name="testNonClosedImgTag" classname="org.wikipedia.savedpages.ImageUrlMapTest" time="0.0" />
  <testcase name="testUrlRewrite" classname="org.wikipedia.savedpages.ImageUrlMapTest" time="0.0" />
  <testcase name="testFullTextSearchWithResults" classname="org.wikipedia.search.FullSearchArticlesTaskTest" time="0.327" />
  <testcase name="testEmptyResults" classname="org.wikipedia.search.FullSearchArticlesTaskTest" time="0.15" />
  <testcase name="testAllTranslations" classname="org.wikipedia.test.TranslationTests" time="2.308" />
  <testcase name="testLoadPages" classname="org.wikipedia.test.perf.PageLoadPerformanceTests" time="1.331" />
  <testcase name="testLayoutDirection" classname="org.wikipedia.views.AppTextViewTest" time="0.2" />
  <testcase name="testWidth" classname="org.wikipedia.views.AppTextViewTest" time="0.804" />
  <testcase name="testLeading" classname="org.wikipedia.views.AppTextViewTest" time="1.029" />
  <testcase name="testGetFormattedDrawable" classname="org.wikipedia.views.AppTextViewWithImagesTest" time="0.0" />
  <testcase name="testSetTextWithDrawablesWithOneExpectedImageSpan" classname="org.wikipedia.views.AppTextViewWithImagesTest" time="0.0" />
  <testcase name="testSetTextWithDrawablesWithTwoExpectedImageSpans" classname="org.wikipedia.views.AppTextViewWithImagesTest" time="0.025" />
  <testcase name="testMakeImageSpan" classname="org.wikipedia.views.AppTextViewWithImagesTest" time="0.0" />
  <testcase name="testSetTextWithDrawablesWithNoResourcesSpecified" classname="org.wikipedia.views.AppTextViewWithImagesTest" time="0.0" />
  <testcase name="testSetWithDrawablesWithEmptyString" classname="org.wikipedia.views.AppTextViewWithImagesTest" time="0.0" />
  <testcase name="testLayoutDirection" classname="org.wikipedia.views.AppTextViewWithImagesTest" time="0.201" />
  <testcase name="testTheme" classname="org.wikipedia.views.AppTextViewWithImagesTest" time="0.125" />
  <testcase name="testWidth" classname="org.wikipedia.views.AppTextViewWithImagesTest" time="1.055" />
  <testcase name="testOneTitle" classname="org.wikipedia.wikidata.GetDescriptionsTaskTest" time="0.126" />
  <testcase name="testThreeTitles" classname="org.wikipedia.wikidata.GetDescriptionsTaskTest" time="0.126" />
</testsuite>