<?xml version='1.0' encoding='UTF-8' ?>
<testsuite name="org.wikipedia.test" tests="14" failures="2" errors="0" skipped="0" time="0.0" timestamp="2016-03-16T21:39:34" hostname="localhost">
  <properties />
  <testcase name="testPreview" classname="org.wikipedia.editing.EditPreviewTaskTest" time="0.587" />
  <testcase name="testSyntaxHighlight" classname="org.wikipedia.editing.richtext.SyntaxHighlighterTest" time="0.066">
    <failure>java.lang.RuntimeException: Can't create handler inside thread that has not called Looper.prepare()
at android.os.Handler.&lt;init&gt;(Handler.java:200)
at android.os.Handler.&lt;init&gt;(Handler.java:114)
at android.sec.clipboard.ClipboardExManager$1.&lt;init&gt;(ClipboardExManager.java:118)
at android.sec.clipboard.ClipboardExManager.&lt;init&gt;(ClipboardExManager.java:118)
at android.app.ContextImpl$11.createService(ContextImpl.java:492)
at android.app.ContextImpl$ServiceFetcher.getService(ContextImpl.java:372)
at android.app.ContextImpl.getSystemService(ContextImpl.java:2265)
at android.view.ContextThemeWrapper.getSystemService(ContextThemeWrapper.java:117)
at android.widget.EditText.&lt;init&gt;(EditText.java:81)
at android.widget.EditText.&lt;init&gt;(EditText.java:75)
at android.widget.EditText.&lt;init&gt;(EditText.java:71)
at org.wikipedia.editing.richtext.SyntaxHighlighterTest.testSyntaxHighlight(SyntaxHighlighterTest.java:28)
at java.lang.reflect.Method.invokeNative(Native Method)
at java.lang.reflect.Method.invoke(Method.java:515)
at org.junit.runners.model.FrameworkMethod$1.runReflectiveCall(FrameworkMethod.java:50)
at org.junit.internal.runners.model.ReflectiveCallable.run(ReflectiveCallable.java:12)
at org.junit.runners.model.FrameworkMethod.invokeExplosively(FrameworkMethod.java:47)
at org.junit.internal.runners.statements.InvokeMethod.evaluate(InvokeMethod.java:17)
at org.junit.runners.ParentRunner.runLeaf(ParentRunner.java:325)
at org.junit.runners.BlockJUnit4ClassRunner.runChild(BlockJUnit4ClassRunner.java:78)
at org.junit.runners.BlockJUnit4ClassRunner.runChild(BlockJUnit4ClassRunner.java:57)
at org.junit.runners.ParentRunner$3.run(ParentRunner.java:290)
at org.junit.runners.ParentRunner$1.schedule(ParentRunner.java:71)
at org.junit.runners.ParentRunner.runChildren(ParentRunner.java:288)
at org.junit.runners.ParentRunner.access$000(ParentRunner.java:58)
at org.junit.runners.ParentRunner$2.evaluate(ParentRunner.java:268)
at org.junit.runners.ParentRunner.run(ParentRunner.java:363)
at org.junit.runners.Suite.runChild(Suite.java:128)
at org.junit.runners.Suite.runChild(Suite.java:27)
at org.junit.runners.ParentRunner$3.run(ParentRunner.java:290)
at org.junit.runners.ParentRunner$1.schedule(ParentRunner.java:71)
at org.junit.runners.ParentRunner.runChildren(ParentRunner.java:288)
at org.junit.runners.ParentRunner.access$000(ParentRunner.java:58)
at org.junit.runners.ParentRunner$2.evaluate(ParentRunner.java:268)
at org.junit.runners.ParentRunner.run(ParentRunner.java:363)
at org.junit.runner.JUnitCore.run(JUnitCore.java:137)
at org.junit.runner.JUnitCore.run(JUnitCore.java:115)
at android.support.test.internal.runner.TestExecutor.execute(TestExecutor.java:54)
at android.support.test.runner.AndroidJUnitRunner.onStart(AndroidJUnitRunner.java:240)
at android.app.Instrumentation$InstrumentationThread.run(Instrumentation.java:1729)
</failure>
  </testcase>
  <testcase name="testCompare" classname="org.wikipedia.nearby.NearbyUnitTests" time="0.0" />
  <testcase name="testGetDistanceLabelKilometers" classname="org.wikipedia.nearby.NearbyUnitTests" time="0.0" />
  <testcase name="testGetDistanceLabelMeters" classname="org.wikipedia.nearby.NearbyUnitTests" time="0.0" />
  <testcase name="testGetDistanceLabelNull" classname="org.wikipedia.nearby.NearbyUnitTests" time="0.0" />
  <testcase name="testGetDistanceLabelSameLocation" classname="org.wikipedia.nearby.NearbyUnitTests" time="0.0" />
  <testcase name="testSort" classname="org.wikipedia.nearby.NearbyUnitTests" time="0.0" />
  <testcase name="testSortWithNullLocations" classname="org.wikipedia.nearby.NearbyUnitTests" time="0.0" />
  <testcase name="testAndroidTestCaseSetupProperly" classname="org.wikipedia.nearby.NearbyUnitTests" time="0.001" />
  <testcase name="testPagesWithoutImagesPortrait" classname="org.wikipedia.page.PageLoadTest" time="62.364" />
  <testcase name="testPagesWithImagesLandscape" classname="org.wikipedia.page.PageLoadTest" time="66.247" />
  <testcase name="testPagesWithImagesPortrait" classname="org.wikipedia.page.PageLoadTest" time="66.183" />
  <testcase name="testPageFetchWithAmpersand" classname="org.wikipedia.page.PageLoadTest" time="1.804">
    <failure>java.lang.RuntimeException: retrofit.RetrofitError: com.google.gson.JsonSyntaxException: java.lang.IllegalStateException: Expected a long but was BOOLEAN at line 1 column 107 path $.mobileview.revision
at org.wikipedia.page.PageLoadLatchCallback.onLoadError(PageLoadLatchCallback.java:17)
at org.wikipedia.page.PageFragment.onPageLoadError(PageFragment.java:816)
at org.wikipedia.page.JsonPageLoadStrategy$12$1$1.call(JsonPageLoadStrategy.java:494)
at org.wikipedia.page.JsonPageLoadStrategy$3.onCatch(JsonPageLoadStrategy.java:333)
at org.wikipedia.concurrency.SaneAsyncTask.onPostExecute(SaneAsyncTask.java:44)
at android.os.AsyncTask.finish(AsyncTask.java:632)
at android.os.AsyncTask.access$600(AsyncTask.java:177)
at android.os.AsyncTask$InternalHandler.handleMessage(AsyncTask.java:645)
at android.os.Handler.dispatchMessage(Handler.java:102)
at android.os.Looper.loop(Looper.java:146)
at android.app.ActivityThread.main(ActivityThread.java:5602)
at java.lang.reflect.Method.invokeNative(Native Method)
at java.lang.reflect.Method.invoke(Method.java:515)
at com.android.internal.os.ZygoteInit$MethodAndArgsCaller.run(ZygoteInit.java:1283)
at com.android.internal.os.ZygoteInit.main(ZygoteInit.java:1099)
at dalvik.system.NativeStart.main(Native Method)
Caused by: retrofit.RetrofitError: com.google.gson.JsonSyntaxException: java.lang.IllegalStateException: Expected a long but was BOOLEAN at line 1 column 107 path $.mobileview.revision
at retrofit.RestAdapter$RestHandler.invokeRequest(RestAdapter.java:383)
at retrofit.RestAdapter$RestHandler.access$100(RestAdapter.java:220)
at retrofit.RestAdapter$RestHandler$2.obtainResponse(RestAdapter.java:278)
at retrofit.CallbackRunnable.run(CallbackRunnable.java:42)
at java.util.concurrent.ThreadPoolExecutor.runWorker(ThreadPoolExecutor.java:1112)
at java.util.concurrent.ThreadPoolExecutor$Worker.run(ThreadPoolExecutor.java:587)
at retrofit.Platform$Android$2$1.run(Platform.java:142)
at java.lang.Thread.run(Thread.java:841)
Caused by: retrofit.converter.ConversionException: com.google.gson.JsonSyntaxException: java.lang.IllegalStateException: Expected a long but was BOOLEAN at line 1 column 107 path $.mobileview.revision
at retrofit.converter.GsonConverter.fromBody(GsonConverter.java:67)
at retrofit.RestAdapter$RestHandler.invokeRequest(RestAdapter.java:367)
... 7 more
Caused by: com.google.gson.JsonSyntaxException: java.lang.IllegalStateException: Expected a long but was BOOLEAN at line 1 column 107 path $.mobileview.revision
at com.google.gson.internal.bind.ReflectiveTypeAdapterFactory$Adapter.read(ReflectiveTypeAdapterFactory.java:221)
at com.google.gson.internal.bind.ReflectiveTypeAdapterFactory$1.read(ReflectiveTypeAdapterFactory.java:117)
at com.google.gson.internal.bind.ReflectiveTypeAdapterFactory$Adapter.read(ReflectiveTypeAdapterFactory.java:217)
at com.google.gson.Gson.fromJson(Gson.java:861)
at com.google.gson.Gson.fromJson(Gson.java:826)
at retrofit.converter.GsonConverter.fromBody(GsonConverter.java:63)
... 8 more
Caused by: java.lang.IllegalStateException: Expected a long but was BOOLEAN at line 1 column 107 path $.mobileview.revision
at com.google.gson.stream.JsonReader.nextLong(JsonReader.java:973)
at com.google.gson.internal.bind.TypeAdapters$11.read(TypeAdapters.java:325)
at com.google.gson.internal.bind.TypeAdapters$11.read(TypeAdapters.java:317)
at com.google.gson.internal.bind.ReflectiveTypeAdapterFactory$1.read(ReflectiveTypeAdapterFactory.java:117)
at com.google.gson.internal.bind.ReflectiveTypeAdapterFactory$Adapter.read(ReflectiveTypeAdapterFactory.java:217)
... 13 more
</failure>
  </testcase>
</testsuite>