<?xml version='1.0' encoding='UTF-8' ?>
<testsuite name="org.wikipedia.test" tests="14" failures="2" errors="0" skipped="0" time="0.0" timestamp="2016-02-04T19:58:32" hostname="localhost">
  <properties />
  <testcase name="testPreview" classname="org.wikipedia.editing.EditPreviewTaskTest" time="0.678" />
  <testcase name="testSyntaxHighlight" classname="org.wikipedia.editing.richtext.SyntaxHighlighterTest" time="0.069">
    <failure>java.lang.RuntimeException: Can't create handler inside thread that has not called Looper.prepare()
at android.os.Handler.&lt;init&gt;(Handler.java:200)
at android.os.Handler.&lt;init&gt;(Handler.java:114)
at android.sec.clipboard.ClipboardExManager$1.&lt;init&gt;(ClipboardExManager.java:118)
at android.sec.clipboard.ClipboardExManager.&lt;init&gt;(ClipboardExManager.java:118)
at android.app.ContextImpl$11.createService(ContextImpl.java:492)
at android.app.ContextImpl$ServiceFetcher.getService(ContextImpl.java:372)
at android.app.ContextImpl.getSystemService(ContextImpl.java:2265)
at android.view.ContextThemeWrapper.getSystemService(ContextThemeWrapper.java:117)
at android.widget.EditText.&lt;init&gt;(EditText.java:81)
at android.widget.EditText.&lt;init&gt;(EditText.java:75)
at android.widget.EditText.&lt;init&gt;(EditText.java:71)
at org.wikipedia.editing.richtext.SyntaxHighlighterTest.testSyntaxHighlight(SyntaxHighlighterTest.java:28)
at java.lang.reflect.Method.invokeNative(Native Method)
at java.lang.reflect.Method.invoke(Method.java:515)
at org.junit.runners.model.FrameworkMethod$1.runReflectiveCall(FrameworkMethod.java:50)
at org.junit.internal.runners.model.ReflectiveCallable.run(ReflectiveCallable.java:12)
at org.junit.runners.model.FrameworkMethod.invokeExplosively(FrameworkMethod.java:47)
at org.junit.internal.runners.statements.InvokeMethod.evaluate(InvokeMethod.java:17)
at org.junit.runners.ParentRunner.runLeaf(ParentRunner.java:325)
at org.junit.runners.BlockJUnit4ClassRunner.runChild(BlockJUnit4ClassRunner.java:78)
at org.junit.runners.BlockJUnit4ClassRunner.runChild(BlockJUnit4ClassRunner.java:57)
at org.junit.runners.ParentRunner$3.run(ParentRunner.java:290)
at org.junit.runners.ParentRunner$1.schedule(ParentRunner.java:71)
at org.junit.runners.ParentRunner.runChildren(ParentRunner.java:288)
at org.junit.runners.ParentRunner.access$000(ParentRunner.java:58)
at org.junit.runners.ParentRunner$2.evaluate(ParentRunner.java:268)
at org.junit.runners.ParentRunner.run(ParentRunner.java:363)
at org.junit.runners.Suite.runChild(Suite.java:128)
at org.junit.runners.Suite.runChild(Suite.java:27)
at org.junit.runners.ParentRunner$3.run(ParentRunner.java:290)
at org.junit.runners.ParentRunner$1.schedule(ParentRunner.java:71)
at org.junit.runners.ParentRunner.runChildren(ParentRunner.java:288)
at org.junit.runners.ParentRunner.access$000(ParentRunner.java:58)
at org.junit.runners.ParentRunner$2.evaluate(ParentRunner.java:268)
at org.junit.runners.ParentRunner.run(ParentRunner.java:363)
at org.junit.runner.JUnitCore.run(JUnitCore.java:137)
at org.junit.runner.JUnitCore.run(JUnitCore.java:115)
at android.support.test.internal.runner.TestExecutor.execute(TestExecutor.java:54)
at android.support.test.runner.AndroidJUnitRunner.onStart(AndroidJUnitRunner.java:240)
at android.app.Instrumentation$InstrumentationThread.run(Instrumentation.java:1729)
</failure>
  </testcase>
  <testcase name="testCompare" classname="org.wikipedia.nearby.NearbyUnitTests" time="0.0" />
  <testcase name="testGetDistanceLabelKilometers" classname="org.wikipedia.nearby.NearbyUnitTests" time="0.0" />
  <testcase name="testGetDistanceLabelMeters" classname="org.wikipedia.nearby.NearbyUnitTests" time="0.0" />
  <testcase name="testGetDistanceLabelNull" classname="org.wikipedia.nearby.NearbyUnitTests" time="0.0" />
  <testcase name="testGetDistanceLabelSameLocation" classname="org.wikipedia.nearby.NearbyUnitTests" time="0.026" />
  <testcase name="testSort" classname="org.wikipedia.nearby.NearbyUnitTests" time="0.0" />
  <testcase name="testSortWithNullLocations" classname="org.wikipedia.nearby.NearbyUnitTests" time="0.0" />
  <testcase name="testAndroidTestCaseSetupProperly" classname="org.wikipedia.nearby.NearbyUnitTests" time="0.0" />
  <testcase name="testPagesWithoutImagesPortrait" classname="org.wikipedia.page.PageLoadTest" time="65.824" />
  <testcase name="testPagesWithImagesLandscape" classname="org.wikipedia.page.PageLoadTest" time="64.933" />
  <testcase name="testPagesWithImagesPortrait" classname="org.wikipedia.page.PageLoadTest" time="72.11" />
  <testcase name="testPageFetchWithAmpersand" classname="org.wikipedia.page.PageLoadTest" time="602.621">
    <failure>Test failed to run to completion. Reason: 'Failed to receive adb shell test output within 600000 ms. Test may have timed out, or adb connection to device became unresponsive'. Check device logcat for details</failure>
  </testcase>
</testsuite>