<!DOCTYPE html>
<html>
    <head>
        <meta charset="utf-8">
        <meta name="viewport" content="width=device-width, initial-scale=1.0">
        <title>Focus</title>
        <link href="https://fonts.googleapis.com/css?family=Roboto:regular,medium,thin,italic,mediumitalic,bold" rel="stylesheet">
        <link href="../../../static/bootstrap.min.css" rel="stylesheet">
        <link href="../../../static/bootstrap-responsive.min.css" rel="stylesheet">
        <link href="../../../static/spoon.css" rel="stylesheet">
        <script src="../../../static/jquery.min.js"></script>
        <script src="../../../static/bootstrap.min.js"></script>
        <meta name="description" content="Test failed in 0 seconds on 16-nexus-s">
    </head>
    <body>
        <div class="container">
            <div class="hero-unit">
                <h1>Focus</h1>
                <p>Test failed in 0 seconds on 16-nexus-s</p>
            </div>
            <div class="row log">
                <div class="span12">
                    <table class="table table-striped table-hover table-condensed">
                        <thead>
                            <tr>
                                <th>Timestamp</th>
                                <th>Level</th>
                                <th>Tag</th>
                                <th>Message</th>
                            </tr>
                        </thead>
                        <tbody>
                            <tr class="level-info info">
                                <td>02-15 14:12:50.650</td>
                                <td>info</td>
                                <td>TestRunner</td>
                                <td>started: testFocus(org.wikipedia.feed.announcement.AnnouncementCardViewTest)</td>
                            </tr>
                            <tr class="level-info info">
                                <td>02-15 14:12:50.650</td>
                                <td>info</td>
                                <td>MonitoringInstrumentation</td>
                                <td>Activities that are still in CREATED to STOPPED: 0</td>
                            </tr>
                            <tr class="level-info info">
                                <td>02-15 14:12:50.660</td>
                                <td>info</td>
                                <td>TestRunner</td>
                                <td>failed: testFocus(org.wikipedia.feed.announcement.AnnouncementCardViewTest)</td>
                            </tr>
                            <tr class="level-info info">
                                <td>02-15 14:12:50.660</td>
                                <td>info</td>
                                <td>TestRunner</td>
                                <td>----- begin exception -----</td>
                            </tr>
                            <tr class="level-debug ">
                                <td>02-15 14:12:50.690</td>
                                <td>debug</td>
                                <td>dalvikvm</td>
                                <td>GC_CONCURRENT freed 2599K, 10% free 24445K/27079K, paused 11ms+4ms, total 29ms</td>
                            </tr>
                            <tr class="level-debug ">
                                <td>02-15 14:12:50.690</td>
                                <td>debug</td>
                                <td>dalvikvm</td>
                                <td>WAIT_FOR_CONCURRENT_GC blocked 17ms</td>
                            </tr>
                            <tr class="level-info info">
                                <td>02-15 14:12:50.690</td>
                                <td>info</td>
                                <td>TestRunner</td>
                                <td>org.junit.experimental.theories.internal.ParameterizedAssertionError: testFocus(&quot;LIGHT&quot; &lt;from THEMES[0]&gt;)</td>
                            </tr>
                            <tr class="level-info info">
                                <td>02-15 14:12:50.690</td>
                                <td>info</td>
                                <td>TestRunner</td>
                                <td>&#9;at org.junit.experimental.theories.Theories$TheoryAnchor.reportParameterizedError(Theories.java:288)</td>
                            </tr>
                            <tr class="level-info info">
                                <td>02-15 14:12:50.690</td>
                                <td>info</td>
                                <td>TestRunner</td>
                                <td>&#9;at org.junit.experimental.theories.Theories$TheoryAnchor$1$1.evaluate(Theories.java:237)</td>
                            </tr>
                            <tr class="level-info info">
                                <td>02-15 14:12:50.690</td>
                                <td>info</td>
                                <td>TestRunner</td>
                                <td>&#9;at org.junit.experimental.theories.Theories$TheoryAnchor.runWithCompleteAssignment(Theories.java:218)</td>
                            </tr>
                            <tr class="level-info info">
                                <td>02-15 14:12:50.690</td>
                                <td>info</td>
                                <td>TestRunner</td>
                                <td>&#9;at org.junit.experimental.theories.Theories$TheoryAnchor.runWithAssignment(Theories.java:204)</td>
                            </tr>
                            <tr class="level-info info">
                                <td>02-15 14:12:50.690</td>
                                <td>info</td>
                                <td>TestRunner</td>
                                <td>&#9;at org.junit.experimental.theories.Theories$TheoryAnchor.runWithIncompleteAssignment(Theories.java:212)</td>
                            </tr>
                            <tr class="level-info info">
                                <td>02-15 14:12:50.690</td>
                                <td>info</td>
                                <td>TestRunner</td>
                                <td>&#9;at org.junit.experimental.theories.Theories$TheoryAnchor.runWithAssignment(Theories.java:202)</td>
                            </tr>
                            <tr class="level-info info">
                                <td>02-15 14:12:50.690</td>
                                <td>info</td>
                                <td>TestRunner</td>
                                <td>&#9;at org.junit.experimental.theories.Theories$TheoryAnchor.evaluate(Theories.java:187)</td>
                            </tr>
                            <tr class="level-info info">
                                <td>02-15 14:12:50.690</td>
                                <td>info</td>
                                <td>TestRunner</td>
                                <td>&#9;at org.junit.runners.ParentRunner.runLeaf(ParentRunner.java:325)</td>
                            </tr>
                            <tr class="level-info info">
                                <td>02-15 14:12:50.690</td>
                                <td>info</td>
                                <td>TestRunner</td>
                                <td>&#9;at org.junit.runners.BlockJUnit4ClassRunner.runChild(BlockJUnit4ClassRunner.java:78)</td>
                            </tr>
                            <tr class="level-info info">
                                <td>02-15 14:12:50.690</td>
                                <td>info</td>
                                <td>TestRunner</td>
                                <td>&#9;at org.junit.runners.BlockJUnit4ClassRunner.runChild(BlockJUnit4ClassRunner.java:57)</td>
                            </tr>
                            <tr class="level-info info">
                                <td>02-15 14:12:50.690</td>
                                <td>info</td>
                                <td>TestRunner</td>
                                <td>&#9;at org.junit.runners.ParentRunner$3.run(ParentRunner.java:290)</td>
                            </tr>
                            <tr class="level-info info">
                                <td>02-15 14:12:50.690</td>
                                <td>info</td>
                                <td>TestRunner</td>
                                <td>&#9;at org.junit.runners.ParentRunner$1.schedule(ParentRunner.java:71)</td>
                            </tr>
                            <tr class="level-info info">
                                <td>02-15 14:12:50.690</td>
                                <td>info</td>
                                <td>TestRunner</td>
                                <td>&#9;at org.junit.runners.ParentRunner.runChildren(ParentRunner.java:288)</td>
                            </tr>
                            <tr class="level-info info">
                                <td>02-15 14:12:50.690</td>
                                <td>info</td>
                                <td>TestRunner</td>
                                <td>&#9;at org.junit.runners.ParentRunner.access$000(ParentRunner.java:58)</td>
                            </tr>
                            <tr class="level-info info">
                                <td>02-15 14:12:50.690</td>
                                <td>info</td>
                                <td>TestRunner</td>
                                <td>&#9;at org.junit.runners.ParentRunner$2.evaluate(ParentRunner.java:268)</td>
                            </tr>
                            <tr class="level-info info">
                                <td>02-15 14:12:50.690</td>
                                <td>info</td>
                                <td>TestRunner</td>
                                <td>&#9;at org.junit.runners.ParentRunner.run(ParentRunner.java:363)</td>
                            </tr>
                            <tr class="level-info info">
                                <td>02-15 14:12:50.690</td>
                                <td>info</td>
                                <td>TestRunner</td>
                                <td>&#9;at org.junit.runners.Suite.runChild(Suite.java:128)</td>
                            </tr>
                            <tr class="level-info info">
                                <td>02-15 14:12:50.690</td>
                                <td>info</td>
                                <td>TestRunner</td>
                                <td>&#9;at org.junit.runners.Suite.runChild(Suite.java:27)</td>
                            </tr>
                            <tr class="level-info info">
                                <td>02-15 14:12:50.690</td>
                                <td>info</td>
                                <td>TestRunner</td>
                                <td>&#9;at org.junit.runners.ParentRunner$3.run(ParentRunner.java:290)</td>
                            </tr>
                            <tr class="level-info info">
                                <td>02-15 14:12:50.690</td>
                                <td>info</td>
                                <td>TestRunner</td>
                                <td>&#9;at org.junit.runners.ParentRunner$1.schedule(ParentRunner.java:71)</td>
                            </tr>
                            <tr class="level-info info">
                                <td>02-15 14:12:50.690</td>
                                <td>info</td>
                                <td>TestRunner</td>
                                <td>&#9;at org.junit.runners.ParentRunner.runChildren(ParentRunner.java:288)</td>
                            </tr>
                            <tr class="level-info info">
                                <td>02-15 14:12:50.690</td>
                                <td>info</td>
                                <td>TestRunner</td>
                                <td>&#9;at org.junit.runners.ParentRunner.access$000(ParentRunner.java:58)</td>
                            </tr>
                            <tr class="level-info info">
                                <td>02-15 14:12:50.690</td>
                                <td>info</td>
                                <td>TestRunner</td>
                                <td>&#9;at org.junit.runners.ParentRunner$2.evaluate(ParentRunner.java:268)</td>
                            </tr>
                            <tr class="level-info info">
                                <td>02-15 14:12:50.690</td>
                                <td>info</td>
                                <td>TestRunner</td>
                                <td>&#9;at org.junit.runners.ParentRunner.run(ParentRunner.java:363)</td>
                            </tr>
                            <tr class="level-info info">
                                <td>02-15 14:12:50.690</td>
                                <td>info</td>
                                <td>TestRunner</td>
                                <td>&#9;at org.junit.runner.JUnitCore.run(JUnitCore.java:137)</td>
                            </tr>
                            <tr class="level-info info">
                                <td>02-15 14:12:50.690</td>
                                <td>info</td>
                                <td>TestRunner</td>
                                <td>&#9;at org.junit.runner.JUnitCore.run(JUnitCore.java:115)</td>
                            </tr>
                            <tr class="level-info info">
                                <td>02-15 14:12:50.690</td>
                                <td>info</td>
                                <td>TestRunner</td>
                                <td>&#9;at android.support.test.internal.runner.TestExecutor.execute(TestExecutor.java:59)</td>
                            </tr>
                            <tr class="level-info info">
                                <td>02-15 14:12:50.690</td>
                                <td>info</td>
                                <td>TestRunner</td>
                                <td>&#9;at android.support.test.runner.AndroidJUnitRunner.onStart(AndroidJUnitRunner.java:262)</td>
                            </tr>
                            <tr class="level-info info">
                                <td>02-15 14:12:50.690</td>
                                <td>info</td>
                                <td>TestRunner</td>
                                <td>&#9;at android.app.Instrumentation$InstrumentationThread.run(Instrumentation.java:1584)</td>
                            </tr>
                            <tr class="level-info info">
                                <td>02-15 14:12:50.690</td>
                                <td>info</td>
                                <td>TestRunner</td>
                                <td>Caused by: java.lang.RuntimeException: java.lang.RuntimeException: java.lang.reflect.InvocationTargetException</td>
                            </tr>
                            <tr class="level-info info">
                                <td>02-15 14:12:50.690</td>
                                <td>info</td>
                                <td>TestRunner</td>
                                <td>&#9;at com.facebook.testing.screenshot.internal.ScreenshotImpl.runCallableOnUiThread(ScreenshotImpl.java:323)</td>
                            </tr>
                            <tr class="level-info info">
                                <td>02-15 14:12:50.690</td>
                                <td>info</td>
                                <td>TestRunner</td>
                                <td>&#9;at com.facebook.testing.screenshot.internal.ScreenshotImpl.storeBitmap(ScreenshotImpl.java:128)</td>
                            </tr>
                            <tr class="level-info info">
                                <td>02-15 14:12:50.690</td>
                                <td>info</td>
                                <td>TestRunner</td>
                                <td>&#9;at com.facebook.testing.screenshot.internal.ScreenshotImpl.record(ScreenshotImpl.java:249)</td>
                            </tr>
                            <tr class="level-info info">
                                <td>02-15 14:12:50.690</td>
                                <td>info</td>
                                <td>TestRunner</td>
                                <td>&#9;at com.facebook.testing.screenshot.internal.RecordBuilderImpl.record(RecordBuilderImpl.java:150)</td>
                            </tr>
                            <tr class="level-info info">
                                <td>02-15 14:12:50.690</td>
                                <td>info</td>
                                <td>TestRunner</td>
                                <td>&#9;at org.wikipedia.test.view.ViewTest.snap(ViewTest.java:124)</td>
                            </tr>
                            <tr class="level-info info">
                                <td>02-15 14:12:50.690</td>
                                <td>info</td>
                                <td>TestRunner</td>
                                <td>&#9;at org.wikipedia.feed.announcement.AnnouncementCardViewTest.testFocus(AnnouncementCardViewTest.java:45)</td>
                            </tr>
                            <tr class="level-info info">
                                <td>02-15 14:12:50.690</td>
                                <td>info</td>
                                <td>TestRunner</td>
                                <td>&#9;at java.lang.reflect.Method.invokeNative(Native Method)</td>
                            </tr>
                            <tr class="level-info info">
                                <td>02-15 14:12:50.690</td>
                                <td>info</td>
                                <td>TestRunner</td>
                                <td>&#9;at java.lang.reflect.Method.invoke(Method.java:511)</td>
                            </tr>
                            <tr class="level-info info">
                                <td>02-15 14:12:50.690</td>
                                <td>info</td>
                                <td>TestRunner</td>
                                <td>&#9;at org.junit.runners.model.FrameworkMethod$1.runReflectiveCall(FrameworkMethod.java:50)</td>
                            </tr>
                            <tr class="level-info info">
                                <td>02-15 14:12:50.690</td>
                                <td>info</td>
                                <td>TestRunner</td>
                                <td>&#9;at org.junit.internal.runners.model.ReflectiveCallable.run(ReflectiveCallable.java:12)</td>
                            </tr>
                            <tr class="level-info info">
                                <td>02-15 14:12:50.690</td>
                                <td>info</td>
                                <td>TestRunner</td>
                                <td>&#9;at org.junit.runners.model.FrameworkMethod.invokeExplosively(FrameworkMethod.java:47)</td>
                            </tr>
                            <tr class="level-info info">
                                <td>02-15 14:12:50.690</td>
                                <td>info</td>
                                <td>TestRunner</td>
                                <td>&#9;at org.junit.experimental.theories.Theories$TheoryAnchor$2.evaluate(Theories.java:274)</td>
                            </tr>
                            <tr class="level-info info">
                                <td>02-15 14:12:50.690</td>
                                <td>info</td>
                                <td>TestRunner</td>
                                <td>&#9;at org.junit.experimental.theories.Theories$TheoryAnchor$1$1.evaluate(Theories.java:232)</td>
                            </tr>
                            <tr class="level-info info">
                                <td>02-15 14:12:50.690</td>
                                <td>info</td>
                                <td>TestRunner</td>
                                <td>&#9;... 27 more</td>
                            </tr>
                            <tr class="level-info info">
                                <td>02-15 14:12:50.690</td>
                                <td>info</td>
                                <td>TestRunner</td>
                                <td>Caused by: java.lang.RuntimeException: java.lang.reflect.InvocationTargetException</td>
                            </tr>
                            <tr class="level-info info">
                                <td>02-15 14:12:50.690</td>
                                <td>info</td>
                                <td>TestRunner</td>
                                <td>&#9;at com.facebook.testing.screenshot.WindowAttachment.invokeUnchecked(WindowAttachment.java:109)</td>
                            </tr>
                            <tr class="level-info info">
                                <td>02-15 14:12:50.690</td>
                                <td>info</td>
                                <td>TestRunner</td>
                                <td>&#9;at com.facebook.testing.screenshot.WindowAttachment.invokeUnchecked(WindowAttachment.java:115)</td>
                            </tr>
                            <tr class="level-info info">
                                <td>02-15 14:12:50.690</td>
                                <td>info</td>
                                <td>TestRunner</td>
                                <td>&#9;at com.facebook.testing.screenshot.WindowAttachment.invokeUnchecked(WindowAttachment.java:115)</td>
                            </tr>
                            <tr class="level-info info">
                                <td>02-15 14:12:50.690</td>
                                <td>info</td>
                                <td>TestRunner</td>
                                <td>&#9;at com.facebook.testing.screenshot.WindowAttachment.invokeUnchecked(WindowAttachment.java:115)</td>
                            </tr>
                            <tr class="level-info info">
                                <td>02-15 14:12:50.690</td>
                                <td>info</td>
                                <td>TestRunner</td>
                                <td>&#9;at com.facebook.testing.screenshot.WindowAttachment.invoke(Window</td>
                            </tr>
                            <tr class="level-info info">
                                <td>02-15 14:12:50.690</td>
                                <td>info</td>
                                <td>TestRunner</td>
                                <td>----- end exception -----</td>
                            </tr>
                            <tr class="level-info info">
                                <td>02-15 14:12:50.690</td>
                                <td>info</td>
                                <td>TestRunner</td>
                                <td>finished: testFocus(org.wikipedia.feed.announcement.AnnouncementCardViewTest)</td>
                            </tr>
                        </tbody>
                    </table>
                </div>
            </div>
        </div>
    </body>
</html>
