<?xml version='1.0' encoding='UTF-8' ?>
<testsuite name="org.wikipedia.test" tests="103" failures="33" errors="0" skipped="0" time="0.0" timestamp="2017-02-08T22:32:27" hostname="localhost">
  <properties />
  <testcase name="testSetOnShowPasswordListener" classname="android.support.design.widget.PasswordTextInputTest" time="0.026" />
  <testcase name="testIsPasswordVisible" classname="android.support.design.widget.PasswordTextInputTest" time="0.025" />
  <testcase name="testDOMLoaded" classname="org.wikipedia.bridge.CommunicationBridgeTest" time="0.05" />
  <testcase name="testPingBackHandling" classname="org.wikipedia.bridge.CommunicationBridgeTest" time="0.0" />
  <testcase name="testAppropriateThreadFinish" classname="org.wikipedia.concurrency.SaneAsyncTaskTest" time="0.0" />
  <testcase name="testAppropriateThreadException" classname="org.wikipedia.concurrency.SaneAsyncTaskTest" time="0.0" />
  <testcase name="testFinishHandling" classname="org.wikipedia.concurrency.SaneAsyncTaskTest" time="0.0" />
  <testcase name="testExceptionHandling" classname="org.wikipedia.concurrency.SaneAsyncTaskTest" time="0.0" />
  <testcase name="testLayoutDirection" classname="org.wikipedia.descriptions.DescriptionEditHelpViewTest" time="1.078" />
  <testcase name="testFocus" classname="org.wikipedia.descriptions.DescriptionEditHelpViewTest" time="0.038">
    <failure>org.junit.experimental.theories.internal.ParameterizedAssertionError: testFocus("LIGHT" &lt;from THEMES[0]&gt;)
at org.junit.experimental.theories.Theories$TheoryAnchor.reportParameterizedError(Theories.java:288)
at org.junit.experimental.theories.Theories$TheoryAnchor$1$1.evaluate(Theories.java:237)
at org.junit.experimental.theories.Theories$TheoryAnchor.runWithCompleteAssignment(Theories.java:218)
at org.junit.experimental.theories.Theories$TheoryAnchor.runWithAssignment(Theories.java:204)
at org.junit.experimental.theories.Theories$TheoryAnchor.runWithIncompleteAssignment(Theories.java:212)
at org.junit.experimental.theories.Theories$TheoryAnchor.runWithAssignment(Theories.java:202)
at org.junit.experimental.theories.Theories$TheoryAnchor.evaluate(Theories.java:187)
at org.junit.runners.ParentRunner.runLeaf(ParentRunner.java:325)
at org.junit.runners.BlockJUnit4ClassRunner.runChild(BlockJUnit4ClassRunner.java:78)
at org.junit.runners.BlockJUnit4ClassRunner.runChild(BlockJUnit4ClassRunner.java:57)
at org.junit.runners.ParentRunner$3.run(ParentRunner.java:290)
at org.junit.runners.ParentRunner$1.schedule(ParentRunner.java:71)
at org.junit.runners.ParentRunner.runChildren(ParentRunner.java:288)
at org.junit.runners.ParentRunner.access$000(ParentRunner.java:58)
at org.junit.runners.ParentRunner$2.evaluate(ParentRunner.java:268)
at org.junit.runners.ParentRunner.run(ParentRunner.java:363)
at org.junit.runners.Suite.runChild(Suite.java:128)
at org.junit.runners.Suite.runChild(Suite.java:27)
at org.junit.runners.ParentRunner$3.run(ParentRunner.java:290)
at org.junit.runners.ParentRunner$1.schedule(ParentRunner.java:71)
at org.junit.runners.ParentRunner.runChildren(ParentRunner.java:288)
at org.junit.runners.ParentRunner.access$000(ParentRunner.java:58)
at org.junit.runners.ParentRunner$2.evaluate(ParentRunner.java:268)
at org.junit.runners.ParentRunner.run(ParentRunner.java:363)
at org.junit.runner.JUnitCore.run(JUnitCore.java:137)
at org.junit.runner.JUnitCore.run(JUnitCore.java:115)
at android.support.test.internal.runner.TestExecutor.execute(TestExecutor.java:59)
at android.support.test.runner.AndroidJUnitRunner.onStart(AndroidJUnitRunner.java:262)
at android.app.Instrumentation$InstrumentationThread.run(Instrumentation.java:1584)
Caused by: java.lang.RuntimeException: java.lang.RuntimeException: java.lang.reflect.InvocationTargetException
at com.facebook.testing.screenshot.internal.ScreenshotImpl.runCallableOnUiThread(ScreenshotImpl.java:323)
at com.facebook.testing.screenshot.internal.ScreenshotImpl.storeBitmap(ScreenshotImpl.java:128)
at com.facebook.testing.screenshot.internal.ScreenshotImpl.record(ScreenshotImpl.java:249)
at com.facebook.testing.screenshot.internal.RecordBuilderImpl.record(RecordBuilderImpl.java:150)
at org.wikipedia.test.view.ViewTest.snap(ViewTest.java:124)
at org.wikipedia.descriptions.DescriptionEditHelpViewTest.testFocus(DescriptionEditHelpViewTest.java:40)
at java.lang.reflect.Method.invokeNative(Native Method)
at java.lang.reflect.Method.invoke(Method.java:511)
at org.junit.runners.model.FrameworkMethod$1.runReflectiveCall(FrameworkMethod.java:50)
at org.junit.internal.runners.model.ReflectiveCallable.run(ReflectiveCallable.java:12)
at org.junit.runners.model.FrameworkMethod.invokeExplosively(FrameworkMethod.java:47)
at org.junit.experimental.theories.Theories$TheoryAnchor$2.evaluate(Theories.java:274)
at org.junit.experimental.theories.Theories$TheoryAnchor$1$1.evaluate(Theories.java:232)
... 27 more
Caused by: java.lang.RuntimeException: java.lang.reflect.InvocationTargetException
at com.facebook.testing.screenshot.WindowAttachment.invokeUnchecked(WindowAttachment.java:109)
at com.facebook.testing.screenshot.WindowAttachment.invoke(WindowAttachment.java:100)
at com.facebook.testing.screenshot.WindowAttachment.dispatchAttach(WindowAttachment.java:64)
at com.facebook.testing.screenshot.internal.ScreenshotImpl.storeBitmap(ScreenshotImpl.java:153)
at com.facebook.testing.screenshot.internal.ScreenshotImpl.access$000(ScreenshotImpl.java:43)
at com.facebook.testing.screenshot.internal.ScreenshotImpl$2.call(ScreenshotImpl.java:131)
at com.facebook.testing.screenshot.internal.ScreenshotImpl$2.call(ScreenshotImpl.java:128)
at com.facebook.testing.screenshot.internal.ScreenshotImpl$3.run(ScreenshotImpl.java:305)
at android.os.Handler.handleCallback(Handler.java:615)
at android.os.Handler.dispatchMessage(Handler.java:92)
at android.os.Looper.loop(Looper.java:137)
at android.app.ActivityThread.main(ActivityThread.java:4745)
at java.lang.reflect.Method.invokeNative(Native Method)
at java.lang.reflect.Method.invoke(Method.java:511)
at com.android.internal.os.ZygoteInit$MethodAndArgsCaller.run(ZygoteInit.java:786)
at com.android.internal.os.ZygoteInit.main(ZygoteInit.java:553)
at dalvik.system.NativeStart.main(Native Method)
Caused by: java.lang.reflect.InvocationTargetException
at java.lang.reflect.Method.invokeNative(Native Method)
at java.lang.reflect.Method.invoke(Method.java:511)
at com.facebook.testing.screenshot.WindowAttachment.invokeUnchecked(WindowAttachment.java:107)
... 16 more
Caused by: java.lang.NullPointerException
at android.view.View.onAttachedToWindow(View.java:11448)
... 19 more
</failure>
  </testcase>
  <testcase name="testTheme" classname="org.wikipedia.descriptions.DescriptionEditHelpViewTest" time="0.201" />
  <testcase name="testWidth" classname="org.wikipedia.descriptions.DescriptionEditHelpViewTest" time="0.578" />
  <testcase name="testSetCallback" classname="org.wikipedia.descriptions.DescriptionEditHelpViewTest" time="0.025" />
  <testcase name="testLayoutDirection" classname="org.wikipedia.descriptions.DescriptionEditSuccessViewTest" time="0.001">
    <failure>org.junit.experimental.theories.internal.ParameterizedAssertionError: testLayoutDirection("locale" &lt;from LAYOUT_DIRECTIONS[0]&gt;)
at org.junit.experimental.theories.Theories$TheoryAnchor.reportParameterizedError(Theories.java:288)
at org.junit.experimental.theories.Theories$TheoryAnchor$1$1.evaluate(Theories.java:237)
at org.junit.experimental.theories.Theories$TheoryAnchor.runWithCompleteAssignment(Theories.java:218)
at org.junit.experimental.theories.Theories$TheoryAnchor.runWithAssignment(Theories.java:204)
at org.junit.experimental.theories.Theories$TheoryAnchor.runWithIncompleteAssignment(Theories.java:212)
at org.junit.experimental.theories.Theories$TheoryAnchor.runWithAssignment(Theories.java:202)
at org.junit.experimental.theories.Theories$TheoryAnchor.evaluate(Theories.java:187)
at org.junit.runners.ParentRunner.runLeaf(ParentRunner.java:325)
at org.junit.runners.BlockJUnit4ClassRunner.runChild(BlockJUnit4ClassRunner.java:78)
at org.junit.runners.BlockJUnit4ClassRunner.runChild(BlockJUnit4ClassRunner.java:57)
at org.junit.runners.ParentRunner$3.run(ParentRunner.java:290)
at org.junit.runners.ParentRunner$1.schedule(ParentRunner.java:71)
at org.junit.runners.ParentRunner.runChildren(ParentRunner.java:288)
at org.junit.runners.ParentRunner.access$000(ParentRunner.java:58)
at org.junit.runners.ParentRunner$2.evaluate(ParentRunner.java:268)
at org.junit.runners.ParentRunner.run(ParentRunner.java:363)
at org.junit.runners.Suite.runChild(Suite.java:128)
at org.junit.runners.Suite.runChild(Suite.java:27)
at org.junit.runners.ParentRunner$3.run(ParentRunner.java:290)
at org.junit.runners.ParentRunner$1.schedule(ParentRunner.java:71)
at org.junit.runners.ParentRunner.runChildren(ParentRunner.java:288)
at org.junit.runners.ParentRunner.access$000(ParentRunner.java:58)
at org.junit.runners.ParentRunner$2.evaluate(ParentRunner.java:268)
at org.junit.runners.ParentRunner.run(ParentRunner.java:363)
at org.junit.runner.JUnitCore.run(JUnitCore.java:137)
at org.junit.runner.JUnitCore.run(JUnitCore.java:115)
at android.support.test.internal.runner.TestExecutor.execute(TestExecutor.java:59)
at android.support.test.runner.AndroidJUnitRunner.onStart(AndroidJUnitRunner.java:262)
at android.app.Instrumentation$InstrumentationThread.run(Instrumentation.java:1584)
Caused by: android.content.res.Resources$NotFoundException: File res/drawable/ic_mode_edit_white_24dp.xml from drawable resource ID #0x7f0200a5
at android.content.res.Resources.loadDrawable(Resources.java:1923)
at android.content.res.Resources.getDrawable(Resources.java:659)
at android.support.v4.content.ContextCompat.getDrawable(ContextCompat.java:374)
at org.wikipedia.views.AppTextViewWithImages.getFormattedDrawable(AppTextViewWithImages.java:97)
at org.wikipedia.views.AppTextViewWithImages.makeImageSpan(AppTextViewWithImages.java:89)
at org.wikipedia.views.AppTextViewWithImages.getImageSpans(AppTextViewWithImages.java:61)
at org.wikipedia.views.AppTextViewWithImages.setTextWithDrawables(AppTextViewWithImages.java:55)
at org.wikipedia.descriptions.DescriptionEditSuccessView.setHintText(DescriptionEditSuccessView.java:59)
at org.wikipedia.descriptions.DescriptionEditSuccessView.init(DescriptionEditSuccessView.java:54)
at org.wikipedia.descriptions.DescriptionEditSuccessView.&lt;init&gt;(DescriptionEditSuccessView.java:28)
at org.wikipedia.descriptions.DescriptionEditSuccessViewTest.setUp(DescriptionEditSuccessViewTest.java:56)
at org.wikipedia.descriptions.DescriptionEditSuccessViewTest.testLayoutDirection(DescriptionEditSuccessViewTest.java:27)
at java.lang.reflect.Method.invokeNative(Native Method)
at java.lang.reflect.Method.invoke(Method.java:511)
at org.junit.runners.model.FrameworkMethod$1.runReflectiveCall(FrameworkMethod.java:50)
at org.junit.internal.runners.model.ReflectiveCallable.run(ReflectiveCallable.java:12)
at org.junit.runners.model.FrameworkMethod.invokeExplosively(FrameworkMethod.java:47)
at org.junit.experimental.theories.Theories$TheoryAnchor$2.evaluate(Theories.java:274)
at org.junit.experimental.theories.Theories$TheoryAnchor$1$1.evaluate(Theories.java:232)
... 27 more
Caused by: org.xmlpull.v1.XmlPullParserException: Binary XML file line #1: invalid drawable tag vector
at android.graphics.drawable.Drawable.createFromXmlInner(Drawable.java:877)
at android.graphics.drawable.Drawable.createFromXml(Drawable.java:818)
at android.content.res.Resources.loadDrawable(Resources.java:1920)
... 45 more
</failure>
  </testcase>
  <testcase name="testFocus" classname="org.wikipedia.descriptions.DescriptionEditSuccessViewTest" time="0.026">
    <failure>org.junit.experimental.theories.internal.ParameterizedAssertionError: testFocus("LIGHT" &lt;from THEMES[0]&gt;)
at org.junit.experimental.theories.Theories$TheoryAnchor.reportParameterizedError(Theories.java:288)
at org.junit.experimental.theories.Theories$TheoryAnchor$1$1.evaluate(Theories.java:237)
at org.junit.experimental.theories.Theories$TheoryAnchor.runWithCompleteAssignment(Theories.java:218)
at org.junit.experimental.theories.Theories$TheoryAnchor.runWithAssignment(Theories.java:204)
at org.junit.experimental.theories.Theories$TheoryAnchor.runWithIncompleteAssignment(Theories.java:212)
at org.junit.experimental.theories.Theories$TheoryAnchor.runWithAssignment(Theories.java:202)
at org.junit.experimental.theories.Theories$TheoryAnchor.evaluate(Theories.java:187)
at org.junit.runners.ParentRunner.runLeaf(ParentRunner.java:325)
at org.junit.runners.BlockJUnit4ClassRunner.runChild(BlockJUnit4ClassRunner.java:78)
at org.junit.runners.BlockJUnit4ClassRunner.runChild(BlockJUnit4ClassRunner.java:57)
at org.junit.runners.ParentRunner$3.run(ParentRunner.java:290)
at org.junit.runners.ParentRunner$1.schedule(ParentRunner.java:71)
at org.junit.runners.ParentRunner.runChildren(ParentRunner.java:288)
at org.junit.runners.ParentRunner.access$000(ParentRunner.java:58)
at org.junit.runners.ParentRunner$2.evaluate(ParentRunner.java:268)
at org.junit.runners.ParentRunner.run(ParentRunner.java:363)
at org.junit.runners.Suite.runChild(Suite.java:128)
at org.junit.runners.Suite.runChild(Suite.java:27)
at org.junit.runners.ParentRunner$3.run(ParentRunner.java:290)
at org.junit.runners.ParentRunner$1.schedule(ParentRunner.java:71)
at org.junit.runners.ParentRunner.runChildren(ParentRunner.java:288)
at org.junit.runners.ParentRunner.access$000(ParentRunner.java:58)
at org.junit.runners.ParentRunner$2.evaluate(ParentRunner.java:268)
at org.junit.runners.ParentRunner.run(ParentRunner.java:363)
at org.junit.runner.JUnitCore.run(JUnitCore.java:137)
at org.junit.runner.JUnitCore.run(JUnitCore.java:115)
at android.support.test.internal.runner.TestExecutor.execute(TestExecutor.java:59)
at android.support.test.runner.AndroidJUnitRunner.onStart(AndroidJUnitRunner.java:262)
at android.app.Instrumentation$InstrumentationThread.run(Instrumentation.java:1584)
Caused by: android.content.res.Resources$NotFoundException: File res/drawable/ic_mode_edit_white_24dp.xml from drawable resource ID #0x7f0200a5
at android.content.res.Resources.loadDrawable(Resources.java:1923)
at android.content.res.Resources.getDrawable(Resources.java:659)
at android.support.v4.content.ContextCompat.getDrawable(ContextCompat.java:374)
at org.wikipedia.views.AppTextViewWithImages.getFormattedDrawable(AppTextViewWithImages.java:97)
at org.wikipedia.views.AppTextViewWithImages.makeImageSpan(AppTextViewWithImages.java:89)
at org.wikipedia.views.AppTextViewWithImages.getImageSpans(AppTextViewWithImages.java:61)
at org.wikipedia.views.AppTextViewWithImages.setTextWithDrawables(AppTextViewWithImages.java:55)
at org.wikipedia.descriptions.DescriptionEditSuccessView.setHintText(DescriptionEditSuccessView.java:59)
at org.wikipedia.descriptions.DescriptionEditSuccessView.init(DescriptionEditSuccessView.java:54)
at org.wikipedia.descriptions.DescriptionEditSuccessView.&lt;init&gt;(DescriptionEditSuccessView.java:28)
at org.wikipedia.descriptions.DescriptionEditSuccessViewTest.setUp(DescriptionEditSuccessViewTest.java:56)
at org.wikipedia.descriptions.DescriptionEditSuccessViewTest.testFocus(DescriptionEditSuccessViewTest.java:37)
at java.lang.reflect.Method.invokeNative(Native Method)
at java.lang.reflect.Method.invoke(Method.java:511)
at org.junit.runners.model.FrameworkMethod$1.runReflectiveCall(FrameworkMethod.java:50)
at org.junit.internal.runners.model.ReflectiveCallable.run(ReflectiveCallable.java:12)
at org.junit.runners.model.FrameworkMethod.invokeExplosively(FrameworkMethod.java:47)
at org.junit.experimental.theories.Theories$TheoryAnchor$2.evaluate(Theories.java:274)
at org.junit.experimental.theories.Theories$TheoryAnchor$1$1.evaluate(Theories.java:232)
... 27 more
Caused by: org.xmlpull.v1.XmlPullParserException: Binary XML file line #1: invalid drawable tag vector
at android.graphics.drawable.Drawable.createFromXmlInner(Drawable.java:877)
at android.graphics.drawable.Drawable.createFromXml(Drawable.java:818)
at android.content.res.Resources.loadDrawable(Resources.java:1920)
... 45 more
</failure>
  </testcase>
  <testcase name="testTheme" classname="org.wikipedia.descriptions.DescriptionEditSuccessViewTest" time="0.001">
    <failure>org.junit.experimental.theories.internal.ParameterizedAssertionError: testTheme("LIGHT" &lt;from THEMES[0]&gt;)
at org.junit.experimental.theories.Theories$TheoryAnchor.reportParameterizedError(Theories.java:288)
at org.junit.experimental.theories.Theories$TheoryAnchor$1$1.evaluate(Theories.java:237)
at org.junit.experimental.theories.Theories$TheoryAnchor.runWithCompleteAssignment(Theories.java:218)
at org.junit.experimental.theories.Theories$TheoryAnchor.runWithAssignment(Theories.java:204)
at org.junit.experimental.theories.Theories$TheoryAnchor.runWithIncompleteAssignment(Theories.java:212)
at org.junit.experimental.theories.Theories$TheoryAnchor.runWithAssignment(Theories.java:202)
at org.junit.experimental.theories.Theories$TheoryAnchor.evaluate(Theories.java:187)
at org.junit.runners.ParentRunner.runLeaf(ParentRunner.java:325)
at org.junit.runners.BlockJUnit4ClassRunner.runChild(BlockJUnit4ClassRunner.java:78)
at org.junit.runners.BlockJUnit4ClassRunner.runChild(BlockJUnit4ClassRunner.java:57)
at org.junit.runners.ParentRunner$3.run(ParentRunner.java:290)
at org.junit.runners.ParentRunner$1.schedule(ParentRunner.java:71)
at org.junit.runners.ParentRunner.runChildren(ParentRunner.java:288)
at org.junit.runners.ParentRunner.access$000(ParentRunner.java:58)
at org.junit.runners.ParentRunner$2.evaluate(ParentRunner.java:268)
at org.junit.runners.ParentRunner.run(ParentRunner.java:363)
at org.junit.runners.Suite.runChild(Suite.java:128)
at org.junit.runners.Suite.runChild(Suite.java:27)
at org.junit.runners.ParentRunner$3.run(ParentRunner.java:290)
at org.junit.runners.ParentRunner$1.schedule(ParentRunner.java:71)
at org.junit.runners.ParentRunner.runChildren(ParentRunner.java:288)
at org.junit.runners.ParentRunner.access$000(ParentRunner.java:58)
at org.junit.runners.ParentRunner$2.evaluate(ParentRunner.java:268)
at org.junit.runners.ParentRunner.run(ParentRunner.java:363)
at org.junit.runner.JUnitCore.run(JUnitCore.java:137)
at org.junit.runner.JUnitCore.run(JUnitCore.java:115)
at android.support.test.internal.runner.TestExecutor.execute(TestExecutor.java:59)
at android.support.test.runner.AndroidJUnitRunner.onStart(AndroidJUnitRunner.java:262)
at android.app.Instrumentation$InstrumentationThread.run(Instrumentation.java:1584)
Caused by: android.content.res.Resources$NotFoundException: File res/drawable/ic_mode_edit_white_24dp.xml from drawable resource ID #0x7f0200a5
at android.content.res.Resources.loadDrawable(Resources.java:1923)
at android.content.res.Resources.getDrawable(Resources.java:659)
at android.support.v4.content.ContextCompat.getDrawable(ContextCompat.java:374)
at org.wikipedia.views.AppTextViewWithImages.getFormattedDrawable(AppTextViewWithImages.java:97)
at org.wikipedia.views.AppTextViewWithImages.makeImageSpan(AppTextViewWithImages.java:89)
at org.wikipedia.views.AppTextViewWithImages.getImageSpans(AppTextViewWithImages.java:61)
at org.wikipedia.views.AppTextViewWithImages.setTextWithDrawables(AppTextViewWithImages.java:55)
at org.wikipedia.descriptions.DescriptionEditSuccessView.setHintText(DescriptionEditSuccessView.java:59)
at org.wikipedia.descriptions.DescriptionEditSuccessView.init(DescriptionEditSuccessView.java:54)
at org.wikipedia.descriptions.DescriptionEditSuccessView.&lt;init&gt;(DescriptionEditSuccessView.java:28)
at org.wikipedia.descriptions.DescriptionEditSuccessViewTest.setUp(DescriptionEditSuccessViewTest.java:56)
at org.wikipedia.descriptions.DescriptionEditSuccessViewTest.testTheme(DescriptionEditSuccessViewTest.java:32)
at java.lang.reflect.Method.invokeNative(Native Method)
at java.lang.reflect.Method.invoke(Method.java:511)
at org.junit.runners.model.FrameworkMethod$1.runReflectiveCall(FrameworkMethod.java:50)
at org.junit.internal.runners.model.ReflectiveCallable.run(ReflectiveCallable.java:12)
at org.junit.runners.model.FrameworkMethod.invokeExplosively(FrameworkMethod.java:47)
at org.junit.experimental.theories.Theories$TheoryAnchor$2.evaluate(Theories.java:274)
at org.junit.experimental.theories.Theories$TheoryAnchor$1$1.evaluate(Theories.java:232)
... 27 more
Caused by: org.xmlpull.v1.XmlPullParserException: Binary XML file line #1: invalid drawable tag vector
at android.graphics.drawable.Drawable.createFromXmlInner(Drawable.java:877)
at android.graphics.drawable.Drawable.createFromXml(Drawable.java:818)
at android.content.res.Resources.loadDrawable(Resources.java:1920)
... 45 more
</failure>
  </testcase>
  <testcase name="testWidth" classname="org.wikipedia.descriptions.DescriptionEditSuccessViewTest" time="0.001">
    <failure>org.junit.experimental.theories.internal.ParameterizedAssertionError: testWidth("720" &lt;from ints&gt;, "default" &lt;from FONT_SCALES[0]&gt;)
at org.junit.experimental.theories.Theories$TheoryAnchor.reportParameterizedError(Theories.java:288)
at org.junit.experimental.theories.Theories$TheoryAnchor$1$1.evaluate(Theories.java:237)
at org.junit.experimental.theories.Theories$TheoryAnchor.runWithCompleteAssignment(Theories.java:218)
at org.junit.experimental.theories.Theories$TheoryAnchor.runWithAssignment(Theories.java:204)
at org.junit.experimental.theories.Theories$TheoryAnchor.runWithIncompleteAssignment(Theories.java:212)
at org.junit.experimental.theories.Theories$TheoryAnchor.runWithAssignment(Theories.java:202)
at org.junit.experimental.theories.Theories$TheoryAnchor.runWithIncompleteAssignment(Theories.java:212)
at org.junit.experimental.theories.Theories$TheoryAnchor.runWithAssignment(Theories.java:202)
at org.junit.experimental.theories.Theories$TheoryAnchor.evaluate(Theories.java:187)
at org.junit.runners.ParentRunner.runLeaf(ParentRunner.java:325)
at org.junit.runners.BlockJUnit4ClassRunner.runChild(BlockJUnit4ClassRunner.java:78)
at org.junit.runners.BlockJUnit4ClassRunner.runChild(BlockJUnit4ClassRunner.java:57)
at org.junit.runners.ParentRunner$3.run(ParentRunner.java:290)
at org.junit.runners.ParentRunner$1.schedule(ParentRunner.java:71)
at org.junit.runners.ParentRunner.runChildren(ParentRunner.java:288)
at org.junit.runners.ParentRunner.access$000(ParentRunner.java:58)
at org.junit.runners.ParentRunner$2.evaluate(ParentRunner.java:268)
at org.junit.runners.ParentRunner.run(ParentRunner.java:363)
at org.junit.runners.Suite.runChild(Suite.java:128)
at org.junit.runners.Suite.runChild(Suite.java:27)
at org.junit.runners.ParentRunner$3.run(ParentRunner.java:290)
at org.junit.runners.ParentRunner$1.schedule(ParentRunner.java:71)
at org.junit.runners.ParentRunner.runChildren(ParentRunner.java:288)
at org.junit.runners.ParentRunner.access$000(ParentRunner.java:58)
at org.junit.runners.ParentRunner$2.evaluate(ParentRunner.java:268)
at org.junit.runners.ParentRunner.run(ParentRunner.java:363)
at org.junit.runner.JUnitCore.run(JUnitCore.java:137)
at org.junit.runner.JUnitCore.run(JUnitCore.java:115)
at android.support.test.internal.runner.TestExecutor.execute(TestExecutor.java:59)
at android.support.test.runner.AndroidJUnitRunner.onStart(AndroidJUnitRunner.java:262)
at android.app.Instrumentation$InstrumentationThread.run(Instrumentation.java:1584)
Caused by: android.content.res.Resources$NotFoundException: File res/drawable/ic_mode_edit_white_24dp.xml from drawable resource ID #0x7f0200a5
at android.content.res.Resources.loadDrawable(Resources.java:1923)
at android.content.res.Resources.getDrawable(Resources.java:659)
at android.support.v4.content.ContextCompat.getDrawable(ContextCompat.java:374)
at org.wikipedia.views.AppTextViewWithImages.getFormattedDrawable(AppTextViewWithImages.java:97)
at org.wikipedia.views.AppTextViewWithImages.makeImageSpan(AppTextViewWithImages.java:89)
at org.wikipedia.views.AppTextViewWithImages.getImageSpans(AppTextViewWithImages.java:61)
at org.wikipedia.views.AppTextViewWithImages.setTextWithDrawables(AppTextViewWithImages.java:55)
at org.wikipedia.descriptions.DescriptionEditSuccessView.setHintText(DescriptionEditSuccessView.java:59)
at org.wikipedia.descriptions.DescriptionEditSuccessView.init(DescriptionEditSuccessView.java:54)
at org.wikipedia.descriptions.DescriptionEditSuccessView.&lt;init&gt;(DescriptionEditSuccessView.java:28)
at org.wikipedia.descriptions.DescriptionEditSuccessViewTest.setUp(DescriptionEditSuccessViewTest.java:56)
at org.wikipedia.descriptions.DescriptionEditSuccessViewTest.testWidth(DescriptionEditSuccessViewTest.java:22)
at java.lang.reflect.Method.invokeNative(Native Method)
at java.lang.reflect.Method.invoke(Method.java:511)
at org.junit.runners.model.FrameworkMethod$1.runReflectiveCall(FrameworkMethod.java:50)
at org.junit.internal.runners.model.ReflectiveCallable.run(ReflectiveCallable.java:12)
at org.junit.runners.model.FrameworkMethod.invokeExplosively(FrameworkMethod.java:47)
at org.junit.experimental.theories.Theories$TheoryAnchor$2.evaluate(Theories.java:274)
at org.junit.experimental.theories.Theories$TheoryAnchor$1$1.evaluate(Theories.java:232)
... 29 more
Caused by: org.xmlpull.v1.XmlPullParserException: Binary XML file line #1: invalid drawable tag vector
at android.graphics.drawable.Drawable.createFromXmlInner(Drawable.java:877)
at android.graphics.drawable.Drawable.createFromXml(Drawable.java:818)
at android.content.res.Resources.loadDrawable(Resources.java:1920)
... 47 more
</failure>
  </testcase>
  <testcase name="testSetCallback" classname="org.wikipedia.descriptions.DescriptionEditSuccessViewTest" time="0.026">
    <failure>org.junit.experimental.theories.internal.ParameterizedAssertionError: testSetCallback("false" &lt;from bools&gt;)
at org.junit.experimental.theories.Theories$TheoryAnchor.reportParameterizedError(Theories.java:288)
at org.junit.experimental.theories.Theories$TheoryAnchor$1$1.evaluate(Theories.java:237)
at org.junit.experimental.theories.Theories$TheoryAnchor.runWithCompleteAssignment(Theories.java:218)
at org.junit.experimental.theories.Theories$TheoryAnchor.runWithAssignment(Theories.java:204)
at org.junit.experimental.theories.Theories$TheoryAnchor.runWithIncompleteAssignment(Theories.java:212)
at org.junit.experimental.theories.Theories$TheoryAnchor.runWithAssignment(Theories.java:202)
at org.junit.experimental.theories.Theories$TheoryAnchor.evaluate(Theories.java:187)
at org.junit.runners.ParentRunner.runLeaf(ParentRunner.java:325)
at org.junit.runners.BlockJUnit4ClassRunner.runChild(BlockJUnit4ClassRunner.java:78)
at org.junit.runners.BlockJUnit4ClassRunner.runChild(BlockJUnit4ClassRunner.java:57)
at org.junit.runners.ParentRunner$3.run(ParentRunner.java:290)
at org.junit.runners.ParentRunner$1.schedule(ParentRunner.java:71)
at org.junit.runners.ParentRunner.runChildren(ParentRunner.java:288)
at org.junit.runners.ParentRunner.access$000(ParentRunner.java:58)
at org.junit.runners.ParentRunner$2.evaluate(ParentRunner.java:268)
at org.junit.runners.ParentRunner.run(ParentRunner.java:363)
at org.junit.runners.Suite.runChild(Suite.java:128)
at org.junit.runners.Suite.runChild(Suite.java:27)
at org.junit.runners.ParentRunner$3.run(ParentRunner.java:290)
at org.junit.runners.ParentRunner$1.schedule(ParentRunner.java:71)
at org.junit.runners.ParentRunner.runChildren(ParentRunner.java:288)
at org.junit.runners.ParentRunner.access$000(ParentRunner.java:58)
at org.junit.runners.ParentRunner$2.evaluate(ParentRunner.java:268)
at org.junit.runners.ParentRunner.run(ParentRunner.java:363)
at org.junit.runner.JUnitCore.run(JUnitCore.java:137)
at org.junit.runner.JUnitCore.run(JUnitCore.java:115)
at android.support.test.internal.runner.TestExecutor.execute(TestExecutor.java:59)
at android.support.test.runner.AndroidJUnitRunner.onStart(AndroidJUnitRunner.java:262)
at android.app.Instrumentation$InstrumentationThread.run(Instrumentation.java:1584)
Caused by: android.content.res.Resources$NotFoundException: File res/drawable/ic_mode_edit_white_24dp.xml from drawable resource ID #0x7f0200a5
at android.content.res.Resources.loadDrawable(Resources.java:1923)
at android.content.res.Resources.getDrawable(Resources.java:659)
at android.support.v4.content.ContextCompat.getDrawable(ContextCompat.java:374)
at org.wikipedia.views.AppTextViewWithImages.getFormattedDrawable(AppTextViewWithImages.java:97)
at org.wikipedia.views.AppTextViewWithImages.makeImageSpan(AppTextViewWithImages.java:89)
at org.wikipedia.views.AppTextViewWithImages.getImageSpans(AppTextViewWithImages.java:61)
at org.wikipedia.views.AppTextViewWithImages.setTextWithDrawables(AppTextViewWithImages.java:55)
at org.wikipedia.descriptions.DescriptionEditSuccessView.setHintText(DescriptionEditSuccessView.java:59)
at org.wikipedia.descriptions.DescriptionEditSuccessView.init(DescriptionEditSuccessView.java:54)
at org.wikipedia.descriptions.DescriptionEditSuccessView.&lt;init&gt;(DescriptionEditSuccessView.java:28)
at org.wikipedia.descriptions.DescriptionEditSuccessViewTest.setUp(DescriptionEditSuccessViewTest.java:56)
at org.wikipedia.descriptions.DescriptionEditSuccessViewTest.testSetCallback(DescriptionEditSuccessViewTest.java:43)
at java.lang.reflect.Method.invokeNative(Native Method)
at java.lang.reflect.Method.invoke(Method.java:511)
at org.junit.runners.model.FrameworkMethod$1.runReflectiveCall(FrameworkMethod.java:50)
at org.junit.internal.runners.model.ReflectiveCallable.run(ReflectiveCallable.java:12)
at org.junit.runners.model.FrameworkMethod.invokeExplosively(FrameworkMethod.java:47)
at org.junit.experimental.theories.Theories$TheoryAnchor$2.evaluate(Theories.java:274)
at org.junit.experimental.theories.Theories$TheoryAnchor$1$1.evaluate(Theories.java:232)
... 27 more
Caused by: org.xmlpull.v1.XmlPullParserException: Binary XML file line #1: invalid drawable tag vector
at android.graphics.drawable.Drawable.createFromXmlInner(Drawable.java:877)
at android.graphics.drawable.Drawable.createFromXml(Drawable.java:818)
at android.content.res.Resources.loadDrawable(Resources.java:1920)
... 45 more
</failure>
  </testcase>
  <testcase name="testLayoutDirection" classname="org.wikipedia.descriptions.DescriptionEditTutorialPageViewTest" time="0.377" />
  <testcase name="testFocus" classname="org.wikipedia.descriptions.DescriptionEditTutorialPageViewTest" time="0.001">
    <failure>org.junit.experimental.theories.internal.ParameterizedAssertionError: testFocus("LIGHT" &lt;from THEMES[0]&gt;)
at org.junit.experimental.theories.Theories$TheoryAnchor.reportParameterizedError(Theories.java:288)
at org.junit.experimental.theories.Theories$TheoryAnchor$1$1.evaluate(Theories.java:237)
at org.junit.experimental.theories.Theories$TheoryAnchor.runWithCompleteAssignment(Theories.java:218)
at org.junit.experimental.theories.Theories$TheoryAnchor.runWithAssignment(Theories.java:204)
at org.junit.experimental.theories.Theories$TheoryAnchor.runWithIncompleteAssignment(Theories.java:212)
at org.junit.experimental.theories.Theories$TheoryAnchor.runWithAssignment(Theories.java:202)
at org.junit.experimental.theories.Theories$TheoryAnchor.evaluate(Theories.java:187)
at org.junit.runners.ParentRunner.runLeaf(ParentRunner.java:325)
at org.junit.runners.BlockJUnit4ClassRunner.runChild(BlockJUnit4ClassRunner.java:78)
at org.junit.runners.BlockJUnit4ClassRunner.runChild(BlockJUnit4ClassRunner.java:57)
at org.junit.runners.ParentRunner$3.run(ParentRunner.java:290)
at org.junit.runners.ParentRunner$1.schedule(ParentRunner.java:71)
at org.junit.runners.ParentRunner.runChildren(ParentRunner.java:288)
at org.junit.runners.ParentRunner.access$000(ParentRunner.java:58)
at org.junit.runners.ParentRunner$2.evaluate(ParentRunner.java:268)
at org.junit.runners.ParentRunner.run(ParentRunner.java:363)
at org.junit.runners.Suite.runChild(Suite.java:128)
at org.junit.runners.Suite.runChild(Suite.java:27)
at org.junit.runners.ParentRunner$3.run(ParentRunner.java:290)
at org.junit.runners.ParentRunner$1.schedule(ParentRunner.java:71)
at org.junit.runners.ParentRunner.runChildren(ParentRunner.java:288)
at org.junit.runners.ParentRunner.access$000(ParentRunner.java:58)
at org.junit.runners.ParentRunner$2.evaluate(ParentRunner.java:268)
at org.junit.runners.ParentRunner.run(ParentRunner.java:363)
at org.junit.runner.JUnitCore.run(JUnitCore.java:137)
at org.junit.runner.JUnitCore.run(JUnitCore.java:115)
at android.support.test.internal.runner.TestExecutor.execute(TestExecutor.java:59)
at android.support.test.runner.AndroidJUnitRunner.onStart(AndroidJUnitRunner.java:262)
at android.app.Instrumentation$InstrumentationThread.run(Instrumentation.java:1584)
Caused by: java.lang.RuntimeException: java.lang.RuntimeException: java.lang.reflect.InvocationTargetException
at com.facebook.testing.screenshot.internal.ScreenshotImpl.runCallableOnUiThread(ScreenshotImpl.java:323)
at com.facebook.testing.screenshot.internal.ScreenshotImpl.storeBitmap(ScreenshotImpl.java:128)
at com.facebook.testing.screenshot.internal.ScreenshotImpl.record(ScreenshotImpl.java:249)
at com.facebook.testing.screenshot.internal.RecordBuilderImpl.record(RecordBuilderImpl.java:150)
at org.wikipedia.test.view.ViewTest.snap(ViewTest.java:124)
at org.wikipedia.descriptions.DescriptionEditTutorialPageViewTest.testFocus(DescriptionEditTutorialPageViewTest.java:52)
at java.lang.reflect.Method.invokeNative(Native Method)
at java.lang.reflect.Method.invoke(Method.java:511)
at org.junit.runners.model.FrameworkMethod$1.runReflectiveCall(FrameworkMethod.java:50)
at org.junit.internal.runners.model.ReflectiveCallable.run(ReflectiveCallable.java:12)
at org.junit.runners.model.FrameworkMethod.invokeExplosively(FrameworkMethod.java:47)
at org.junit.experimental.theories.Theories$TheoryAnchor$2.evaluate(Theories.java:274)
at org.junit.experimental.theories.Theories$TheoryAnchor$1$1.evaluate(Theories.java:232)
... 27 more
Caused by: java.lang.RuntimeException: java.lang.reflect.InvocationTargetException
at com.facebook.testing.screenshot.WindowAttachment.invokeUnchecked(WindowAttachment.java:109)
at com.facebook.testing.screenshot.WindowAttachment.invokeUnchecked(WindowAttachment.java:115)
at com.facebook.testing.screenshot.WindowAttachment.invokeUnchecked(WindowAttachment.java:115)
at com.facebook.testing.screenshot.WindowAttachment.invoke(WindowAttachment.java:100)
at com.facebook.testing.screenshot.WindowAttachment.dispatchAttach(WindowAttachment.java:64)
at com.facebook.testing.screenshot.internal.ScreenshotImpl.storeBitmap(ScreenshotImpl.java:153)
at com.facebook.testing.screenshot.internal.ScreenshotImpl.access$000(ScreenshotImpl.java:43)
at com.facebook.testing.screenshot.internal.ScreenshotImpl$2.call(ScreenshotImpl.java:131)
at com.facebook.testing.screenshot.internal.ScreenshotImpl$2.call(ScreenshotImpl.java:128)
at com.facebook.testing.screenshot.internal.ScreenshotImpl$3.run(ScreenshotImpl.java:305)
at android.os.Handler.handleCallback(Handler.java:615)
at android.os.Handler.dispatchMessage(Handler.java:92)
at android.os.Looper.loop(Looper.java:137)
at android.app.ActivityThread.main(ActivityThread.java:4745)
at java.lang.reflect.Method.invokeNative(Native Method)
at java.lang.reflect.Method.invoke(Method.java:511)
at com.android.internal.os.ZygoteInit$MethodAndArgsCaller.run(ZygoteInit.java:786)
at com.android.internal.os.ZygoteInit.main(ZygoteInit.java:553)
at dalvik.system.NativeStart.main(Native Method)
Caused by: java.lang.reflect.InvocationTargetException
at java.lang.reflect.Method.invokeNative(Native Method)
at java.lang.reflect.Method.invoke(Method.java:511)
at com.facebook.testing.screenshot.WindowAttachment.invokeUnchecked(WindowAttachment.java:107)
... 18 more
Caused by: java.lang.NullPointerException
at android.view.View.onAttachedToWindow(View.java:11448)
at android.widget.TextView.onAttachedToWindow(TextView.java:4448)
... 21 more
</failure>
  </testcase>
  <testcase name="testTheme" classname="org.wikipedia.descriptions.DescriptionEditTutorialPageViewTest" time="0.376" />
  <testcase name="testWidth" classname="org.wikipedia.descriptions.DescriptionEditTutorialPageViewTest" time="0.879" />
  <testcase name="testSetCallback" classname="org.wikipedia.descriptions.DescriptionEditTutorialPageViewTest" time="0.025" />
  <testcase name="testSetPageTitle" classname="org.wikipedia.descriptions.DescriptionEditViewTest" time="0.0" />
  <testcase name="testLayoutDirection" classname="org.wikipedia.descriptions.DescriptionEditViewTest" time="0.126" />
  <testcase name="testSetSaveState" classname="org.wikipedia.descriptions.DescriptionEditViewTest" time="0.0" />
  <testcase name="testFocus" classname="org.wikipedia.descriptions.DescriptionEditViewTest" time="0.025">
    <failure>org.junit.experimental.theories.internal.ParameterizedAssertionError: testFocus("LIGHT" &lt;from THEMES[0]&gt;, "false" &lt;from bools&gt;)
at org.junit.experimental.theories.Theories$TheoryAnchor.reportParameterizedError(Theories.java:288)
at org.junit.experimental.theories.Theories$TheoryAnchor$1$1.evaluate(Theories.java:237)
at org.junit.experimental.theories.Theories$TheoryAnchor.runWithCompleteAssignment(Theories.java:218)
at org.junit.experimental.theories.Theories$TheoryAnchor.runWithAssignment(Theories.java:204)
at org.junit.experimental.theories.Theories$TheoryAnchor.runWithIncompleteAssignment(Theories.java:212)
at org.junit.experimental.theories.Theories$TheoryAnchor.runWithAssignment(Theories.java:202)
at org.junit.experimental.theories.Theories$TheoryAnchor.runWithIncompleteAssignment(Theories.java:212)
at org.junit.experimental.theories.Theories$TheoryAnchor.runWithAssignment(Theories.java:202)
at org.junit.experimental.theories.Theories$TheoryAnchor.evaluate(Theories.java:187)
at org.junit.runners.ParentRunner.runLeaf(ParentRunner.java:325)
at org.junit.runners.BlockJUnit4ClassRunner.runChild(BlockJUnit4ClassRunner.java:78)
at org.junit.runners.BlockJUnit4ClassRunner.runChild(BlockJUnit4ClassRunner.java:57)
at org.junit.runners.ParentRunner$3.run(ParentRunner.java:290)
at org.junit.runners.ParentRunner$1.schedule(ParentRunner.java:71)
at org.junit.runners.ParentRunner.runChildren(ParentRunner.java:288)
at org.junit.runners.ParentRunner.access$000(ParentRunner.java:58)
at org.junit.runners.ParentRunner$2.evaluate(ParentRunner.java:268)
at org.junit.runners.ParentRunner.run(ParentRunner.java:363)
at org.junit.runners.Suite.runChild(Suite.java:128)
at org.junit.runners.Suite.runChild(Suite.java:27)
at org.junit.runners.ParentRunner$3.run(ParentRunner.java:290)
at org.junit.runners.ParentRunner$1.schedule(ParentRunner.java:71)
at org.junit.runners.ParentRunner.runChildren(ParentRunner.java:288)
at org.junit.runners.ParentRunner.access$000(ParentRunner.java:58)
at org.junit.runners.ParentRunner$2.evaluate(ParentRunner.java:268)
at org.junit.runners.ParentRunner.run(ParentRunner.java:363)
at org.junit.runner.JUnitCore.run(JUnitCore.java:137)
at org.junit.runner.JUnitCore.run(JUnitCore.java:115)
at android.support.test.internal.runner.TestExecutor.execute(TestExecutor.java:59)
at android.support.test.runner.AndroidJUnitRunner.onStart(AndroidJUnitRunner.java:262)
at android.app.Instrumentation$InstrumentationThread.run(Instrumentation.java:1584)
Caused by: java.lang.RuntimeException: java.lang.RuntimeException: java.lang.reflect.InvocationTargetException
at com.facebook.testing.screenshot.internal.ScreenshotImpl.runCallableOnUiThread(ScreenshotImpl.java:323)
at com.facebook.testing.screenshot.internal.ScreenshotImpl.storeBitmap(ScreenshotImpl.java:128)
at com.facebook.testing.screenshot.internal.ScreenshotImpl.record(ScreenshotImpl.java:249)
at com.facebook.testing.screenshot.internal.RecordBuilderImpl.record(RecordBuilderImpl.java:150)
at org.wikipedia.test.view.ViewTest.snap(ViewTest.java:124)
at org.wikipedia.descriptions.DescriptionEditViewTest.testFocus(DescriptionEditViewTest.java:56)
at java.lang.reflect.Method.invokeNative(Native Method)
at java.lang.reflect.Method.invoke(Method.java:511)
at org.junit.runners.model.FrameworkMethod$1.runReflectiveCall(FrameworkMethod.java:50)
at org.junit.internal.runners.model.ReflectiveCallable.run(ReflectiveCallable.java:12)
at org.junit.runners.model.FrameworkMethod.invokeExplosively(FrameworkMethod.java:47)
at org.junit.experimental.theories.Theories$TheoryAnchor$2.evaluate(Theories.java:274)
at org.junit.experimental.theories.Theories$TheoryAnchor$1$1.evaluate(Theories.java:232)
... 29 more
Caused by: java.lang.RuntimeException: java.lang.reflect.InvocationTargetException
at com.facebook.testing.screenshot.WindowAttachment.invokeUnchecked(WindowAttachment.java:109)
at com.facebook.testing.screenshot.WindowAttachment.invokeUnchecked(WindowAttachment.java:115)
at com.facebook.testing.screenshot.WindowAttachment.invokeUnchecked(WindowAttachment.java:115)
at com.facebook.testing.screenshot.WindowAttachment.invokeUnchecked(WindowAttachment.java:115)
at com.facebook.testing.screenshot.WindowAttachment.invokeUnchecked(WindowAttachment.java:115)
at com.facebook.testing.screenshot.WindowAttachment.invokeUnchecked(WindowAttachment.java:115)
at com.facebook.testing.screenshot.WindowAttachment.invoke(WindowAttachment.java:100)
at com.facebook.testing.screenshot.WindowAttachment.dispatchAttach(WindowAttachment.java:64)
at com.facebook.testing.screenshot.internal.ScreenshotImpl.storeBitmap(ScreenshotImpl.java:153)
at com.facebook.testing.screenshot.internal.ScreenshotImpl.access$000(ScreenshotImpl.java:43)
at com.facebook.testing.screenshot.internal.ScreenshotImpl$2.call(ScreenshotImpl.java:131)
at com.facebook.testing.screenshot.internal.ScreenshotImpl$2.call(ScreenshotImpl.java:128)
at com.facebook.testing.screenshot.internal.ScreenshotImpl$3.run(ScreenshotImpl.java:305)
at android.os.Handler.handleCallback(Handler.java:615)
at android.os.Handler.dispatchMessage(Handler.java:92)
at android.os.Looper.loop(Looper.java:137)
at android.app.ActivityThread.main(ActivityThread.java:4745)
at java.lang.reflect.Method.invokeNative(Native Method)
at java.lang.reflect.Method.invoke(Method.java:511)
at com.android.internal.os.ZygoteInit$MethodAndArgsCaller.run(ZygoteInit.java:786)
at com.android.internal.os.ZygoteInit.main(ZygoteInit.java:553)
at dalvik.system.NativeStart.main(Native Method)
Caused by: java.lang.reflect.InvocationTargetException
at java.lang.reflect.Method.invokeNative(Native Method)
at java.lang.reflect.Method.invoke(Method.java:511)
at com.facebook.testing.screenshot.WindowAttachment.invokeUnchecked(WindowAttachment.java:107)
... 21 more
Caused by: java.lang.NullPointerException
at android.view.View.onAttachedToWindow(View.java:11448)
at android.widget.TextView.onAttachedToWindow(TextView.java:4448)
... 24 more
</failure>
  </testcase>
  <testcase name="testTheme" classname="org.wikipedia.descriptions.DescriptionEditViewTest" time="0.226" />
  <testcase name="testWidth" classname="org.wikipedia.descriptions.DescriptionEditViewTest" time="22.308" />
  <testcase name="testSetDescription" classname="org.wikipedia.descriptions.DescriptionEditViewTest" time="0.0" />
  <testcase name="testGetDescription" classname="org.wikipedia.descriptions.DescriptionEditViewTest" time="0.025" />
  <testcase name="testSetCallback" classname="org.wikipedia.descriptions.DescriptionEditViewTest" time="0.025" />
  <testcase name="testSetTitle" classname="org.wikipedia.descriptions.DescriptionEditViewTest" time="0.0" />
  <testcase name="testSyntaxHighlight" classname="org.wikipedia.edit.richtext.SyntaxHighlighterTest" time="0.502" />
  <testcase name="testLayoutDirection" classname="org.wikipedia.feed.announcement.AnnouncementCardViewTest" time="0.151" />
  <testcase name="testFocus" classname="org.wikipedia.feed.announcement.AnnouncementCardViewTest" time="0.026">
    <failure>org.junit.experimental.theories.internal.ParameterizedAssertionError: testFocus("LIGHT" &lt;from THEMES[0]&gt;)
at org.junit.experimental.theories.Theories$TheoryAnchor.reportParameterizedError(Theories.java:288)
at org.junit.experimental.theories.Theories$TheoryAnchor$1$1.evaluate(Theories.java:237)
at org.junit.experimental.theories.Theories$TheoryAnchor.runWithCompleteAssignment(Theories.java:218)
at org.junit.experimental.theories.Theories$TheoryAnchor.runWithAssignment(Theories.java:204)
at org.junit.experimental.theories.Theories$TheoryAnchor.runWithIncompleteAssignment(Theories.java:212)
at org.junit.experimental.theories.Theories$TheoryAnchor.runWithAssignment(Theories.java:202)
at org.junit.experimental.theories.Theories$TheoryAnchor.evaluate(Theories.java:187)
at org.junit.runners.ParentRunner.runLeaf(ParentRunner.java:325)
at org.junit.runners.BlockJUnit4ClassRunner.runChild(BlockJUnit4ClassRunner.java:78)
at org.junit.runners.BlockJUnit4ClassRunner.runChild(BlockJUnit4ClassRunner.java:57)
at org.junit.runners.ParentRunner$3.run(ParentRunner.java:290)
at org.junit.runners.ParentRunner$1.schedule(ParentRunner.java:71)
at org.junit.runners.ParentRunner.runChildren(ParentRunner.java:288)
at org.junit.runners.ParentRunner.access$000(ParentRunner.java:58)
at org.junit.runners.ParentRunner$2.evaluate(ParentRunner.java:268)
at org.junit.runners.ParentRunner.run(ParentRunner.java:363)
at org.junit.runners.Suite.runChild(Suite.java:128)
at org.junit.runners.Suite.runChild(Suite.java:27)
at org.junit.runners.ParentRunner$3.run(ParentRunner.java:290)
at org.junit.runners.ParentRunner$1.schedule(ParentRunner.java:71)
at org.junit.runners.ParentRunner.runChildren(ParentRunner.java:288)
at org.junit.runners.ParentRunner.access$000(ParentRunner.java:58)
at org.junit.runners.ParentRunner$2.evaluate(ParentRunner.java:268)
at org.junit.runners.ParentRunner.run(ParentRunner.java:363)
at org.junit.runner.JUnitCore.run(JUnitCore.java:137)
at org.junit.runner.JUnitCore.run(JUnitCore.java:115)
at android.support.test.internal.runner.TestExecutor.execute(TestExecutor.java:59)
at android.support.test.runner.AndroidJUnitRunner.onStart(AndroidJUnitRunner.java:262)
at android.app.Instrumentation$InstrumentationThread.run(Instrumentation.java:1584)
Caused by: java.lang.RuntimeException: java.lang.RuntimeException: java.lang.reflect.InvocationTargetException
at com.facebook.testing.screenshot.internal.ScreenshotImpl.runCallableOnUiThread(ScreenshotImpl.java:323)
at com.facebook.testing.screenshot.internal.ScreenshotImpl.storeBitmap(ScreenshotImpl.java:128)
at com.facebook.testing.screenshot.internal.ScreenshotImpl.record(ScreenshotImpl.java:249)
at com.facebook.testing.screenshot.internal.RecordBuilderImpl.record(RecordBuilderImpl.java:150)
at org.wikipedia.test.view.ViewTest.snap(ViewTest.java:124)
at org.wikipedia.feed.announcement.AnnouncementCardViewTest.testFocus(AnnouncementCardViewTest.java:45)
at java.lang.reflect.Method.invokeNative(Native Method)
at java.lang.reflect.Method.invoke(Method.java:511)
at org.junit.runners.model.FrameworkMethod$1.runReflectiveCall(FrameworkMethod.java:50)
at org.junit.internal.runners.model.ReflectiveCallable.run(ReflectiveCallable.java:12)
at org.junit.runners.model.FrameworkMethod.invokeExplosively(FrameworkMethod.java:47)
at org.junit.experimental.theories.Theories$TheoryAnchor$2.evaluate(Theories.java:274)
at org.junit.experimental.theories.Theories$TheoryAnchor$1$1.evaluate(Theories.java:232)
... 27 more
Caused by: java.lang.RuntimeException: java.lang.reflect.InvocationTargetException
at com.facebook.testing.screenshot.WindowAttachment.invokeUnchecked(WindowAttachment.java:109)
at com.facebook.testing.screenshot.WindowAttachment.invokeUnchecked(WindowAttachment.java:115)
at com.facebook.testing.screenshot.WindowAttachment.invokeUnchecked(WindowAttachment.java:115)
at com.facebook.testing.screenshot.WindowAttachment.invokeUnchecked(WindowAttachment.java:115)
at com.facebook.testing.screenshot.WindowAttachment.invoke(WindowAttachment.java:100)
at com.facebook.testing.screenshot.WindowAttachment.dispatchAttach(WindowAttachment.java:64)
at com.facebook.testing.screenshot.internal.ScreenshotImpl.storeBitmap(ScreenshotImpl.java:153)
at com.facebook.testing.screenshot.internal.ScreenshotImpl.access$000(ScreenshotImpl.java:43)
at com.facebook.testing.screenshot.internal.ScreenshotImpl$2.call(ScreenshotImpl.java:131)
at com.facebook.testing.screenshot.internal.ScreenshotImpl$2.call(ScreenshotImpl.java:128)
at com.facebook.testing.screenshot.internal.ScreenshotImpl$3.run(ScreenshotImpl.java:305)
at android.os.Handler.handleCallback(Handler.java:615)
at android.os.Handler.dispatchMessage(Handler.java:92)
at android.os.Looper.loop(Looper.java:137)
at android.app.ActivityThread.main(ActivityThread.java:4745)
at java.lang.reflect.Method.invokeNative(Native Method)
at java.lang.reflect.Method.invoke(Method.java:511)
at com.android.internal.os.ZygoteInit$MethodAndArgsCaller.run(ZygoteInit.java:786)
at com.android.internal.os.ZygoteInit.main(ZygoteInit.java:553)
at dalvik.system.NativeStart.main(Native Method)
Caused by: java.lang.reflect.InvocationTargetException
at java.lang.reflect.Method.invokeNative(Native Method)
at java.lang.reflect.Method.invoke(Method.java:511)
at com.facebook.testing.screenshot.WindowAttachment.invokeUnchecked(WindowAttachment.java:107)
... 19 more
Caused by: java.lang.NullPointerException
at android.view.View.onAttachedToWindow(View.java:11448)
at android.widget.TextView.onAttachedToWindow(TextView.java:4448)
... 22 more
</failure>
  </testcase>
  <testcase name="testTheme" classname="org.wikipedia.feed.announcement.AnnouncementCardViewTest" time="0.1" />
  <testcase name="testWidth" classname="org.wikipedia.feed.announcement.AnnouncementCardViewTest" time="0.327" />
  <testcase name="testNoImage" classname="org.wikipedia.feed.announcement.AnnouncementCardViewTest" time="0.025" />
  <testcase name="testSetCard" classname="org.wikipedia.feed.becauseyouread.BecauseYouReadCardViewTest" time="0.025" />
  <testcase name="testLayoutDirection" classname="org.wikipedia.feed.becauseyouread.BecauseYouReadCardViewTest" time="0.026">
    <failure>org.junit.experimental.theories.internal.ParameterizedAssertionError: testLayoutDirection("locale" &lt;from LAYOUT_DIRECTIONS[0]&gt;)
at org.junit.experimental.theories.Theories$TheoryAnchor.reportParameterizedError(Theories.java:288)
at org.junit.experimental.theories.Theories$TheoryAnchor$1$1.evaluate(Theories.java:237)
at org.junit.experimental.theories.Theories$TheoryAnchor.runWithCompleteAssignment(Theories.java:218)
at org.junit.experimental.theories.Theories$TheoryAnchor.runWithAssignment(Theories.java:204)
at org.junit.experimental.theories.Theories$TheoryAnchor.runWithIncompleteAssignment(Theories.java:212)
at org.junit.experimental.theories.Theories$TheoryAnchor.runWithAssignment(Theories.java:202)
at org.junit.experimental.theories.Theories$TheoryAnchor.evaluate(Theories.java:187)
at org.junit.runners.ParentRunner.runLeaf(ParentRunner.java:325)
at org.junit.runners.BlockJUnit4ClassRunner.runChild(BlockJUnit4ClassRunner.java:78)
at org.junit.runners.BlockJUnit4ClassRunner.runChild(BlockJUnit4ClassRunner.java:57)
at org.junit.runners.ParentRunner$3.run(ParentRunner.java:290)
at org.junit.runners.ParentRunner$1.schedule(ParentRunner.java:71)
at org.junit.runners.ParentRunner.runChildren(ParentRunner.java:288)
at org.junit.runners.ParentRunner.access$000(ParentRunner.java:58)
at org.junit.runners.ParentRunner$2.evaluate(ParentRunner.java:268)
at org.junit.runners.ParentRunner.run(ParentRunner.java:363)
at org.junit.runners.Suite.runChild(Suite.java:128)
at org.junit.runners.Suite.runChild(Suite.java:27)
at org.junit.runners.ParentRunner$3.run(ParentRunner.java:290)
at org.junit.runners.ParentRunner$1.schedule(ParentRunner.java:71)
at org.junit.runners.ParentRunner.runChildren(ParentRunner.java:288)
at org.junit.runners.ParentRunner.access$000(ParentRunner.java:58)
at org.junit.runners.ParentRunner$2.evaluate(ParentRunner.java:268)
at org.junit.runners.ParentRunner.run(ParentRunner.java:363)
at org.junit.runner.JUnitCore.run(JUnitCore.java:137)
at org.junit.runner.JUnitCore.run(JUnitCore.java:115)
at android.support.test.internal.runner.TestExecutor.execute(TestExecutor.java:59)
at android.support.test.runner.AndroidJUnitRunner.onStart(AndroidJUnitRunner.java:262)
at android.app.Instrumentation$InstrumentationThread.run(Instrumentation.java:1584)
Caused by: android.view.InflateException: Binary XML file line #15: Error inflating class com.facebook.drawee.view.SimpleDraweeView
at android.view.LayoutInflater.createView(LayoutInflater.java:613)
at android.view.LayoutInflater.createViewFromTag(LayoutInflater.java:687)
at android.view.LayoutInflater.rInflate(LayoutInflater.java:746)
at android.view.LayoutInflater.rInflate(LayoutInflater.java:749)
at android.view.LayoutInflater.inflate(LayoutInflater.java:459)
at android.view.LayoutInflater.inflate(LayoutInflater.java:396)
at android.view.LayoutInflater.inflate(LayoutInflater.java:352)
at android.view.View.inflate(View.java:16119)
at org.wikipedia.feed.view.PageTitleListCardItemView.&lt;init&gt;(PageTitleListCardItemView.java:46)
at org.wikipedia.feed.view.PageTitleRecyclerAdapter.onCreateViewHolder(PageTitleRecyclerAdapter.java:19)
at org.wikipedia.feed.view.PageTitleRecyclerAdapter.onCreateViewHolder(PageTitleRecyclerAdapter.java:11)
at android.support.v7.widget.RecyclerView$Adapter.createViewHolder(RecyclerView.java:6078)
at android.support.v7.widget.RecyclerView$Recycler.getViewForPosition(RecyclerView.java:5248)
at android.support.v7.widget.RecyclerView$Recycler.getViewForPosition(RecyclerView.java:5158)
at android.support.v7.widget.LinearLayoutManager$LayoutState.next(LinearLayoutManager.java:2061)
at android.support.v7.widget.LinearLayoutManager.layoutChunk(LinearLayoutManager.java:1445)
at android.support.v7.widget.LinearLayoutManager.fill(LinearLayoutManager.java:1408)
at android.support.v7.widget.LinearLayoutManager.onLayoutChildren(LinearLayoutManager.java:580)
at android.support.v7.widget.RecyclerView.dispatchLayoutStep2(RecyclerView.java:3379)
at android.support.v7.widget.RecyclerView.onMeasure(RecyclerView.java:2906)
at android.view.View.measure(View.java:15172)
at android.widget.RelativeLayout.measureChildHorizontal(RelativeLayout.java:617)
at android.widget.RelativeLayout.onMeasure(RelativeLayout.java:399)
at android.view.View.measure(View.java:15172)
at android.view.ViewGroup.measureChildWithMargins(ViewGroup.java:4816)
at android.widget.FrameLayout.onMeasure(FrameLayout.java:310)
at android.support.v7.widget.CardView.onMeasure(CardView.java:209)
at android.view.View.measure(View.java:15172)
at com.facebook.testing.screenshot.ViewHelpers.layoutInternal(ViewHelpers.java:76)
at com.facebook.testing.screenshot.ViewHelpers.layout(ViewHelpers.java:66)
at org.wikipedia.test.view.ViewTest.snap(ViewTest.java:114)
at org.wikipedia.feed.becauseyouread.BecauseYouReadCardViewTest.testLayoutDirection(BecauseYouReadCardViewTest.java:62)
at java.lang.reflect.Method.invokeNative(Native Method)
at java.lang.reflect.Method.invoke(Method.java:511)
at org.junit.runners.model.FrameworkMethod$1.runReflectiveCall(FrameworkMethod.java:50)
at org.junit.internal.runners.model.ReflectiveCallable.run(ReflectiveCallable.java:12)
at org.junit.runners.model.FrameworkMethod.invokeExplosively(FrameworkMethod.java:47)
at org.junit.experimental.theories.Theories$TheoryAnchor$2.evaluate(Theories.java:274)
at org.junit.experimental.theories.Theories$TheoryAnchor$1$1.evaluate(Theories.java:232)
... 27 more
Caused by: java.lang.reflect.InvocationTargetException
at java.lang.reflect.Constructor.constructNative(Native Method)
at java.lang.reflect.Constructor.newInstance(Constructor.java:417)
at android.view.LayoutInflater.createView(LayoutInflater.java:587)
... 65 more
Caused by: android.content.res.Resources$NotFoundException: File res/drawable/ic_image_gray_24dp.xml from drawable resource ID #0x7f020099
at android.content.res.Resources.loadDrawable(Resources.java:1923)
at android.content.res.Resources.getDrawable(Resources.java:659)
at com.facebook.drawee.generic.GenericDraweeHierarchyInflater.getDrawable(GenericDraweeHierarchyInflater.java:227)
at com.facebook.drawee.generic.GenericDraweeHierarchyInflater.updateBuilder(GenericDraweeHierarchyInflater.java:116)
at com.facebook.drawee.generic.GenericDraweeHierarchyInflater.inflateBuilder(GenericDraweeHierarchyInflater.java:77)
at com.facebook.drawee.view.GenericDraweeView.inflateHierarchy(GenericDraweeView.java:58)
at com.facebook.drawee.view.GenericDraweeView.&lt;init&gt;(GenericDraweeView.java:43)
at com.facebook.drawee.view.SimpleDraweeView.&lt;init&gt;(SimpleDraweeView.java:62)
... 68 more
Caused by: org.xmlpull.v1.XmlPullParserException: Binary XML file line #1: invalid drawable tag vector
at android.graphics.drawable.Drawable.createFromXmlInner(Drawable.java:877)
at android.graphics.drawable.Drawable.createFromXml(Drawable.java:818)
at android.content.res.Resources.loadDrawable(Resources.java:1920)
... 75 more
</failure>
  </testcase>
  <testcase name="testFocus" classname="org.wikipedia.feed.becauseyouread.BecauseYouReadCardViewTest" time="0.026">
    <failure>org.junit.experimental.theories.internal.ParameterizedAssertionError: testFocus("LIGHT" &lt;from THEMES[0]&gt;)
at org.junit.experimental.theories.Theories$TheoryAnchor.reportParameterizedError(Theories.java:288)
at org.junit.experimental.theories.Theories$TheoryAnchor$1$1.evaluate(Theories.java:237)
at org.junit.experimental.theories.Theories$TheoryAnchor.runWithCompleteAssignment(Theories.java:218)
at org.junit.experimental.theories.Theories$TheoryAnchor.runWithAssignment(Theories.java:204)
at org.junit.experimental.theories.Theories$TheoryAnchor.runWithIncompleteAssignment(Theories.java:212)
at org.junit.experimental.theories.Theories$TheoryAnchor.runWithAssignment(Theories.java:202)
at org.junit.experimental.theories.Theories$TheoryAnchor.evaluate(Theories.java:187)
at org.junit.runners.ParentRunner.runLeaf(ParentRunner.java:325)
at org.junit.runners.BlockJUnit4ClassRunner.runChild(BlockJUnit4ClassRunner.java:78)
at org.junit.runners.BlockJUnit4ClassRunner.runChild(BlockJUnit4ClassRunner.java:57)
at org.junit.runners.ParentRunner$3.run(ParentRunner.java:290)
at org.junit.runners.ParentRunner$1.schedule(ParentRunner.java:71)
at org.junit.runners.ParentRunner.runChildren(ParentRunner.java:288)
at org.junit.runners.ParentRunner.access$000(ParentRunner.java:58)
at org.junit.runners.ParentRunner$2.evaluate(ParentRunner.java:268)
at org.junit.runners.ParentRunner.run(ParentRunner.java:363)
at org.junit.runners.Suite.runChild(Suite.java:128)
at org.junit.runners.Suite.runChild(Suite.java:27)
at org.junit.runners.ParentRunner$3.run(ParentRunner.java:290)
at org.junit.runners.ParentRunner$1.schedule(ParentRunner.java:71)
at org.junit.runners.ParentRunner.runChildren(ParentRunner.java:288)
at org.junit.runners.ParentRunner.access$000(ParentRunner.java:58)
at org.junit.runners.ParentRunner$2.evaluate(ParentRunner.java:268)
at org.junit.runners.ParentRunner.run(ParentRunner.java:363)
at org.junit.runner.JUnitCore.run(JUnitCore.java:137)
at org.junit.runner.JUnitCore.run(JUnitCore.java:115)
at android.support.test.internal.runner.TestExecutor.execute(TestExecutor.java:59)
at android.support.test.runner.AndroidJUnitRunner.onStart(AndroidJUnitRunner.java:262)
at android.app.Instrumentation$InstrumentationThread.run(Instrumentation.java:1584)
Caused by: android.view.InflateException: Binary XML file line #15: Error inflating class &lt;unknown&gt;
at android.view.LayoutInflater.createView(LayoutInflater.java:613)
at android.view.LayoutInflater.createViewFromTag(LayoutInflater.java:687)
at android.view.LayoutInflater.rInflate(LayoutInflater.java:746)
at android.view.LayoutInflater.rInflate(LayoutInflater.java:749)
at android.view.LayoutInflater.inflate(LayoutInflater.java:459)
at android.view.LayoutInflater.inflate(LayoutInflater.java:396)
at android.view.LayoutInflater.inflate(LayoutInflater.java:352)
at android.view.View.inflate(View.java:16119)
at org.wikipedia.feed.view.PageTitleListCardItemView.&lt;init&gt;(PageTitleListCardItemView.java:46)
at org.wikipedia.feed.view.PageTitleRecyclerAdapter.onCreateViewHolder(PageTitleRecyclerAdapter.java:19)
at org.wikipedia.feed.view.PageTitleRecyclerAdapter.onCreateViewHolder(PageTitleRecyclerAdapter.java:11)
at android.support.v7.widget.RecyclerView$Adapter.createViewHolder(RecyclerView.java:6078)
at android.support.v7.widget.RecyclerView$Recycler.getViewForPosition(RecyclerView.java:5248)
at android.support.v7.widget.RecyclerView$Recycler.getViewForPosition(RecyclerView.java:5158)
at android.support.v7.widget.LinearLayoutManager$LayoutState.next(LinearLayoutManager.java:2061)
at android.support.v7.widget.LinearLayoutManager.layoutChunk(LinearLayoutManager.java:1445)
at android.support.v7.widget.LinearLayoutManager.fill(LinearLayoutManager.java:1408)
at android.support.v7.widget.LinearLayoutManager.onLayoutChildren(LinearLayoutManager.java:580)
at android.support.v7.widget.RecyclerView.dispatchLayoutStep2(RecyclerView.java:3379)
at android.support.v7.widget.RecyclerView.onMeasure(RecyclerView.java:2906)
at android.view.View.measure(View.java:15172)
at android.widget.RelativeLayout.measureChildHorizontal(RelativeLayout.java:617)
at android.widget.RelativeLayout.onMeasure(RelativeLayout.java:399)
at android.view.View.measure(View.java:15172)
at android.view.ViewGroup.measureChildWithMargins(ViewGroup.java:4816)
at android.widget.FrameLayout.onMeasure(FrameLayout.java:310)
at android.support.v7.widget.CardView.onMeasure(CardView.java:209)
at android.view.View.measure(View.java:15172)
at com.facebook.testing.screenshot.ViewHelpers.layoutInternal(ViewHelpers.java:76)
at com.facebook.testing.screenshot.ViewHelpers.layout(ViewHelpers.java:66)
at org.wikipedia.test.view.ViewTest.snap(ViewTest.java:114)
at org.wikipedia.feed.becauseyouread.BecauseYouReadCardViewTest.testFocus(BecauseYouReadCardViewTest.java:75)
at java.lang.reflect.Method.invokeNative(Native Method)
at java.lang.reflect.Method.invoke(Method.java:511)
at org.junit.runners.model.FrameworkMethod$1.runReflectiveCall(FrameworkMethod.java:50)
at org.junit.internal.runners.model.ReflectiveCallable.run(ReflectiveCallable.java:12)
at org.junit.runners.model.FrameworkMethod.invokeExplosively(FrameworkMethod.java:47)
at org.junit.experimental.theories.Theories$TheoryAnchor$2.evaluate(Theories.java:274)
at org.junit.experimental.theories.Theories$TheoryAnchor$1$1.evaluate(Theories.java:232)
... 27 more
Caused by: java.lang.reflect.InvocationTargetException
at java.lang.reflect.Constructor.constructNative(Native Method)
at java.lang.reflect.Constructor.newInstance(Constructor.java:417)
at android.view.LayoutInflater.createView(LayoutInflater.java:587)
... 65 more
Caused by: android.content.res.Resources$NotFoundException: File res/drawable/ic_image_gray_24dp.xml from drawable resource ID #0x7f020099
at android.content.res.Resources.loadDrawable(Resources.java:1923)
at android.content.res.Resources.getDrawable(Resources.java:659)
at com.facebook.drawee.generic.GenericDraweeHierarchyInflater.getDrawable(GenericDraweeHierarchyInflater.java:227)
at com.facebook.drawee.generic.GenericDraweeHierarchyInflater.updateBuilder(GenericDraweeHierarchyInflater.java:116)
at com.facebook.drawee.generic.GenericDraweeHierarchyInflater.inflateBuilder(GenericDraweeHierarchyInflater.java:77)
at com.facebook.drawee.view.GenericDraweeView.inflateHierarchy(GenericDraweeView.java:58)
at com.facebook.drawee.view.GenericDraweeView.&lt;init&gt;(GenericDraweeView.java:43)
at com.facebook.drawee.view.SimpleDraweeView.&lt;init&gt;(SimpleDraweeView.java:62)
... 68 more
Caused by: org.xmlpull.v1.XmlPullParserException: Binary XML file line #1: invalid drawable tag vector
at android.graphics.drawable.Drawable.createFromXmlInner(Drawable.java:877)
at android.graphics.drawable.Drawable.createFromXml(Drawable.java:818)
at android.content.res.Resources.loadDrawable(Resources.java:1920)
... 75 more
</failure>
  </testcase>
  <testcase name="testTheme" classname="org.wikipedia.feed.becauseyouread.BecauseYouReadCardViewTest" time="0.026">
    <failure>org.junit.experimental.theories.internal.ParameterizedAssertionError: testTheme("LIGHT" &lt;from THEMES[0]&gt;)
at org.junit.experimental.theories.Theories$TheoryAnchor.reportParameterizedError(Theories.java:288)
at org.junit.experimental.theories.Theories$TheoryAnchor$1$1.evaluate(Theories.java:237)
at org.junit.experimental.theories.Theories$TheoryAnchor.runWithCompleteAssignment(Theories.java:218)
at org.junit.experimental.theories.Theories$TheoryAnchor.runWithAssignment(Theories.java:204)
at org.junit.experimental.theories.Theories$TheoryAnchor.runWithIncompleteAssignment(Theories.java:212)
at org.junit.experimental.theories.Theories$TheoryAnchor.runWithAssignment(Theories.java:202)
at org.junit.experimental.theories.Theories$TheoryAnchor.evaluate(Theories.java:187)
at org.junit.runners.ParentRunner.runLeaf(ParentRunner.java:325)
at org.junit.runners.BlockJUnit4ClassRunner.runChild(BlockJUnit4ClassRunner.java:78)
at org.junit.runners.BlockJUnit4ClassRunner.runChild(BlockJUnit4ClassRunner.java:57)
at org.junit.runners.ParentRunner$3.run(ParentRunner.java:290)
at org.junit.runners.ParentRunner$1.schedule(ParentRunner.java:71)
at org.junit.runners.ParentRunner.runChildren(ParentRunner.java:288)
at org.junit.runners.ParentRunner.access$000(ParentRunner.java:58)
at org.junit.runners.ParentRunner$2.evaluate(ParentRunner.java:268)
at org.junit.runners.ParentRunner.run(ParentRunner.java:363)
at org.junit.runners.Suite.runChild(Suite.java:128)
at org.junit.runners.Suite.runChild(Suite.java:27)
at org.junit.runners.ParentRunner$3.run(ParentRunner.java:290)
at org.junit.runners.ParentRunner$1.schedule(ParentRunner.java:71)
at org.junit.runners.ParentRunner.runChildren(ParentRunner.java:288)
at org.junit.runners.ParentRunner.access$000(ParentRunner.java:58)
at org.junit.runners.ParentRunner$2.evaluate(ParentRunner.java:268)
at org.junit.runners.ParentRunner.run(ParentRunner.java:363)
at org.junit.runner.JUnitCore.run(JUnitCore.java:137)
at org.junit.runner.JUnitCore.run(JUnitCore.java:115)
at android.support.test.internal.runner.TestExecutor.execute(TestExecutor.java:59)
at android.support.test.runner.AndroidJUnitRunner.onStart(AndroidJUnitRunner.java:262)
at android.app.Instrumentation$InstrumentationThread.run(Instrumentation.java:1584)
Caused by: android.view.InflateException: Binary XML file line #15: Error inflating class &lt;unknown&gt;
at android.view.LayoutInflater.createView(LayoutInflater.java:613)
at android.view.LayoutInflater.createViewFromTag(LayoutInflater.java:687)
at android.view.LayoutInflater.rInflate(LayoutInflater.java:746)
at android.view.LayoutInflater.rInflate(LayoutInflater.java:749)
at android.view.LayoutInflater.inflate(LayoutInflater.java:459)
at android.view.LayoutInflater.inflate(LayoutInflater.java:396)
at android.view.LayoutInflater.inflate(LayoutInflater.java:352)
at android.view.View.inflate(View.java:16119)
at org.wikipedia.feed.view.PageTitleListCardItemView.&lt;init&gt;(PageTitleListCardItemView.java:46)
at org.wikipedia.feed.view.PageTitleRecyclerAdapter.onCreateViewHolder(PageTitleRecyclerAdapter.java:19)
at org.wikipedia.feed.view.PageTitleRecyclerAdapter.onCreateViewHolder(PageTitleRecyclerAdapter.java:11)
at android.support.v7.widget.RecyclerView$Adapter.createViewHolder(RecyclerView.java:6078)
at android.support.v7.widget.RecyclerView$Recycler.getViewForPosition(RecyclerView.java:5248)
at android.support.v7.widget.RecyclerView$Recycler.getViewForPosition(RecyclerView.java:5158)
at android.support.v7.widget.LinearLayoutManager$LayoutState.next(LinearLayoutManager.java:2061)
at android.support.v7.widget.LinearLayoutManager.layoutChunk(LinearLayoutManager.java:1445)
at android.support.v7.widget.LinearLayoutManager.fill(LinearLayoutManager.java:1408)
at android.support.v7.widget.LinearLayoutManager.onLayoutChildren(LinearLayoutManager.java:580)
at android.support.v7.widget.RecyclerView.dispatchLayoutStep2(RecyclerView.java:3379)
at android.support.v7.widget.RecyclerView.onMeasure(RecyclerView.java:2906)
at android.view.View.measure(View.java:15172)
at android.widget.RelativeLayout.measureChildHorizontal(RelativeLayout.java:617)
at android.widget.RelativeLayout.onMeasure(RelativeLayout.java:399)
at android.view.View.measure(View.java:15172)
at android.view.ViewGroup.measureChildWithMargins(ViewGroup.java:4816)
at android.widget.FrameLayout.onMeasure(FrameLayout.java:310)
at android.support.v7.widget.CardView.onMeasure(CardView.java:209)
at android.view.View.measure(View.java:15172)
at com.facebook.testing.screenshot.ViewHelpers.layoutInternal(ViewHelpers.java:76)
at com.facebook.testing.screenshot.ViewHelpers.layout(ViewHelpers.java:66)
at org.wikipedia.test.view.ViewTest.snap(ViewTest.java:114)
at org.wikipedia.feed.becauseyouread.BecauseYouReadCardViewTest.testTheme(BecauseYouReadCardViewTest.java:68)
at java.lang.reflect.Method.invokeNative(Native Method)
at java.lang.reflect.Method.invoke(Method.java:511)
at org.junit.runners.model.FrameworkMethod$1.runReflectiveCall(FrameworkMethod.java:50)
at org.junit.internal.runners.model.ReflectiveCallable.run(ReflectiveCallable.java:12)
at org.junit.runners.model.FrameworkMethod.invokeExplosively(FrameworkMethod.java:47)
at org.junit.experimental.theories.Theories$TheoryAnchor$2.evaluate(Theories.java:274)
at org.junit.experimental.theories.Theories$TheoryAnchor$1$1.evaluate(Theories.java:232)
... 27 more
Caused by: java.lang.reflect.InvocationTargetException
at java.lang.reflect.Constructor.constructNative(Native Method)
at java.lang.reflect.Constructor.newInstance(Constructor.java:417)
at android.view.LayoutInflater.createView(LayoutInflater.java:587)
... 65 more
Caused by: android.content.res.Resources$NotFoundException: File res/drawable/ic_image_gray_24dp.xml from drawable resource ID #0x7f020099
at android.content.res.Resources.loadDrawable(Resources.java:1923)
at android.content.res.Resources.getDrawable(Resources.java:659)
at com.facebook.drawee.generic.GenericDraweeHierarchyInflater.getDrawable(GenericDraweeHierarchyInflater.java:227)
at com.facebook.drawee.generic.GenericDraweeHierarchyInflater.updateBuilder(GenericDraweeHierarchyInflater.java:116)
at com.facebook.drawee.generic.GenericDraweeHierarchyInflater.inflateBuilder(GenericDraweeHierarchyInflater.java:77)
at com.facebook.drawee.view.GenericDraweeView.inflateHierarchy(GenericDraweeView.java:58)
at com.facebook.drawee.view.GenericDraweeView.&lt;init&gt;(GenericDraweeView.java:43)
at com.facebook.drawee.view.SimpleDraweeView.&lt;init&gt;(SimpleDraweeView.java:62)
... 68 more
Caused by: org.xmlpull.v1.XmlPullParserException: Binary XML file line #1: invalid drawable tag vector
at android.graphics.drawable.Drawable.createFromXmlInner(Drawable.java:877)
at android.graphics.drawable.Drawable.createFromXml(Drawable.java:818)
at android.content.res.Resources.loadDrawable(Resources.java:1920)
... 75 more
</failure>
  </testcase>
  <testcase name="testWidth" classname="org.wikipedia.feed.becauseyouread.BecauseYouReadCardViewTest" time="0.126">
    <failure>org.junit.experimental.theories.internal.ParameterizedAssertionError: testWidth("480" &lt;from ints&gt;, "default" &lt;from FONT_SCALES[0]&gt;, "null" &lt;from PRIMARY_STRS[0]&gt;, "null" &lt;from SECONDARY_STRS[0]&gt;, "1" &lt;from ints&gt;)
at org.junit.experimental.theories.Theories$TheoryAnchor.reportParameterizedError(Theories.java:288)
at org.junit.experimental.theories.Theories$TheoryAnchor$1$1.evaluate(Theories.java:237)
at org.junit.experimental.theories.Theories$TheoryAnchor.runWithCompleteAssignment(Theories.java:218)
at org.junit.experimental.theories.Theories$TheoryAnchor.runWithAssignment(Theories.java:204)
at org.junit.experimental.theories.Theories$TheoryAnchor.runWithIncompleteAssignment(Theories.java:212)
at org.junit.experimental.theories.Theories$TheoryAnchor.runWithAssignment(Theories.java:202)
at org.junit.experimental.theories.Theories$TheoryAnchor.runWithIncompleteAssignment(Theories.java:212)
at org.junit.experimental.theories.Theories$TheoryAnchor.runWithAssignment(Theories.java:202)
at org.junit.experimental.theories.Theories$TheoryAnchor.runWithIncompleteAssignment(Theories.java:212)
at org.junit.experimental.theories.Theories$TheoryAnchor.runWithAssignment(Theories.java:202)
at org.junit.experimental.theories.Theories$TheoryAnchor.runWithIncompleteAssignment(Theories.java:212)
at org.junit.experimental.theories.Theories$TheoryAnchor.runWithAssignment(Theories.java:202)
at org.junit.experimental.theories.Theories$TheoryAnchor.runWithIncompleteAssignment(Theories.java:212)
at org.junit.experimental.theories.Theories$TheoryAnchor.runWithAssignment(Theories.java:202)
at org.junit.experimental.theories.Theories$TheoryAnchor.evaluate(Theories.java:187)
at org.junit.runners.ParentRunner.runLeaf(ParentRunner.java:325)
at org.junit.runners.BlockJUnit4ClassRunner.runChild(BlockJUnit4ClassRunner.java:78)
at org.junit.runners.BlockJUnit4ClassRunner.runChild(BlockJUnit4ClassRunner.java:57)
at org.junit.runners.ParentRunner$3.run(ParentRunner.java:290)
at org.junit.runners.ParentRunner$1.schedule(ParentRunner.java:71)
at org.junit.runners.ParentRunner.runChildren(ParentRunner.java:288)
at org.junit.runners.ParentRunner.access$000(ParentRunner.java:58)
at org.junit.runners.ParentRunner$2.evaluate(ParentRunner.java:268)
at org.junit.runners.ParentRunner.run(ParentRunner.java:363)
at org.junit.runners.Suite.runChild(Suite.java:128)
at org.junit.runners.Suite.runChild(Suite.java:27)
at org.junit.runners.ParentRunner$3.run(ParentRunner.java:290)
at org.junit.runners.ParentRunner$1.schedule(ParentRunner.java:71)
at org.junit.runners.ParentRunner.runChildren(ParentRunner.java:288)
at org.junit.runners.ParentRunner.access$000(ParentRunner.java:58)
at org.junit.runners.ParentRunner$2.evaluate(ParentRunner.java:268)
at org.junit.runners.ParentRunner.run(ParentRunner.java:363)
at org.junit.runner.JUnitCore.run(JUnitCore.java:137)
at org.junit.runner.JUnitCore.run(JUnitCore.java:115)
at android.support.test.internal.runner.TestExecutor.execute(TestExecutor.java:59)
at android.support.test.runner.AndroidJUnitRunner.onStart(AndroidJUnitRunner.java:262)
at android.app.Instrumentation$InstrumentationThread.run(Instrumentation.java:1584)
Caused by: android.view.InflateException: Binary XML file line #15: Error inflating class &lt;unknown&gt;
at android.view.LayoutInflater.createView(LayoutInflater.java:613)
at android.view.LayoutInflater.createViewFromTag(LayoutInflater.java:687)
at android.view.LayoutInflater.rInflate(LayoutInflater.java:746)
at android.view.LayoutInflater.rInflate(LayoutInflater.java:749)
at android.view.LayoutInflater.inflate(LayoutInflater.java:459)
at android.view.LayoutInflater.inflate(LayoutInflater.java:396)
at android.view.LayoutInflater.inflate(LayoutInflater.java:352)
at android.view.View.inflate(View.java:16119)
at org.wikipedia.feed.view.PageTitleListCardItemView.&lt;init&gt;(PageTitleListCardItemView.java:46)
at org.wikipedia.feed.view.PageTitleRecyclerAdapter.onCreateViewHolder(PageTitleRecyclerAdapter.java:19)
at org.wikipedia.feed.view.PageTitleRecyclerAdapter.onCreateViewHolder(PageTitleRecyclerAdapter.java:11)
at android.support.v7.widget.RecyclerView$Adapter.createViewHolder(RecyclerView.java:6078)
at android.support.v7.widget.RecyclerView$Recycler.getViewForPosition(RecyclerView.java:5248)
at android.support.v7.widget.RecyclerView$Recycler.getViewForPosition(RecyclerView.java:5158)
at android.support.v7.widget.LinearLayoutManager$LayoutState.next(LinearLayoutManager.java:2061)
at android.support.v7.widget.LinearLayoutManager.layoutChunk(LinearLayoutManager.java:1445)
at android.support.v7.widget.LinearLayoutManager.fill(LinearLayoutManager.java:1408)
at android.support.v7.widget.LinearLayoutManager.onLayoutChildren(LinearLayoutManager.java:580)
at android.support.v7.widget.RecyclerView.dispatchLayoutStep2(RecyclerView.java:3379)
at android.support.v7.widget.RecyclerView.onMeasure(RecyclerView.java:2906)
at android.view.View.measure(View.java:15172)
at android.widget.RelativeLayout.measureChildHorizontal(RelativeLayout.java:617)
at android.widget.RelativeLayout.onMeasure(RelativeLayout.java:399)
at android.view.View.measure(View.java:15172)
at android.view.ViewGroup.measureChildWithMargins(ViewGroup.java:4816)
at android.widget.FrameLayout.onMeasure(FrameLayout.java:310)
at android.support.v7.widget.CardView.onMeasure(CardView.java:209)
at android.view.View.measure(View.java:15172)
at com.facebook.testing.screenshot.ViewHelpers.layoutInternal(ViewHelpers.java:76)
at com.facebook.testing.screenshot.ViewHelpers.layout(ViewHelpers.java:66)
at org.wikipedia.test.view.ViewTest.snap(ViewTest.java:114)
at org.wikipedia.feed.becauseyouread.BecauseYouReadCardViewTest.testWidth(BecauseYouReadCardViewTest.java:56)
at java.lang.reflect.Method.invokeNative(Native Method)
at java.lang.reflect.Method.invoke(Method.java:511)
at org.junit.runners.model.FrameworkMethod$1.runReflectiveCall(FrameworkMethod.java:50)
at org.junit.internal.runners.model.ReflectiveCallable.run(ReflectiveCallable.java:12)
at org.junit.runners.model.FrameworkMethod.invokeExplosively(FrameworkMethod.java:47)
at org.junit.experimental.theories.Theories$TheoryAnchor$2.evaluate(Theories.java:274)
at org.junit.experimental.theories.Theories$TheoryAnchor$1$1.evaluate(Theories.java:232)
... 35 more
Caused by: java.lang.reflect.InvocationTargetException
at java.lang.reflect.Constructor.constructNative(Native Method)
at java.lang.reflect.Constructor.newInstance(Constructor.java:417)
at android.view.LayoutInflater.createView(LayoutInflater.java:587)
... 73 more
Caused by: android.content.res.Resources$NotFoundException: File res/drawable/ic_image_gray_24dp.xml from drawable resource ID #0x7f020099
at android.content.res.Resources.loadDrawable(Resources.java:1923)
at android.content.res.Resources.getDrawable(Resources.java:659)
at com.facebook.drawee.generic.GenericDraweeHierarchyInflater.getDrawable(GenericDraweeHierarchyInflater.java:227)
at com.facebook.drawee.generic.GenericDraweeHierarchyInflater.updateBuilder(GenericDraweeHierarchyInflater.java:116)
at com.facebook.drawee.generic.GenericDraweeHierarchyInflater.inflateBuilder(GenericDraweeHierarchyInflater.java:77)
at com.facebook.drawee.view.GenericDraweeView.inflateHierarchy(GenericDraweeView.java:58)
at com.facebook.drawee.view.GenericDraweeView.&lt;init&gt;(GenericDraweeView.java:43)
at com.facebook.drawee.view.SimpleDraweeView.&lt;init&gt;(SimpleDraweeView.java:62)
... 76 more
Caused by: org.xmlpull.v1.XmlPullParserException: Binary XML file line #1: invalid drawable tag vector
at android.graphics.drawable.Drawable.createFromXmlInner(Drawable.java:877)
at android.graphics.drawable.Drawable.createFromXml(Drawable.java:818)
at android.content.res.Resources.loadDrawable(Resources.java:1920)
... 83 more
</failure>
  </testcase>
  <testcase name="testSetSubtitle" classname="org.wikipedia.feed.becauseyouread.BecauseYouReadCardViewTest" time="0.025" />
  <testcase name="testSetImageCircleColor" classname="org.wikipedia.feed.view.CardHeaderViewTest" time="0.0" />
  <testcase name="testSetTitleId" classname="org.wikipedia.feed.view.CardHeaderViewTest" time="0.0" />
  <testcase name="testSetCard" classname="org.wikipedia.feed.view.CardHeaderViewTest" time="0.0" />
  <testcase name="testSetImage" classname="org.wikipedia.feed.view.CardHeaderViewTest" time="0.026" />
  <testcase name="testLayoutDirection" classname="org.wikipedia.feed.view.CardHeaderViewTest" time="0.125" />
  <testcase name="testFocus" classname="org.wikipedia.feed.view.CardHeaderViewTest" time="0.126" />
  <testcase name="testTheme" classname="org.wikipedia.feed.view.CardHeaderViewTest" time="0.2" />
  <testcase name="testWidth" classname="org.wikipedia.feed.view.CardHeaderViewTest" time="2.885" />
  <testcase name="testSetSubtitle" classname="org.wikipedia.feed.view.CardHeaderViewTest" time="0.0" />
  <testcase name="testSetTitleStr" classname="org.wikipedia.feed.view.CardHeaderViewTest" time="0.025" />
  <testcase name="testLayoutDirection" classname="org.wikipedia.feed.view.CardLargeHeaderViewTest" time="0.0">
    <failure>org.junit.experimental.theories.internal.ParameterizedAssertionError: testLayoutDirection("locale" &lt;from LAYOUT_DIRECTIONS[0]&gt;)
at org.junit.experimental.theories.Theories$TheoryAnchor.reportParameterizedError(Theories.java:288)
at org.junit.experimental.theories.Theories$TheoryAnchor$1$1.evaluate(Theories.java:237)
at org.junit.experimental.theories.Theories$TheoryAnchor.runWithCompleteAssignment(Theories.java:218)
at org.junit.experimental.theories.Theories$TheoryAnchor.runWithAssignment(Theories.java:204)
at org.junit.experimental.theories.Theories$TheoryAnchor.runWithIncompleteAssignment(Theories.java:212)
at org.junit.experimental.theories.Theories$TheoryAnchor.runWithAssignment(Theories.java:202)
at org.junit.experimental.theories.Theories$TheoryAnchor.evaluate(Theories.java:187)
at org.junit.runners.ParentRunner.runLeaf(ParentRunner.java:325)
at org.junit.runners.BlockJUnit4ClassRunner.runChild(BlockJUnit4ClassRunner.java:78)
at org.junit.runners.BlockJUnit4ClassRunner.runChild(BlockJUnit4ClassRunner.java:57)
at org.junit.runners.ParentRunner$3.run(ParentRunner.java:290)
at org.junit.runners.ParentRunner$1.schedule(ParentRunner.java:71)
at org.junit.runners.ParentRunner.runChildren(ParentRunner.java:288)
at org.junit.runners.ParentRunner.access$000(ParentRunner.java:58)
at org.junit.runners.ParentRunner$2.evaluate(ParentRunner.java:268)
at org.junit.runners.ParentRunner.run(ParentRunner.java:363)
at org.junit.runners.Suite.runChild(Suite.java:128)
at org.junit.runners.Suite.runChild(Suite.java:27)
at org.junit.runners.ParentRunner$3.run(ParentRunner.java:290)
at org.junit.runners.ParentRunner$1.schedule(ParentRunner.java:71)
at org.junit.runners.ParentRunner.runChildren(ParentRunner.java:288)
at org.junit.runners.ParentRunner.access$000(ParentRunner.java:58)
at org.junit.runners.ParentRunner$2.evaluate(ParentRunner.java:268)
at org.junit.runners.ParentRunner.run(ParentRunner.java:363)
at org.junit.runner.JUnitCore.run(JUnitCore.java:137)
at org.junit.runner.JUnitCore.run(JUnitCore.java:115)
at android.support.test.internal.runner.TestExecutor.execute(TestExecutor.java:59)
at android.support.test.runner.AndroidJUnitRunner.onStart(AndroidJUnitRunner.java:262)
at android.app.Instrumentation$InstrumentationThread.run(Instrumentation.java:1584)
Caused by: java.lang.NullPointerException
at android.widget.RelativeLayout.onMeasure(RelativeLayout.java:495)
at android.view.View.measure(View.java:15172)
at com.facebook.testing.screenshot.ViewHelpers.layoutInternal(ViewHelpers.java:76)
at com.facebook.testing.screenshot.ViewHelpers.layout(ViewHelpers.java:66)
at org.wikipedia.test.view.ViewTest.snap(ViewTest.java:114)
at org.wikipedia.feed.view.CardLargeHeaderViewTest.testLayoutDirection(CardLargeHeaderViewTest.java:41)
at java.lang.reflect.Method.invokeNative(Native Method)
at java.lang.reflect.Method.invoke(Method.java:511)
at org.junit.runners.model.FrameworkMethod$1.runReflectiveCall(FrameworkMethod.java:50)
at org.junit.internal.runners.model.ReflectiveCallable.run(ReflectiveCallable.java:12)
at org.junit.runners.model.FrameworkMethod.invokeExplosively(FrameworkMethod.java:47)
at org.junit.experimental.theories.Theories$TheoryAnchor$2.evaluate(Theories.java:274)
at org.junit.experimental.theories.Theories$TheoryAnchor$1$1.evaluate(Theories.java:232)
... 27 more
</failure>
  </testcase>
  <testcase name="testFocus" classname="org.wikipedia.feed.view.CardLargeHeaderViewTest" time="0.001">
    <failure>org.junit.experimental.theories.internal.ParameterizedAssertionError: testFocus("LIGHT" &lt;from THEMES[0]&gt;)
at org.junit.experimental.theories.Theories$TheoryAnchor.reportParameterizedError(Theories.java:288)
at org.junit.experimental.theories.Theories$TheoryAnchor$1$1.evaluate(Theories.java:237)
at org.junit.experimental.theories.Theories$TheoryAnchor.runWithCompleteAssignment(Theories.java:218)
at org.junit.experimental.theories.Theories$TheoryAnchor.runWithAssignment(Theories.java:204)
at org.junit.experimental.theories.Theories$TheoryAnchor.runWithIncompleteAssignment(Theories.java:212)
at org.junit.experimental.theories.Theories$TheoryAnchor.runWithAssignment(Theories.java:202)
at org.junit.experimental.theories.Theories$TheoryAnchor.evaluate(Theories.java:187)
at org.junit.runners.ParentRunner.runLeaf(ParentRunner.java:325)
at org.junit.runners.BlockJUnit4ClassRunner.runChild(BlockJUnit4ClassRunner.java:78)
at org.junit.runners.BlockJUnit4ClassRunner.runChild(BlockJUnit4ClassRunner.java:57)
at org.junit.runners.ParentRunner$3.run(ParentRunner.java:290)
at org.junit.runners.ParentRunner$1.schedule(ParentRunner.java:71)
at org.junit.runners.ParentRunner.runChildren(ParentRunner.java:288)
at org.junit.runners.ParentRunner.access$000(ParentRunner.java:58)
at org.junit.runners.ParentRunner$2.evaluate(ParentRunner.java:268)
at org.junit.runners.ParentRunner.run(ParentRunner.java:363)
at org.junit.runners.Suite.runChild(Suite.java:128)
at org.junit.runners.Suite.runChild(Suite.java:27)
at org.junit.runners.ParentRunner$3.run(ParentRunner.java:290)
at org.junit.runners.ParentRunner$1.schedule(ParentRunner.java:71)
at org.junit.runners.ParentRunner.runChildren(ParentRunner.java:288)
at org.junit.runners.ParentRunner.access$000(ParentRunner.java:58)
at org.junit.runners.ParentRunner$2.evaluate(ParentRunner.java:268)
at org.junit.runners.ParentRunner.run(ParentRunner.java:363)
at org.junit.runner.JUnitCore.run(JUnitCore.java:137)
at org.junit.runner.JUnitCore.run(JUnitCore.java:115)
at android.support.test.internal.runner.TestExecutor.execute(TestExecutor.java:59)
at android.support.test.runner.AndroidJUnitRunner.onStart(AndroidJUnitRunner.java:262)
at android.app.Instrumentation$InstrumentationThread.run(Instrumentation.java:1584)
Caused by: java.lang.NullPointerException
at android.widget.RelativeLayout.onMeasure(RelativeLayout.java:495)
at android.view.View.measure(View.java:15172)
at com.facebook.testing.screenshot.ViewHelpers.layoutInternal(ViewHelpers.java:76)
at com.facebook.testing.screenshot.ViewHelpers.layout(ViewHelpers.java:66)
at org.wikipedia.test.view.ViewTest.snap(ViewTest.java:114)
at org.wikipedia.feed.view.CardLargeHeaderViewTest.testFocus(CardLargeHeaderViewTest.java:54)
at java.lang.reflect.Method.invokeNative(Native Method)
at java.lang.reflect.Method.invoke(Method.java:511)
at org.junit.runners.model.FrameworkMethod$1.runReflectiveCall(FrameworkMethod.java:50)
at org.junit.internal.runners.model.ReflectiveCallable.run(ReflectiveCallable.java:12)
at org.junit.runners.model.FrameworkMethod.invokeExplosively(FrameworkMethod.java:47)
at org.junit.experimental.theories.Theories$TheoryAnchor$2.evaluate(Theories.java:274)
at org.junit.experimental.theories.Theories$TheoryAnchor$1$1.evaluate(Theories.java:232)
... 27 more
</failure>
  </testcase>
  <testcase name="testTheme" classname="org.wikipedia.feed.view.CardLargeHeaderViewTest" time="0.0">
    <failure>org.junit.experimental.theories.internal.ParameterizedAssertionError: testTheme("LIGHT" &lt;from THEMES[0]&gt;)
at org.junit.experimental.theories.Theories$TheoryAnchor.reportParameterizedError(Theories.java:288)
at org.junit.experimental.theories.Theories$TheoryAnchor$1$1.evaluate(Theories.java:237)
at org.junit.experimental.theories.Theories$TheoryAnchor.runWithCompleteAssignment(Theories.java:218)
at org.junit.experimental.theories.Theories$TheoryAnchor.runWithAssignment(Theories.java:204)
at org.junit.experimental.theories.Theories$TheoryAnchor.runWithIncompleteAssignment(Theories.java:212)
at org.junit.experimental.theories.Theories$TheoryAnchor.runWithAssignment(Theories.java:202)
at org.junit.experimental.theories.Theories$TheoryAnchor.evaluate(Theories.java:187)
at org.junit.runners.ParentRunner.runLeaf(ParentRunner.java:325)
at org.junit.runners.BlockJUnit4ClassRunner.runChild(BlockJUnit4ClassRunner.java:78)
at org.junit.runners.BlockJUnit4ClassRunner.runChild(BlockJUnit4ClassRunner.java:57)
at org.junit.runners.ParentRunner$3.run(ParentRunner.java:290)
at org.junit.runners.ParentRunner$1.schedule(ParentRunner.java:71)
at org.junit.runners.ParentRunner.runChildren(ParentRunner.java:288)
at org.junit.runners.ParentRunner.access$000(ParentRunner.java:58)
at org.junit.runners.ParentRunner$2.evaluate(ParentRunner.java:268)
at org.junit.runners.ParentRunner.run(ParentRunner.java:363)
at org.junit.runners.Suite.runChild(Suite.java:128)
at org.junit.runners.Suite.runChild(Suite.java:27)
at org.junit.runners.ParentRunner$3.run(ParentRunner.java:290)
at org.junit.runners.ParentRunner$1.schedule(ParentRunner.java:71)
at org.junit.runners.ParentRunner.runChildren(ParentRunner.java:288)
at org.junit.runners.ParentRunner.access$000(ParentRunner.java:58)
at org.junit.runners.ParentRunner$2.evaluate(ParentRunner.java:268)
at org.junit.runners.ParentRunner.run(ParentRunner.java:363)
at org.junit.runner.JUnitCore.run(JUnitCore.java:137)
at org.junit.runner.JUnitCore.run(JUnitCore.java:115)
at android.support.test.internal.runner.TestExecutor.execute(TestExecutor.java:59)
at android.support.test.runner.AndroidJUnitRunner.onStart(AndroidJUnitRunner.java:262)
at android.app.Instrumentation$InstrumentationThread.run(Instrumentation.java:1584)
Caused by: java.lang.NullPointerException
at android.widget.RelativeLayout.onMeasure(RelativeLayout.java:495)
at android.view.View.measure(View.java:15172)
at com.facebook.testing.screenshot.ViewHelpers.layoutInternal(ViewHelpers.java:76)
at com.facebook.testing.screenshot.ViewHelpers.layout(ViewHelpers.java:66)
at org.wikipedia.test.view.ViewTest.snap(ViewTest.java:114)
at org.wikipedia.feed.view.CardLargeHeaderViewTest.testTheme(CardLargeHeaderViewTest.java:47)
at java.lang.reflect.Method.invokeNative(Native Method)
at java.lang.reflect.Method.invoke(Method.java:511)
at org.junit.runners.model.FrameworkMethod$1.runReflectiveCall(FrameworkMethod.java:50)
at org.junit.internal.runners.model.ReflectiveCallable.run(ReflectiveCallable.java:12)
at org.junit.runners.model.FrameworkMethod.invokeExplosively(FrameworkMethod.java:47)
at org.junit.experimental.theories.Theories$TheoryAnchor$2.evaluate(Theories.java:274)
at org.junit.experimental.theories.Theories$TheoryAnchor$1$1.evaluate(Theories.java:232)
... 27 more
</failure>
  </testcase>
  <testcase name="testWidth" classname="org.wikipedia.feed.view.CardLargeHeaderViewTest" time="0.026">
    <failure>org.junit.experimental.theories.internal.ParameterizedAssertionError: testWidth("480" &lt;from ints&gt;, "default" &lt;from FONT_SCALES[0]&gt;, "null" &lt;from SECONDARY_IMGS[0]&gt;, "null" &lt;from PRIMARY_STRS[0]&gt;)
at org.junit.experimental.theories.Theories$TheoryAnchor.reportParameterizedError(Theories.java:288)
at org.junit.experimental.theories.Theories$TheoryAnchor$1$1.evaluate(Theories.java:237)
at org.junit.experimental.theories.Theories$TheoryAnchor.runWithCompleteAssignment(Theories.java:218)
at org.junit.experimental.theories.Theories$TheoryAnchor.runWithAssignment(Theories.java:204)
at org.junit.experimental.theories.Theories$TheoryAnchor.runWithIncompleteAssignment(Theories.java:212)
at org.junit.experimental.theories.Theories$TheoryAnchor.runWithAssignment(Theories.java:202)
at org.junit.experimental.theories.Theories$TheoryAnchor.runWithIncompleteAssignment(Theories.java:212)
at org.junit.experimental.theories.Theories$TheoryAnchor.runWithAssignment(Theories.java:202)
at org.junit.experimental.theories.Theories$TheoryAnchor.runWithIncompleteAssignment(Theories.java:212)
at org.junit.experimental.theories.Theories$TheoryAnchor.runWithAssignment(Theories.java:202)
at org.junit.experimental.theories.Theories$TheoryAnchor.runWithIncompleteAssignment(Theories.java:212)
at org.junit.experimental.theories.Theories$TheoryAnchor.runWithAssignment(Theories.java:202)
at org.junit.experimental.theories.Theories$TheoryAnchor.evaluate(Theories.java:187)
at org.junit.runners.ParentRunner.runLeaf(ParentRunner.java:325)
at org.junit.runners.BlockJUnit4ClassRunner.runChild(BlockJUnit4ClassRunner.java:78)
at org.junit.runners.BlockJUnit4ClassRunner.runChild(BlockJUnit4ClassRunner.java:57)
at org.junit.runners.ParentRunner$3.run(ParentRunner.java:290)
at org.junit.runners.ParentRunner$1.schedule(ParentRunner.java:71)
at org.junit.runners.ParentRunner.runChildren(ParentRunner.java:288)
at org.junit.runners.ParentRunner.access$000(ParentRunner.java:58)
at org.junit.runners.ParentRunner$2.evaluate(ParentRunner.java:268)
at org.junit.runners.ParentRunner.run(ParentRunner.java:363)
at org.junit.runners.Suite.runChild(Suite.java:128)
at org.junit.runners.Suite.runChild(Suite.java:27)
at org.junit.runners.ParentRunner$3.run(ParentRunner.java:290)
at org.junit.runners.ParentRunner$1.schedule(ParentRunner.java:71)
at org.junit.runners.ParentRunner.runChildren(ParentRunner.java:288)
at org.junit.runners.ParentRunner.access$000(ParentRunner.java:58)
at org.junit.runners.ParentRunner$2.evaluate(ParentRunner.java:268)
at org.junit.runners.ParentRunner.run(ParentRunner.java:363)
at org.junit.runner.JUnitCore.run(JUnitCore.java:137)
at org.junit.runner.JUnitCore.run(JUnitCore.java:115)
at android.support.test.internal.runner.TestExecutor.execute(TestExecutor.java:59)
at android.support.test.runner.AndroidJUnitRunner.onStart(AndroidJUnitRunner.java:262)
at android.app.Instrumentation$InstrumentationThread.run(Instrumentation.java:1584)
Caused by: java.lang.NullPointerException
at android.widget.RelativeLayout.onMeasure(RelativeLayout.java:495)
at android.view.View.measure(View.java:15172)
at com.facebook.testing.screenshot.ViewHelpers.layoutInternal(ViewHelpers.java:76)
at com.facebook.testing.screenshot.ViewHelpers.layout(ViewHelpers.java:66)
at org.wikipedia.test.view.ViewTest.snap(ViewTest.java:114)
at org.wikipedia.feed.view.CardLargeHeaderViewTest.testWidth(CardLargeHeaderViewTest.java:35)
at java.lang.reflect.Method.invokeNative(Native Method)
at java.lang.reflect.Method.invoke(Method.java:511)
at org.junit.runners.model.FrameworkMethod$1.runReflectiveCall(FrameworkMethod.java:50)
at org.junit.internal.runners.model.ReflectiveCallable.run(ReflectiveCallable.java:12)
at org.junit.runners.model.FrameworkMethod.invokeExplosively(FrameworkMethod.java:47)
at org.junit.experimental.theories.Theories$TheoryAnchor$2.evaluate(Theories.java:274)
at org.junit.experimental.theories.Theories$TheoryAnchor$1$1.evaluate(Theories.java:232)
... 33 more
</failure>
  </testcase>
  <testcase name="testOnClickListener" classname="org.wikipedia.feed.view.CardLargeHeaderViewTest" time="0.0" />
  <testcase name="testSetImage" classname="org.wikipedia.feed.view.CardLargeHeaderViewTest" time="0.0" />
  <testcase name="testSetTitle" classname="org.wikipedia.feed.view.CardLargeHeaderViewTest" time="0.0" />
  <testcase name="testSetGetCard" classname="org.wikipedia.feed.view.DefaultFeedCardViewTest" time="0.0" />
  <testcase name="testSetGetCallback" classname="org.wikipedia.feed.view.DefaultFeedCardViewTest" time="0.0" />
  <testcase name="testHeader" classname="org.wikipedia.feed.view.ListCardViewTest" time="0.176" />
  <testcase name="testLargeHeader" classname="org.wikipedia.feed.view.ListCardViewTest" time="0.025" />
  <testcase name="testSet" classname="org.wikipedia.feed.view.ListCardViewTest" time="0.0" />
  <testcase name="testSetCallback" classname="org.wikipedia.feed.view.ListCardViewTest" time="0.251" />
  <testcase name="testUpdate" classname="org.wikipedia.feed.view.ListCardViewTest" time="0.0" />
  <testcase name="testSetImage" classname="org.wikipedia.feed.view.PageTitleListCardItemViewTest" time="0.025">
    <failure>android.view.InflateException: Binary XML file line #15: Error inflating class &lt;unknown&gt;
at android.view.LayoutInflater.createView(LayoutInflater.java:613)
at android.view.LayoutInflater.createViewFromTag(LayoutInflater.java:687)
at android.view.LayoutInflater.rInflate(LayoutInflater.java:746)
at android.view.LayoutInflater.rInflate(LayoutInflater.java:749)
at android.view.LayoutInflater.inflate(LayoutInflater.java:459)
at android.view.LayoutInflater.inflate(LayoutInflater.java:396)
at android.view.LayoutInflater.inflate(LayoutInflater.java:352)
at android.view.View.inflate(View.java:16119)
at org.wikipedia.feed.view.PageTitleListCardItemView.&lt;init&gt;(PageTitleListCardItemView.java:46)
at org.wikipedia.feed.view.PageTitleListCardItemViewTest.setUp(PageTitleListCardItemViewTest.java:107)
at org.wikipedia.feed.view.PageTitleListCardItemViewTest.testSetImage(PageTitleListCardItemViewTest.java:68)
at java.lang.reflect.Method.invokeNative(Native Method)
at java.lang.reflect.Method.invoke(Method.java:511)
at org.junit.runners.model.FrameworkMethod$1.runReflectiveCall(FrameworkMethod.java:50)
at org.junit.internal.runners.model.ReflectiveCallable.run(ReflectiveCallable.java:12)
at org.junit.runners.model.FrameworkMethod.invokeExplosively(FrameworkMethod.java:47)
at org.junit.experimental.theories.Theories$TheoryAnchor$2.evaluate(Theories.java:274)
at org.junit.experimental.theories.Theories$TheoryAnchor$1$1.evaluate(Theories.java:232)
at org.junit.experimental.theories.Theories$TheoryAnchor.runWithCompleteAssignment(Theories.java:218)
at org.junit.experimental.theories.Theories$TheoryAnchor.runWithAssignment(Theories.java:204)
at org.junit.experimental.theories.Theories$TheoryAnchor.evaluate(Theories.java:187)
at org.junit.runners.ParentRunner.runLeaf(ParentRunner.java:325)
at org.junit.runners.BlockJUnit4ClassRunner.runChild(BlockJUnit4ClassRunner.java:78)
at org.junit.runners.BlockJUnit4ClassRunner.runChild(BlockJUnit4ClassRunner.java:57)
at org.junit.runners.ParentRunner$3.run(ParentRunner.java:290)
at org.junit.runners.ParentRunner$1.schedule(ParentRunner.java:71)
at org.junit.runners.ParentRunner.runChildren(ParentRunner.java:288)
at org.junit.runners.ParentRunner.access$000(ParentRunner.java:58)
at org.junit.runners.ParentRunner$2.evaluate(ParentRunner.java:268)
at org.junit.runners.ParentRunner.run(ParentRunner.java:363)
at org.junit.runners.Suite.runChild(Suite.java:128)
at org.junit.runners.Suite.runChild(Suite.java:27)
at org.junit.runners.ParentRunner$3.run(ParentRunner.java:290)
at org.junit.runners.ParentRunner$1.schedule(ParentRunner.java:71)
at org.junit.runners.ParentRunner.runChildren(ParentRunner.java:288)
at org.junit.runners.ParentRunner.access$000(ParentRunner.java:58)
at org.junit.runners.ParentRunner$2.evaluate(ParentRunner.java:268)
at org.junit.runners.ParentRunner.run(ParentRunner.java:363)
at org.junit.runner.JUnitCore.run(JUnitCore.java:137)
at org.junit.runner.JUnitCore.run(JUnitCore.java:115)
at android.support.test.internal.runner.TestExecutor.execute(TestExecutor.java:59)
at android.support.test.runner.AndroidJUnitRunner.onStart(AndroidJUnitRunner.java:262)
at android.app.Instrumentation$InstrumentationThread.run(Instrumentation.java:1584)
Caused by: java.lang.reflect.InvocationTargetException
at java.lang.reflect.Constructor.constructNative(Native Method)
at java.lang.reflect.Constructor.newInstance(Constructor.java:417)
at android.view.LayoutInflater.createView(LayoutInflater.java:587)
... 42 more
Caused by: android.content.res.Resources$NotFoundException: File res/drawable/ic_image_gray_24dp.xml from drawable resource ID #0x7f020099
at android.content.res.Resources.loadDrawable(Resources.java:1923)
at android.content.res.Resources.getDrawable(Resources.java:659)
at com.facebook.drawee.generic.GenericDraweeHierarchyInflater.getDrawable(GenericDraweeHierarchyInflater.java:227)
at com.facebook.drawee.generic.GenericDraweeHierarchyInflater.updateBuilder(GenericDraweeHierarchyInflater.java:116)
at com.facebook.drawee.generic.GenericDraweeHierarchyInflater.inflateBuilder(GenericDraweeHierarchyInflater.java:77)
at com.facebook.drawee.view.GenericDraweeView.inflateHierarchy(GenericDraweeView.java:58)
at com.facebook.drawee.view.GenericDraweeView.&lt;init&gt;(GenericDraweeView.java:43)
at com.facebook.drawee.view.SimpleDraweeView.&lt;init&gt;(SimpleDraweeView.java:62)
... 45 more
Caused by: org.xmlpull.v1.XmlPullParserException: Binary XML file line #1: invalid drawable tag vector
at android.graphics.drawable.Drawable.createFromXmlInner(Drawable.java:877)
at android.graphics.drawable.Drawable.createFromXml(Drawable.java:818)
at android.content.res.Resources.loadDrawable(Resources.java:1920)
... 52 more
</failure>
  </testcase>
  <testcase name="testLayoutDirection" classname="org.wikipedia.feed.view.PageTitleListCardItemViewTest" time="0.0">
    <failure>org.junit.experimental.theories.internal.ParameterizedAssertionError: testLayoutDirection("locale" &lt;from LAYOUT_DIRECTIONS[0]&gt;)
at org.junit.experimental.theories.Theories$TheoryAnchor.reportParameterizedError(Theories.java:288)
at org.junit.experimental.theories.Theories$TheoryAnchor$1$1.evaluate(Theories.java:237)
at org.junit.experimental.theories.Theories$TheoryAnchor.runWithCompleteAssignment(Theories.java:218)
at org.junit.experimental.theories.Theories$TheoryAnchor.runWithAssignment(Theories.java:204)
at org.junit.experimental.theories.Theories$TheoryAnchor.runWithIncompleteAssignment(Theories.java:212)
at org.junit.experimental.theories.Theories$TheoryAnchor.runWithAssignment(Theories.java:202)
at org.junit.experimental.theories.Theories$TheoryAnchor.evaluate(Theories.java:187)
at org.junit.runners.ParentRunner.runLeaf(ParentRunner.java:325)
at org.junit.runners.BlockJUnit4ClassRunner.runChild(BlockJUnit4ClassRunner.java:78)
at org.junit.runners.BlockJUnit4ClassRunner.runChild(BlockJUnit4ClassRunner.java:57)
at org.junit.runners.ParentRunner$3.run(ParentRunner.java:290)
at org.junit.runners.ParentRunner$1.schedule(ParentRunner.java:71)
at org.junit.runners.ParentRunner.runChildren(ParentRunner.java:288)
at org.junit.runners.ParentRunner.access$000(ParentRunner.java:58)
at org.junit.runners.ParentRunner$2.evaluate(ParentRunner.java:268)
at org.junit.runners.ParentRunner.run(ParentRunner.java:363)
at org.junit.runners.Suite.runChild(Suite.java:128)
at org.junit.runners.Suite.runChild(Suite.java:27)
at org.junit.runners.ParentRunner$3.run(ParentRunner.java:290)
at org.junit.runners.ParentRunner$1.schedule(ParentRunner.java:71)
at org.junit.runners.ParentRunner.runChildren(ParentRunner.java:288)
at org.junit.runners.ParentRunner.access$000(ParentRunner.java:58)
at org.junit.runners.ParentRunner$2.evaluate(ParentRunner.java:268)
at org.junit.runners.ParentRunner.run(ParentRunner.java:363)
at org.junit.runner.JUnitCore.run(JUnitCore.java:137)
at org.junit.runner.JUnitCore.run(JUnitCore.java:115)
at android.support.test.internal.runner.TestExecutor.execute(TestExecutor.java:59)
at android.support.test.runner.AndroidJUnitRunner.onStart(AndroidJUnitRunner.java:262)
at android.app.Instrumentation$InstrumentationThread.run(Instrumentation.java:1584)
Caused by: android.view.InflateException: Binary XML file line #15: Error inflating class &lt;unknown&gt;
at android.view.LayoutInflater.createView(LayoutInflater.java:613)
at android.view.LayoutInflater.createViewFromTag(LayoutInflater.java:687)
at android.view.LayoutInflater.rInflate(LayoutInflater.java:746)
at android.view.LayoutInflater.rInflate(LayoutInflater.java:749)
at android.view.LayoutInflater.inflate(LayoutInflater.java:459)
at android.view.LayoutInflater.inflate(LayoutInflater.java:396)
at android.view.LayoutInflater.inflate(LayoutInflater.java:352)
at android.view.View.inflate(View.java:16119)
at org.wikipedia.feed.view.PageTitleListCardItemView.&lt;init&gt;(PageTitleListCardItemView.java:46)
at org.wikipedia.feed.view.PageTitleListCardItemViewTest.setUp(PageTitleListCardItemViewTest.java:107)
at org.wikipedia.feed.view.PageTitleListCardItemViewTest.testLayoutDirection(PageTitleListCardItemViewTest.java:40)
at java.lang.reflect.Method.invokeNative(Native Method)
at java.lang.reflect.Method.invoke(Method.java:511)
at org.junit.runners.model.FrameworkMethod$1.runReflectiveCall(FrameworkMethod.java:50)
at org.junit.internal.runners.model.ReflectiveCallable.run(ReflectiveCallable.java:12)
at org.junit.runners.model.FrameworkMethod.invokeExplosively(FrameworkMethod.java:47)
at org.junit.experimental.theories.Theories$TheoryAnchor$2.evaluate(Theories.java:274)
at org.junit.experimental.theories.Theories$TheoryAnchor$1$1.evaluate(Theories.java:232)
... 27 more
Caused by: java.lang.reflect.InvocationTargetException
at java.lang.reflect.Constructor.constructNative(Native Method)
at java.lang.reflect.Constructor.newInstance(Constructor.java:417)
at android.view.LayoutInflater.createView(LayoutInflater.java:587)
... 44 more
Caused by: android.content.res.Resources$NotFoundException: File res/drawable/ic_image_gray_24dp.xml from drawable resource ID #0x7f020099
at android.content.res.Resources.loadDrawable(Resources.java:1923)
at android.content.res.Resources.getDrawable(Resources.java:659)
at com.facebook.drawee.generic.GenericDraweeHierarchyInflater.getDrawable(GenericDraweeHierarchyInflater.java:227)
at com.facebook.drawee.generic.GenericDraweeHierarchyInflater.updateBuilder(GenericDraweeHierarchyInflater.java:116)
at com.facebook.drawee.generic.GenericDraweeHierarchyInflater.inflateBuilder(GenericDraweeHierarchyInflater.java:77)
at com.facebook.drawee.view.GenericDraweeView.inflateHierarchy(GenericDraweeView.java:58)
at com.facebook.drawee.view.GenericDraweeView.&lt;init&gt;(GenericDraweeView.java:43)
at com.facebook.drawee.view.SimpleDraweeView.&lt;init&gt;(SimpleDraweeView.java:62)
... 47 more
Caused by: org.xmlpull.v1.XmlPullParserException: Binary XML file line #1: invalid drawable tag vector
at android.graphics.drawable.Drawable.createFromXmlInner(Drawable.java:877)
at android.graphics.drawable.Drawable.createFromXml(Drawable.java:818)
at android.content.res.Resources.loadDrawable(Resources.java:1920)
... 54 more
</failure>
  </testcase>
  <testcase name="testFocus" classname="org.wikipedia.feed.view.PageTitleListCardItemViewTest" time="0.026">
    <failure>org.junit.experimental.theories.internal.ParameterizedAssertionError: testFocus("LIGHT" &lt;from THEMES[0]&gt;)
at org.junit.experimental.theories.Theories$TheoryAnchor.reportParameterizedError(Theories.java:288)
at org.junit.experimental.theories.Theories$TheoryAnchor$1$1.evaluate(Theories.java:237)
at org.junit.experimental.theories.Theories$TheoryAnchor.runWithCompleteAssignment(Theories.java:218)
at org.junit.experimental.theories.Theories$TheoryAnchor.runWithAssignment(Theories.java:204)
at org.junit.experimental.theories.Theories$TheoryAnchor.runWithIncompleteAssignment(Theories.java:212)
at org.junit.experimental.theories.Theories$TheoryAnchor.runWithAssignment(Theories.java:202)
at org.junit.experimental.theories.Theories$TheoryAnchor.evaluate(Theories.java:187)
at org.junit.runners.ParentRunner.runLeaf(ParentRunner.java:325)
at org.junit.runners.BlockJUnit4ClassRunner.runChild(BlockJUnit4ClassRunner.java:78)
at org.junit.runners.BlockJUnit4ClassRunner.runChild(BlockJUnit4ClassRunner.java:57)
at org.junit.runners.ParentRunner$3.run(ParentRunner.java:290)
at org.junit.runners.ParentRunner$1.schedule(ParentRunner.java:71)
at org.junit.runners.ParentRunner.runChildren(ParentRunner.java:288)
at org.junit.runners.ParentRunner.access$000(ParentRunner.java:58)
at org.junit.runners.ParentRunner$2.evaluate(ParentRunner.java:268)
at org.junit.runners.ParentRunner.run(ParentRunner.java:363)
at org.junit.runners.Suite.runChild(Suite.java:128)
at org.junit.runners.Suite.runChild(Suite.java:27)
at org.junit.runners.ParentRunner$3.run(ParentRunner.java:290)
at org.junit.runners.ParentRunner$1.schedule(ParentRunner.java:71)
at org.junit.runners.ParentRunner.runChildren(ParentRunner.java:288)
at org.junit.runners.ParentRunner.access$000(ParentRunner.java:58)
at org.junit.runners.ParentRunner$2.evaluate(ParentRunner.java:268)
at org.junit.runners.ParentRunner.run(ParentRunner.java:363)
at org.junit.runner.JUnitCore.run(JUnitCore.java:137)
at org.junit.runner.JUnitCore.run(JUnitCore.java:115)
at android.support.test.internal.runner.TestExecutor.execute(TestExecutor.java:59)
at android.support.test.runner.AndroidJUnitRunner.onStart(AndroidJUnitRunner.java:262)
at android.app.Instrumentation$InstrumentationThread.run(Instrumentation.java:1584)
Caused by: android.view.InflateException: Binary XML file line #15: Error inflating class &lt;unknown&gt;
at android.view.LayoutInflater.createView(LayoutInflater.java:613)
at android.view.LayoutInflater.createViewFromTag(LayoutInflater.java:687)
at android.view.LayoutInflater.rInflate(LayoutInflater.java:746)
at android.view.LayoutInflater.rInflate(LayoutInflater.java:749)
at android.view.LayoutInflater.inflate(LayoutInflater.java:459)
at android.view.LayoutInflater.inflate(LayoutInflater.java:396)
at android.view.LayoutInflater.inflate(LayoutInflater.java:352)
at android.view.View.inflate(View.java:16119)
at org.wikipedia.feed.view.PageTitleListCardItemView.&lt;init&gt;(PageTitleListCardItemView.java:46)
at org.wikipedia.feed.view.PageTitleListCardItemViewTest.setUp(PageTitleListCardItemViewTest.java:107)
at org.wikipedia.feed.view.PageTitleListCardItemViewTest.testFocus(PageTitleListCardItemViewTest.java:52)
at java.lang.reflect.Method.invokeNative(Native Method)
at java.lang.reflect.Method.invoke(Method.java:511)
at org.junit.runners.model.FrameworkMethod$1.runReflectiveCall(FrameworkMethod.java:50)
at org.junit.internal.runners.model.ReflectiveCallable.run(ReflectiveCallable.java:12)
at org.junit.runners.model.FrameworkMethod.invokeExplosively(FrameworkMethod.java:47)
at org.junit.experimental.theories.Theories$TheoryAnchor$2.evaluate(Theories.java:274)
at org.junit.experimental.theories.Theories$TheoryAnchor$1$1.evaluate(Theories.java:232)
... 27 more
Caused by: java.lang.reflect.InvocationTargetException
at java.lang.reflect.Constructor.constructNative(Native Method)
at java.lang.reflect.Constructor.newInstance(Constructor.java:417)
at android.view.LayoutInflater.createView(LayoutInflater.java:587)
... 44 more
Caused by: android.content.res.Resources$NotFoundException: File res/drawable/ic_image_gray_24dp.xml from drawable resource ID #0x7f020099
at android.content.res.Resources.loadDrawable(Resources.java:1923)
at android.content.res.Resources.getDrawable(Resources.java:659)
at com.facebook.drawee.generic.GenericDraweeHierarchyInflater.getDrawable(GenericDraweeHierarchyInflater.java:227)
at com.facebook.drawee.generic.GenericDraweeHierarchyInflater.updateBuilder(GenericDraweeHierarchyInflater.java:116)
at com.facebook.drawee.generic.GenericDraweeHierarchyInflater.inflateBuilder(GenericDraweeHierarchyInflater.java:77)
at com.facebook.drawee.view.GenericDraweeView.inflateHierarchy(GenericDraweeView.java:58)
at com.facebook.drawee.view.GenericDraweeView.&lt;init&gt;(GenericDraweeView.java:43)
at com.facebook.drawee.view.SimpleDraweeView.&lt;init&gt;(SimpleDraweeView.java:62)
... 47 more
Caused by: org.xmlpull.v1.XmlPullParserException: Binary XML file line #1: invalid drawable tag vector
at android.graphics.drawable.Drawable.createFromXmlInner(Drawable.java:877)
at android.graphics.drawable.Drawable.createFromXml(Drawable.java:818)
at android.content.res.Resources.loadDrawable(Resources.java:1920)
... 54 more
</failure>
  </testcase>
  <testcase name="testTheme" classname="org.wikipedia.feed.view.PageTitleListCardItemViewTest" time="0.0">
    <failure>org.junit.experimental.theories.internal.ParameterizedAssertionError: testTheme("LIGHT" &lt;from THEMES[0]&gt;)
at org.junit.experimental.theories.Theories$TheoryAnchor.reportParameterizedError(Theories.java:288)
at org.junit.experimental.theories.Theories$TheoryAnchor$1$1.evaluate(Theories.java:237)
at org.junit.experimental.theories.Theories$TheoryAnchor.runWithCompleteAssignment(Theories.java:218)
at org.junit.experimental.theories.Theories$TheoryAnchor.runWithAssignment(Theories.java:204)
at org.junit.experimental.theories.Theories$TheoryAnchor.runWithIncompleteAssignment(Theories.java:212)
at org.junit.experimental.theories.Theories$TheoryAnchor.runWithAssignment(Theories.java:202)
at org.junit.experimental.theories.Theories$TheoryAnchor.evaluate(Theories.java:187)
at org.junit.runners.ParentRunner.runLeaf(ParentRunner.java:325)
at org.junit.runners.BlockJUnit4ClassRunner.runChild(BlockJUnit4ClassRunner.java:78)
at org.junit.runners.BlockJUnit4ClassRunner.runChild(BlockJUnit4ClassRunner.java:57)
at org.junit.runners.ParentRunner$3.run(ParentRunner.java:290)
at org.junit.runners.ParentRunner$1.schedule(ParentRunner.java:71)
at org.junit.runners.ParentRunner.runChildren(ParentRunner.java:288)
at org.junit.runners.ParentRunner.access$000(ParentRunner.java:58)
at org.junit.runners.ParentRunner$2.evaluate(ParentRunner.java:268)
at org.junit.runners.ParentRunner.run(ParentRunner.java:363)
at org.junit.runners.Suite.runChild(Suite.java:128)
at org.junit.runners.Suite.runChild(Suite.java:27)
at org.junit.runners.ParentRunner$3.run(ParentRunner.java:290)
at org.junit.runners.ParentRunner$1.schedule(ParentRunner.java:71)
at org.junit.runners.ParentRunner.runChildren(ParentRunner.java:288)
at org.junit.runners.ParentRunner.access$000(ParentRunner.java:58)
at org.junit.runners.ParentRunner$2.evaluate(ParentRunner.java:268)
at org.junit.runners.ParentRunner.run(ParentRunner.java:363)
at org.junit.runner.JUnitCore.run(JUnitCore.java:137)
at org.junit.runner.JUnitCore.run(JUnitCore.java:115)
at android.support.test.internal.runner.TestExecutor.execute(TestExecutor.java:59)
at android.support.test.runner.AndroidJUnitRunner.onStart(AndroidJUnitRunner.java:262)
at android.app.Instrumentation$InstrumentationThread.run(Instrumentation.java:1584)
Caused by: android.view.InflateException: Binary XML file line #15: Error inflating class &lt;unknown&gt;
at android.view.LayoutInflater.createView(LayoutInflater.java:613)
at android.view.LayoutInflater.createViewFromTag(LayoutInflater.java:687)
at android.view.LayoutInflater.rInflate(LayoutInflater.java:746)
at android.view.LayoutInflater.rInflate(LayoutInflater.java:749)
at android.view.LayoutInflater.inflate(LayoutInflater.java:459)
at android.view.LayoutInflater.inflate(LayoutInflater.java:396)
at android.view.LayoutInflater.inflate(LayoutInflater.java:352)
at android.view.View.inflate(View.java:16119)
at org.wikipedia.feed.view.PageTitleListCardItemView.&lt;init&gt;(PageTitleListCardItemView.java:46)
at org.wikipedia.feed.view.PageTitleListCardItemViewTest.setUp(PageTitleListCardItemViewTest.java:107)
at org.wikipedia.feed.view.PageTitleListCardItemViewTest.testTheme(PageTitleListCardItemViewTest.java:46)
at java.lang.reflect.Method.invokeNative(Native Method)
at java.lang.reflect.Method.invoke(Method.java:511)
at org.junit.runners.model.FrameworkMethod$1.runReflectiveCall(FrameworkMethod.java:50)
at org.junit.internal.runners.model.ReflectiveCallable.run(ReflectiveCallable.java:12)
at org.junit.runners.model.FrameworkMethod.invokeExplosively(FrameworkMethod.java:47)
at org.junit.experimental.theories.Theories$TheoryAnchor$2.evaluate(Theories.java:274)
at org.junit.experimental.theories.Theories$TheoryAnchor$1$1.evaluate(Theories.java:232)
... 27 more
Caused by: java.lang.reflect.InvocationTargetException
at java.lang.reflect.Constructor.constructNative(Native Method)
at java.lang.reflect.Constructor.newInstance(Constructor.java:417)
at android.view.LayoutInflater.createView(LayoutInflater.java:587)
... 44 more
Caused by: android.content.res.Resources$NotFoundException: File res/drawable/ic_image_gray_24dp.xml from drawable resource ID #0x7f020099
at android.content.res.Resources.loadDrawable(Resources.java:1923)
at android.content.res.Resources.getDrawable(Resources.java:659)
at com.facebook.drawee.generic.GenericDraweeHierarchyInflater.getDrawable(GenericDraweeHierarchyInflater.java:227)
at com.facebook.drawee.generic.GenericDraweeHierarchyInflater.updateBuilder(GenericDraweeHierarchyInflater.java:116)
at com.facebook.drawee.generic.GenericDraweeHierarchyInflater.inflateBuilder(GenericDraweeHierarchyInflater.java:77)
at com.facebook.drawee.view.GenericDraweeView.inflateHierarchy(GenericDraweeView.java:58)
at com.facebook.drawee.view.GenericDraweeView.&lt;init&gt;(GenericDraweeView.java:43)
at com.facebook.drawee.view.SimpleDraweeView.&lt;init&gt;(SimpleDraweeView.java:62)
... 47 more
Caused by: org.xmlpull.v1.XmlPullParserException: Binary XML file line #1: invalid drawable tag vector
at android.graphics.drawable.Drawable.createFromXmlInner(Drawable.java:877)
at android.graphics.drawable.Drawable.createFromXml(Drawable.java:818)
at android.content.res.Resources.loadDrawable(Resources.java:1920)
... 54 more
</failure>
  </testcase>
  <testcase name="testWidth" classname="org.wikipedia.feed.view.PageTitleListCardItemViewTest" time="0.001">
    <failure>org.junit.experimental.theories.internal.ParameterizedAssertionError: testWidth("480" &lt;from ints&gt;, "default" &lt;from FONT_SCALES[0]&gt;, "null" &lt;from PRIMARY_IMGS[0]&gt;, "null" &lt;from PRIMARY_STRS[0]&gt;, "null" &lt;from SECONDARY_STRS[0]&gt;)
at org.junit.experimental.theories.Theories$TheoryAnchor.reportParameterizedError(Theories.java:288)
at org.junit.experimental.theories.Theories$TheoryAnchor$1$1.evaluate(Theories.java:237)
at org.junit.experimental.theories.Theories$TheoryAnchor.runWithCompleteAssignment(Theories.java:218)
at org.junit.experimental.theories.Theories$TheoryAnchor.runWithAssignment(Theories.java:204)
at org.junit.experimental.theories.Theories$TheoryAnchor.runWithIncompleteAssignment(Theories.java:212)
at org.junit.experimental.theories.Theories$TheoryAnchor.runWithAssignment(Theories.java:202)
at org.junit.experimental.theories.Theories$TheoryAnchor.runWithIncompleteAssignment(Theories.java:212)
at org.junit.experimental.theories.Theories$TheoryAnchor.runWithAssignment(Theories.java:202)
at org.junit.experimental.theories.Theories$TheoryAnchor.runWithIncompleteAssignment(Theories.java:212)
at org.junit.experimental.theories.Theories$TheoryAnchor.runWithAssignment(Theories.java:202)
at org.junit.experimental.theories.Theories$TheoryAnchor.runWithIncompleteAssignment(Theories.java:212)
at org.junit.experimental.theories.Theories$TheoryAnchor.runWithAssignment(Theories.java:202)
at org.junit.experimental.theories.Theories$TheoryAnchor.runWithIncompleteAssignment(Theories.java:212)
at org.junit.experimental.theories.Theories$TheoryAnchor.runWithAssignment(Theories.java:202)
at org.junit.experimental.theories.Theories$TheoryAnchor.evaluate(Theories.java:187)
at org.junit.runners.ParentRunner.runLeaf(ParentRunner.java:325)
at org.junit.runners.BlockJUnit4ClassRunner.runChild(BlockJUnit4ClassRunner.java:78)
at org.junit.runners.BlockJUnit4ClassRunner.runChild(BlockJUnit4ClassRunner.java:57)
at org.junit.runners.ParentRunner$3.run(ParentRunner.java:290)
at org.junit.runners.ParentRunner$1.schedule(ParentRunner.java:71)
at org.junit.runners.ParentRunner.runChildren(ParentRunner.java:288)
at org.junit.runners.ParentRunner.access$000(ParentRunner.java:58)
at org.junit.runners.ParentRunner$2.evaluate(ParentRunner.java:268)
at org.junit.runners.ParentRunner.run(ParentRunner.java:363)
at org.junit.runners.Suite.runChild(Suite.java:128)
at org.junit.runners.Suite.runChild(Suite.java:27)
at org.junit.runners.ParentRunner$3.run(ParentRunner.java:290)
at org.junit.runners.ParentRunner$1.schedule(ParentRunner.java:71)
at org.junit.runners.ParentRunner.runChildren(ParentRunner.java:288)
at org.junit.runners.ParentRunner.access$000(ParentRunner.java:58)
at org.junit.runners.ParentRunner$2.evaluate(ParentRunner.java:268)
at org.junit.runners.ParentRunner.run(ParentRunner.java:363)
at org.junit.runner.JUnitCore.run(JUnitCore.java:137)
at org.junit.runner.JUnitCore.run(JUnitCore.java:115)
at android.support.test.internal.runner.TestExecutor.execute(TestExecutor.java:59)
at android.support.test.runner.AndroidJUnitRunner.onStart(AndroidJUnitRunner.java:262)
at android.app.Instrumentation$InstrumentationThread.run(Instrumentation.java:1584)
Caused by: android.view.InflateException: Binary XML file line #15: Error inflating class &lt;unknown&gt;
at android.view.LayoutInflater.createView(LayoutInflater.java:613)
at android.view.LayoutInflater.createViewFromTag(LayoutInflater.java:687)
at android.view.LayoutInflater.rInflate(LayoutInflater.java:746)
at android.view.LayoutInflater.rInflate(LayoutInflater.java:749)
at android.view.LayoutInflater.inflate(LayoutInflater.java:459)
at android.view.LayoutInflater.inflate(LayoutInflater.java:396)
at android.view.LayoutInflater.inflate(LayoutInflater.java:352)
at android.view.View.inflate(View.java:16119)
at org.wikipedia.feed.view.PageTitleListCardItemView.&lt;init&gt;(PageTitleListCardItemView.java:46)
at org.wikipedia.feed.view.PageTitleListCardItemViewTest.setUp(PageTitleListCardItemViewTest.java:107)
at org.wikipedia.feed.view.PageTitleListCardItemViewTest.testWidth(PageTitleListCardItemViewTest.java:35)
at java.lang.reflect.Method.invokeNative(Native Method)
at java.lang.reflect.Method.invoke(Method.java:511)
at org.junit.runners.model.FrameworkMethod$1.runReflectiveCall(FrameworkMethod.java:50)
at org.junit.internal.runners.model.ReflectiveCallable.run(ReflectiveCallable.java:12)
at org.junit.runners.model.FrameworkMethod.invokeExplosively(FrameworkMethod.java:47)
at org.junit.experimental.theories.Theories$TheoryAnchor$2.evaluate(Theories.java:274)
at org.junit.experimental.theories.Theories$TheoryAnchor$1$1.evaluate(Theories.java:232)
... 35 more
Caused by: java.lang.reflect.InvocationTargetException
at java.lang.reflect.Constructor.constructNative(Native Method)
at java.lang.reflect.Constructor.newInstance(Constructor.java:417)
at android.view.LayoutInflater.createView(LayoutInflater.java:587)
... 52 more
Caused by: android.content.res.Resources$NotFoundException: File res/drawable/ic_image_gray_24dp.xml from drawable resource ID #0x7f020099
at android.content.res.Resources.loadDrawable(Resources.java:1923)
at android.content.res.Resources.getDrawable(Resources.java:659)
at com.facebook.drawee.generic.GenericDraweeHierarchyInflater.getDrawable(GenericDraweeHierarchyInflater.java:227)
at com.facebook.drawee.generic.GenericDraweeHierarchyInflater.updateBuilder(GenericDraweeHierarchyInflater.java:116)
at com.facebook.drawee.generic.GenericDraweeHierarchyInflater.inflateBuilder(GenericDraweeHierarchyInflater.java:77)
at com.facebook.drawee.view.GenericDraweeView.inflateHierarchy(GenericDraweeView.java:58)
at com.facebook.drawee.view.GenericDraweeView.&lt;init&gt;(GenericDraweeView.java:43)
at com.facebook.drawee.view.SimpleDraweeView.&lt;init&gt;(SimpleDraweeView.java:62)
... 55 more
Caused by: org.xmlpull.v1.XmlPullParserException: Binary XML file line #1: invalid drawable tag vector
at android.graphics.drawable.Drawable.createFromXmlInner(Drawable.java:877)
at android.graphics.drawable.Drawable.createFromXml(Drawable.java:818)
at android.content.res.Resources.loadDrawable(Resources.java:1920)
... 62 more
</failure>
  </testcase>
  <testcase name="testSetSubtitle" classname="org.wikipedia.feed.view.PageTitleListCardItemViewTest" time="0.0">
    <failure>org.junit.experimental.theories.internal.ParameterizedAssertionError: testSetSubtitle("false" &lt;from bools&gt;)
at org.junit.experimental.theories.Theories$TheoryAnchor.reportParameterizedError(Theories.java:288)
at org.junit.experimental.theories.Theories$TheoryAnchor$1$1.evaluate(Theories.java:237)
at org.junit.experimental.theories.Theories$TheoryAnchor.runWithCompleteAssignment(Theories.java:218)
at org.junit.experimental.theories.Theories$TheoryAnchor.runWithAssignment(Theories.java:204)
at org.junit.experimental.theories.Theories$TheoryAnchor.runWithIncompleteAssignment(Theories.java:212)
at org.junit.experimental.theories.Theories$TheoryAnchor.runWithAssignment(Theories.java:202)
at org.junit.experimental.theories.Theories$TheoryAnchor.evaluate(Theories.java:187)
at org.junit.runners.ParentRunner.runLeaf(ParentRunner.java:325)
at org.junit.runners.BlockJUnit4ClassRunner.runChild(BlockJUnit4ClassRunner.java:78)
at org.junit.runners.BlockJUnit4ClassRunner.runChild(BlockJUnit4ClassRunner.java:57)
at org.junit.runners.ParentRunner$3.run(ParentRunner.java:290)
at org.junit.runners.ParentRunner$1.schedule(ParentRunner.java:71)
at org.junit.runners.ParentRunner.runChildren(ParentRunner.java:288)
at org.junit.runners.ParentRunner.access$000(ParentRunner.java:58)
at org.junit.runners.ParentRunner$2.evaluate(ParentRunner.java:268)
at org.junit.runners.ParentRunner.run(ParentRunner.java:363)
at org.junit.runners.Suite.runChild(Suite.java:128)
at org.junit.runners.Suite.runChild(Suite.java:27)
at org.junit.runners.ParentRunner$3.run(ParentRunner.java:290)
at org.junit.runners.ParentRunner$1.schedule(ParentRunner.java:71)
at org.junit.runners.ParentRunner.runChildren(ParentRunner.java:288)
at org.junit.runners.ParentRunner.access$000(ParentRunner.java:58)
at org.junit.runners.ParentRunner$2.evaluate(ParentRunner.java:268)
at org.junit.runners.ParentRunner.run(ParentRunner.java:363)
at org.junit.runner.JUnitCore.run(JUnitCore.java:137)
at org.junit.runner.JUnitCore.run(JUnitCore.java:115)
at android.support.test.internal.runner.TestExecutor.execute(TestExecutor.java:59)
at android.support.test.runner.AndroidJUnitRunner.onStart(AndroidJUnitRunner.java:262)
at android.app.Instrumentation$InstrumentationThread.run(Instrumentation.java:1584)
Caused by: android.view.InflateException: Binary XML file line #15: Error inflating class &lt;unknown&gt;
at android.view.LayoutInflater.createView(LayoutInflater.java:613)
at android.view.LayoutInflater.createViewFromTag(LayoutInflater.java:687)
at android.view.LayoutInflater.rInflate(LayoutInflater.java:746)
at android.view.LayoutInflater.rInflate(LayoutInflater.java:749)
at android.view.LayoutInflater.inflate(LayoutInflater.java:459)
at android.view.LayoutInflater.inflate(LayoutInflater.java:396)
at android.view.LayoutInflater.inflate(LayoutInflater.java:352)
at android.view.View.inflate(View.java:16119)
at org.wikipedia.feed.view.PageTitleListCardItemView.&lt;init&gt;(PageTitleListCardItemView.java:46)
at org.wikipedia.feed.view.PageTitleListCardItemViewTest.setUp(PageTitleListCardItemViewTest.java:107)
at org.wikipedia.feed.view.PageTitleListCardItemViewTest.setUpTypical(PageTitleListCardItemViewTest.java:98)
at org.wikipedia.feed.view.PageTitleListCardItemViewTest.testSetSubtitle(PageTitleListCardItemViewTest.java:85)
at java.lang.reflect.Method.invokeNative(Native Method)
at java.lang.reflect.Method.invoke(Method.java:511)
at org.junit.runners.model.FrameworkMethod$1.runReflectiveCall(FrameworkMethod.java:50)
at org.junit.internal.runners.model.ReflectiveCallable.run(ReflectiveCallable.java:12)
at org.junit.runners.model.FrameworkMethod.invokeExplosively(FrameworkMethod.java:47)
at org.junit.experimental.theories.Theories$TheoryAnchor$2.evaluate(Theories.java:274)
at org.junit.experimental.theories.Theories$TheoryAnchor$1$1.evaluate(Theories.java:232)
... 27 more
Caused by: java.lang.reflect.InvocationTargetException
at java.lang.reflect.Constructor.constructNative(Native Method)
at java.lang.reflect.Constructor.newInstance(Constructor.java:417)
at android.view.LayoutInflater.createView(LayoutInflater.java:587)
... 45 more
Caused by: android.content.res.Resources$NotFoundException: File res/drawable/ic_image_gray_24dp.xml from drawable resource ID #0x7f020099
at android.content.res.Resources.loadDrawable(Resources.java:1923)
at android.content.res.Resources.getDrawable(Resources.java:659)
at com.facebook.drawee.generic.GenericDraweeHierarchyInflater.getDrawable(GenericDraweeHierarchyInflater.java:227)
at com.facebook.drawee.generic.GenericDraweeHierarchyInflater.updateBuilder(GenericDraweeHierarchyInflater.java:116)
at com.facebook.drawee.generic.GenericDraweeHierarchyInflater.inflateBuilder(GenericDraweeHierarchyInflater.java:77)
at com.facebook.drawee.view.GenericDraweeView.inflateHierarchy(GenericDraweeView.java:58)
at com.facebook.drawee.view.GenericDraweeView.&lt;init&gt;(GenericDraweeView.java:43)
at com.facebook.drawee.view.SimpleDraweeView.&lt;init&gt;(SimpleDraweeView.java:62)
... 48 more
Caused by: org.xmlpull.v1.XmlPullParserException: Binary XML file line #1: invalid drawable tag vector
at android.graphics.drawable.Drawable.createFromXmlInner(Drawable.java:877)
at android.graphics.drawable.Drawable.createFromXml(Drawable.java:818)
at android.content.res.Resources.loadDrawable(Resources.java:1920)
... 55 more
</failure>
  </testcase>
  <testcase name="testSetCallback" classname="org.wikipedia.feed.view.PageTitleListCardItemViewTest" time="0.001">
    <failure>org.junit.experimental.theories.internal.ParameterizedAssertionError: testSetCallback("false" &lt;from bools&gt;)
at org.junit.experimental.theories.Theories$TheoryAnchor.reportParameterizedError(Theories.java:288)
at org.junit.experimental.theories.Theories$TheoryAnchor$1$1.evaluate(Theories.java:237)
at org.junit.experimental.theories.Theories$TheoryAnchor.runWithCompleteAssignment(Theories.java:218)
at org.junit.experimental.theories.Theories$TheoryAnchor.runWithAssignment(Theories.java:204)
at org.junit.experimental.theories.Theories$TheoryAnchor.runWithIncompleteAssignment(Theories.java:212)
at org.junit.experimental.theories.Theories$TheoryAnchor.runWithAssignment(Theories.java:202)
at org.junit.experimental.theories.Theories$TheoryAnchor.evaluate(Theories.java:187)
at org.junit.runners.ParentRunner.runLeaf(ParentRunner.java:325)
at org.junit.runners.BlockJUnit4ClassRunner.runChild(BlockJUnit4ClassRunner.java:78)
at org.junit.runners.BlockJUnit4ClassRunner.runChild(BlockJUnit4ClassRunner.java:57)
at org.junit.runners.ParentRunner$3.run(ParentRunner.java:290)
at org.junit.runners.ParentRunner$1.schedule(ParentRunner.java:71)
at org.junit.runners.ParentRunner.runChildren(ParentRunner.java:288)
at org.junit.runners.ParentRunner.access$000(ParentRunner.java:58)
at org.junit.runners.ParentRunner$2.evaluate(ParentRunner.java:268)
at org.junit.runners.ParentRunner.run(ParentRunner.java:363)
at org.junit.runners.Suite.runChild(Suite.java:128)
at org.junit.runners.Suite.runChild(Suite.java:27)
at org.junit.runners.ParentRunner$3.run(ParentRunner.java:290)
at org.junit.runners.ParentRunner$1.schedule(ParentRunner.java:71)
at org.junit.runners.ParentRunner.runChildren(ParentRunner.java:288)
at org.junit.runners.ParentRunner.access$000(ParentRunner.java:58)
at org.junit.runners.ParentRunner$2.evaluate(ParentRunner.java:268)
at org.junit.runners.ParentRunner.run(ParentRunner.java:363)
at org.junit.runner.JUnitCore.run(JUnitCore.java:137)
at org.junit.runner.JUnitCore.run(JUnitCore.java:115)
at android.support.test.internal.runner.TestExecutor.execute(TestExecutor.java:59)
at android.support.test.runner.AndroidJUnitRunner.onStart(AndroidJUnitRunner.java:262)
at android.app.Instrumentation$InstrumentationThread.run(Instrumentation.java:1584)
Caused by: android.view.InflateException: Binary XML file line #15: Error inflating class &lt;unknown&gt;
at android.view.LayoutInflater.createView(LayoutInflater.java:613)
at android.view.LayoutInflater.createViewFromTag(LayoutInflater.java:687)
at android.view.LayoutInflater.rInflate(LayoutInflater.java:746)
at android.view.LayoutInflater.rInflate(LayoutInflater.java:749)
at android.view.LayoutInflater.inflate(LayoutInflater.java:459)
at android.view.LayoutInflater.inflate(LayoutInflater.java:396)
at android.view.LayoutInflater.inflate(LayoutInflater.java:352)
at android.view.View.inflate(View.java:16119)
at org.wikipedia.feed.view.PageTitleListCardItemView.&lt;init&gt;(PageTitleListCardItemView.java:46)
at org.wikipedia.feed.view.PageTitleListCardItemViewTest.setUp(PageTitleListCardItemViewTest.java:107)
at org.wikipedia.feed.view.PageTitleListCardItemViewTest.setUpTypical(PageTitleListCardItemViewTest.java:98)
at org.wikipedia.feed.view.PageTitleListCardItemViewTest.testSetCallback(PageTitleListCardItemViewTest.java:61)
at java.lang.reflect.Method.invokeNative(Native Method)
at java.lang.reflect.Method.invoke(Method.java:511)
at org.junit.runners.model.FrameworkMethod$1.runReflectiveCall(FrameworkMethod.java:50)
at org.junit.internal.runners.model.ReflectiveCallable.run(ReflectiveCallable.java:12)
at org.junit.runners.model.FrameworkMethod.invokeExplosively(FrameworkMethod.java:47)
at org.junit.experimental.theories.Theories$TheoryAnchor$2.evaluate(Theories.java:274)
at org.junit.experimental.theories.Theories$TheoryAnchor$1$1.evaluate(Theories.java:232)
... 27 more
Caused by: java.lang.reflect.InvocationTargetException
at java.lang.reflect.Constructor.constructNative(Native Method)
at java.lang.reflect.Constructor.newInstance(Constructor.java:417)
at android.view.LayoutInflater.createView(LayoutInflater.java:587)
... 45 more
Caused by: android.content.res.Resources$NotFoundException: File res/drawable/ic_image_gray_24dp.xml from drawable resource ID #0x7f020099
at android.content.res.Resources.loadDrawable(Resources.java:1923)
at android.content.res.Resources.getDrawable(Resources.java:659)
at com.facebook.drawee.generic.GenericDraweeHierarchyInflater.getDrawable(GenericDraweeHierarchyInflater.java:227)
at com.facebook.drawee.generic.GenericDraweeHierarchyInflater.updateBuilder(GenericDraweeHierarchyInflater.java:116)
at com.facebook.drawee.generic.GenericDraweeHierarchyInflater.inflateBuilder(GenericDraweeHierarchyInflater.java:77)
at com.facebook.drawee.view.GenericDraweeView.inflateHierarchy(GenericDraweeView.java:58)
at com.facebook.drawee.view.GenericDraweeView.&lt;init&gt;(GenericDraweeView.java:43)
at com.facebook.drawee.view.SimpleDraweeView.&lt;init&gt;(SimpleDraweeView.java:62)
... 48 more
Caused by: org.xmlpull.v1.XmlPullParserException: Binary XML file line #1: invalid drawable tag vector
at android.graphics.drawable.Drawable.createFromXmlInner(Drawable.java:877)
at android.graphics.drawable.Drawable.createFromXml(Drawable.java:818)
at android.content.res.Resources.loadDrawable(Resources.java:1920)
... 55 more
</failure>
  </testcase>
  <testcase name="testSetSubtitleCapitalization" classname="org.wikipedia.feed.view.PageTitleListCardItemViewTest" time="0.026">
    <failure>android.view.InflateException: Binary XML file line #15: Error inflating class &lt;unknown&gt;
at android.view.LayoutInflater.createView(LayoutInflater.java:613)
at android.view.LayoutInflater.createViewFromTag(LayoutInflater.java:687)
at android.view.LayoutInflater.rInflate(LayoutInflater.java:746)
at android.view.LayoutInflater.rInflate(LayoutInflater.java:749)
at android.view.LayoutInflater.inflate(LayoutInflater.java:459)
at android.view.LayoutInflater.inflate(LayoutInflater.java:396)
at android.view.LayoutInflater.inflate(LayoutInflater.java:352)
at android.view.View.inflate(View.java:16119)
at org.wikipedia.feed.view.PageTitleListCardItemView.&lt;init&gt;(PageTitleListCardItemView.java:46)
at org.wikipedia.feed.view.PageTitleListCardItemViewTest.setUp(PageTitleListCardItemViewTest.java:107)
at org.wikipedia.feed.view.PageTitleListCardItemViewTest.setUpTypical(PageTitleListCardItemViewTest.java:98)
at org.wikipedia.feed.view.PageTitleListCardItemViewTest.testSetSubtitleCapitalization(PageTitleListCardItemViewTest.java:92)
at java.lang.reflect.Method.invokeNative(Native Method)
at java.lang.reflect.Method.invoke(Method.java:511)
at org.junit.runners.model.FrameworkMethod$1.runReflectiveCall(FrameworkMethod.java:50)
at org.junit.internal.runners.model.ReflectiveCallable.run(ReflectiveCallable.java:12)
at org.junit.runners.model.FrameworkMethod.invokeExplosively(FrameworkMethod.java:47)
at org.junit.experimental.theories.Theories$TheoryAnchor$2.evaluate(Theories.java:274)
at org.junit.experimental.theories.Theories$TheoryAnchor$1$1.evaluate(Theories.java:232)
at org.junit.experimental.theories.Theories$TheoryAnchor.runWithCompleteAssignment(Theories.java:218)
at org.junit.experimental.theories.Theories$TheoryAnchor.runWithAssignment(Theories.java:204)
at org.junit.experimental.theories.Theories$TheoryAnchor.evaluate(Theories.java:187)
at org.junit.runners.ParentRunner.runLeaf(ParentRunner.java:325)
at org.junit.runners.BlockJUnit4ClassRunner.runChild(BlockJUnit4ClassRunner.java:78)
at org.junit.runners.BlockJUnit4ClassRunner.runChild(BlockJUnit4ClassRunner.java:57)
at org.junit.runners.ParentRunner$3.run(ParentRunner.java:290)
at org.junit.runners.ParentRunner$1.schedule(ParentRunner.java:71)
at org.junit.runners.ParentRunner.runChildren(ParentRunner.java:288)
at org.junit.runners.ParentRunner.access$000(ParentRunner.java:58)
at org.junit.runners.ParentRunner$2.evaluate(ParentRunner.java:268)
at org.junit.runners.ParentRunner.run(ParentRunner.java:363)
at org.junit.runners.Suite.runChild(Suite.java:128)
at org.junit.runners.Suite.runChild(Suite.java:27)
at org.junit.runners.ParentRunner$3.run(ParentRunner.java:290)
at org.junit.runners.ParentRunner$1.schedule(ParentRunner.java:71)
at org.junit.runners.ParentRunner.runChildren(ParentRunner.java:288)
at org.junit.runners.ParentRunner.access$000(ParentRunner.java:58)
at org.junit.runners.ParentRunner$2.evaluate(ParentRunner.java:268)
at org.junit.runners.ParentRunner.run(ParentRunner.java:363)
at org.junit.runner.JUnitCore.run(JUnitCore.java:137)
at org.junit.runner.JUnitCore.run(JUnitCore.java:115)
at android.support.test.internal.runner.TestExecutor.execute(TestExecutor.java:59)
at android.support.test.runner.AndroidJUnitRunner.onStart(AndroidJUnitRunner.java:262)
at android.app.Instrumentation$InstrumentationThread.run(Instrumentation.java:1584)
Caused by: java.lang.reflect.InvocationTargetException
at java.lang.reflect.Constructor.constructNative(Native Method)
at java.lang.reflect.Constructor.newInstance(Constructor.java:417)
at android.view.LayoutInflater.createView(LayoutInflater.java:587)
... 43 more
Caused by: android.content.res.Resources$NotFoundException: File res/drawable/ic_image_gray_24dp.xml from drawable resource ID #0x7f020099
at android.content.res.Resources.loadDrawable(Resources.java:1923)
at android.content.res.Resources.getDrawable(Resources.java:659)
at com.facebook.drawee.generic.GenericDraweeHierarchyInflater.getDrawable(GenericDraweeHierarchyInflater.java:227)
at com.facebook.drawee.generic.GenericDraweeHierarchyInflater.updateBuilder(GenericDraweeHierarchyInflater.java:116)
at com.facebook.drawee.generic.GenericDraweeHierarchyInflater.inflateBuilder(GenericDraweeHierarchyInflater.java:77)
at com.facebook.drawee.view.GenericDraweeView.inflateHierarchy(GenericDraweeView.java:58)
at com.facebook.drawee.view.GenericDraweeView.&lt;init&gt;(GenericDraweeView.java:43)
at com.facebook.drawee.view.SimpleDraweeView.&lt;init&gt;(SimpleDraweeView.java:62)
... 46 more
Caused by: org.xmlpull.v1.XmlPullParserException: Binary XML file line #1: invalid drawable tag vector
at android.graphics.drawable.Drawable.createFromXmlInner(Drawable.java:877)
at android.graphics.drawable.Drawable.createFromXml(Drawable.java:818)
at android.content.res.Resources.loadDrawable(Resources.java:1920)
... 53 more
</failure>
  </testcase>
  <testcase name="testSetTitle" classname="org.wikipedia.feed.view.PageTitleListCardItemViewTest" time="0.0">
    <failure>org.junit.experimental.theories.internal.ParameterizedAssertionError: testSetTitle("false" &lt;from bools&gt;)
at org.junit.experimental.theories.Theories$TheoryAnchor.reportParameterizedError(Theories.java:288)
at org.junit.experimental.theories.Theories$TheoryAnchor$1$1.evaluate(Theories.java:237)
at org.junit.experimental.theories.Theories$TheoryAnchor.runWithCompleteAssignment(Theories.java:218)
at org.junit.experimental.theories.Theories$TheoryAnchor.runWithAssignment(Theories.java:204)
at org.junit.experimental.theories.Theories$TheoryAnchor.runWithIncompleteAssignment(Theories.java:212)
at org.junit.experimental.theories.Theories$TheoryAnchor.runWithAssignment(Theories.java:202)
at org.junit.experimental.theories.Theories$TheoryAnchor.evaluate(Theories.java:187)
at org.junit.runners.ParentRunner.runLeaf(ParentRunner.java:325)
at org.junit.runners.BlockJUnit4ClassRunner.runChild(BlockJUnit4ClassRunner.java:78)
at org.junit.runners.BlockJUnit4ClassRunner.runChild(BlockJUnit4ClassRunner.java:57)
at org.junit.runners.ParentRunner$3.run(ParentRunner.java:290)
at org.junit.runners.ParentRunner$1.schedule(ParentRunner.java:71)
at org.junit.runners.ParentRunner.runChildren(ParentRunner.java:288)
at org.junit.runners.ParentRunner.access$000(ParentRunner.java:58)
at org.junit.runners.ParentRunner$2.evaluate(ParentRunner.java:268)
at org.junit.runners.ParentRunner.run(ParentRunner.java:363)
at org.junit.runners.Suite.runChild(Suite.java:128)
at org.junit.runners.Suite.runChild(Suite.java:27)
at org.junit.runners.ParentRunner$3.run(ParentRunner.java:290)
at org.junit.runners.ParentRunner$1.schedule(ParentRunner.java:71)
at org.junit.runners.ParentRunner.runChildren(ParentRunner.java:288)
at org.junit.runners.ParentRunner.access$000(ParentRunner.java:58)
at org.junit.runners.ParentRunner$2.evaluate(ParentRunner.java:268)
at org.junit.runners.ParentRunner.run(ParentRunner.java:363)
at org.junit.runner.JUnitCore.run(JUnitCore.java:137)
at org.junit.runner.JUnitCore.run(JUnitCore.java:115)
at android.support.test.internal.runner.TestExecutor.execute(TestExecutor.java:59)
at android.support.test.runner.AndroidJUnitRunner.onStart(AndroidJUnitRunner.java:262)
at android.app.Instrumentation$InstrumentationThread.run(Instrumentation.java:1584)
Caused by: android.view.InflateException: Binary XML file line #15: Error inflating class &lt;unknown&gt;
at android.view.LayoutInflater.createView(LayoutInflater.java:613)
at android.view.LayoutInflater.createViewFromTag(LayoutInflater.java:687)
at android.view.LayoutInflater.rInflate(LayoutInflater.java:746)
at android.view.LayoutInflater.rInflate(LayoutInflater.java:749)
at android.view.LayoutInflater.inflate(LayoutInflater.java:459)
at android.view.LayoutInflater.inflate(LayoutInflater.java:396)
at android.view.LayoutInflater.inflate(LayoutInflater.java:352)
at android.view.View.inflate(View.java:16119)
at org.wikipedia.feed.view.PageTitleListCardItemView.&lt;init&gt;(PageTitleListCardItemView.java:46)
at org.wikipedia.feed.view.PageTitleListCardItemViewTest.setUp(PageTitleListCardItemViewTest.java:107)
at org.wikipedia.feed.view.PageTitleListCardItemViewTest.setUpTypical(PageTitleListCardItemViewTest.java:98)
at org.wikipedia.feed.view.PageTitleListCardItemViewTest.testSetTitle(PageTitleListCardItemViewTest.java:78)
at java.lang.reflect.Method.invokeNative(Native Method)
at java.lang.reflect.Method.invoke(Method.java:511)
at org.junit.runners.model.FrameworkMethod$1.runReflectiveCall(FrameworkMethod.java:50)
at org.junit.internal.runners.model.ReflectiveCallable.run(ReflectiveCallable.java:12)
at org.junit.runners.model.FrameworkMethod.invokeExplosively(FrameworkMethod.java:47)
at org.junit.experimental.theories.Theories$TheoryAnchor$2.evaluate(Theories.java:274)
at org.junit.experimental.theories.Theories$TheoryAnchor$1$1.evaluate(Theories.java:232)
... 27 more
Caused by: java.lang.reflect.InvocationTargetException
at java.lang.reflect.Constructor.constructNative(Native Method)
at java.lang.reflect.Constructor.newInstance(Constructor.java:417)
at android.view.LayoutInflater.createView(LayoutInflater.java:587)
... 45 more
Caused by: android.content.res.Resources$NotFoundException: File res/drawable/ic_image_gray_24dp.xml from drawable resource ID #0x7f020099
at android.content.res.Resources.loadDrawable(Resources.java:1923)
at android.content.res.Resources.getDrawable(Resources.java:659)
at com.facebook.drawee.generic.GenericDraweeHierarchyInflater.getDrawable(GenericDraweeHierarchyInflater.java:227)
at com.facebook.drawee.generic.GenericDraweeHierarchyInflater.updateBuilder(GenericDraweeHierarchyInflater.java:116)
at com.facebook.drawee.generic.GenericDraweeHierarchyInflater.inflateBuilder(GenericDraweeHierarchyInflater.java:77)
at com.facebook.drawee.view.GenericDraweeView.inflateHierarchy(GenericDraweeView.java:58)
at com.facebook.drawee.view.GenericDraweeView.&lt;init&gt;(GenericDraweeView.java:43)
at com.facebook.drawee.view.SimpleDraweeView.&lt;init&gt;(SimpleDraweeView.java:62)
... 48 more
Caused by: org.xmlpull.v1.XmlPullParserException: Binary XML file line #1: invalid drawable tag vector
at android.graphics.drawable.Drawable.createFromXmlInner(Drawable.java:877)
at android.graphics.drawable.Drawable.createFromXml(Drawable.java:818)
at android.content.res.Resources.loadDrawable(Resources.java:1920)
... 55 more
</failure>
  </testcase>
  <testcase name="testUnmarshalNull" classname="org.wikipedia.json.TabUnmarshallerTest" time="0.0" />
  <testcase name="testUnmarshalNoPageTitleAuthority" classname="org.wikipedia.json.TabUnmarshallerTest" time="0.0" />
  <testcase name="testUnmarshalSingle" classname="org.wikipedia.json.TabUnmarshallerTest" time="0.0" />
  <testcase name="testUnmarshalNoHistoryEntryAuthority" classname="org.wikipedia.json.TabUnmarshallerTest" time="0.0" />
  <testcase name="testLogin" classname="org.wikipedia.login.LoginClientTest" time="3.219" />
  <testcase name="testIcon" classname="org.wikipedia.navtab.NavTabViewTest" time="0.025">
    <failure>android.content.res.Resources$NotFoundException: File res/drawable/ic_globe.xml from drawable resource ID #0x7f020095
at android.content.res.Resources.loadDrawable(Resources.java:1923)
at android.content.res.Resources.getDrawable(Resources.java:659)
at android.support.v4.content.ContextCompat.getDrawable(ContextCompat.java:374)
at org.wikipedia.navtab.NavTabView.drawable(NavTabView.java:63)
at org.wikipedia.navtab.NavTabView.icon(NavTabView.java:26)
at org.wikipedia.navtab.NavTabViewTest.setUp(NavTabViewTest.java:60)
at org.wikipedia.navtab.NavTabViewTest.testIcon(NavTabViewTest.java:50)
at java.lang.reflect.Method.invokeNative(Native Method)
at java.lang.reflect.Method.invoke(Method.java:511)
at org.junit.runners.model.FrameworkMethod$1.runReflectiveCall(FrameworkMethod.java:50)
at org.junit.internal.runners.model.ReflectiveCallable.run(ReflectiveCallable.java:12)
at org.junit.runners.model.FrameworkMethod.invokeExplosively(FrameworkMethod.java:47)
at org.junit.experimental.theories.Theories$TheoryAnchor$2.evaluate(Theories.java:274)
at org.junit.experimental.theories.Theories$TheoryAnchor$1$1.evaluate(Theories.java:232)
at org.junit.experimental.theories.Theories$TheoryAnchor.runWithCompleteAssignment(Theories.java:218)
at org.junit.experimental.theories.Theories$TheoryAnchor.runWithAssignment(Theories.java:204)
at org.junit.experimental.theories.Theories$TheoryAnchor.evaluate(Theories.java:187)
at org.junit.runners.ParentRunner.runLeaf(ParentRunner.java:325)
at org.junit.runners.BlockJUnit4ClassRunner.runChild(BlockJUnit4ClassRunner.java:78)
at org.junit.runners.BlockJUnit4ClassRunner.runChild(BlockJUnit4ClassRunner.java:57)
at org.junit.runners.ParentRunner$3.run(ParentRunner.java:290)
at org.junit.runners.ParentRunner$1.schedule(ParentRunner.java:71)
at org.junit.runners.ParentRunner.runChildren(ParentRunner.java:288)
at org.junit.runners.ParentRunner.access$000(ParentRunner.java:58)
at org.junit.runners.ParentRunner$2.evaluate(ParentRunner.java:268)
at org.junit.runners.ParentRunner.run(ParentRunner.java:363)
at org.junit.runners.Suite.runChild(Suite.java:128)
at org.junit.runners.Suite.runChild(Suite.java:27)
at org.junit.runners.ParentRunner$3.run(ParentRunner.java:290)
at org.junit.runners.ParentRunner$1.schedule(ParentRunner.java:71)
at org.junit.runners.ParentRunner.runChildren(ParentRunner.java:288)
at org.junit.runners.ParentRunner.access$000(ParentRunner.java:58)
at org.junit.runners.ParentRunner$2.evaluate(ParentRunner.java:268)
at org.junit.runners.ParentRunner.run(ParentRunner.java:363)
at org.junit.runner.JUnitCore.run(JUnitCore.java:137)
at org.junit.runner.JUnitCore.run(JUnitCore.java:115)
at android.support.test.internal.runner.TestExecutor.execute(TestExecutor.java:59)
at android.support.test.runner.AndroidJUnitRunner.onStart(AndroidJUnitRunner.java:262)
at android.app.Instrumentation$InstrumentationThread.run(Instrumentation.java:1584)
Caused by: org.xmlpull.v1.XmlPullParserException: Binary XML file line #1: invalid drawable tag vector
at android.graphics.drawable.Drawable.createFromXmlInner(Drawable.java:877)
at android.graphics.drawable.Drawable.createFromXml(Drawable.java:818)
at android.content.res.Resources.loadDrawable(Resources.java:1920)
... 38 more
</failure>
  </testcase>
  <testcase name="testText" classname="org.wikipedia.navtab.NavTabViewTest" time="0.0">
    <failure>android.content.res.Resources$NotFoundException: File res/drawable/ic_globe.xml from drawable resource ID #0x7f020095
at android.content.res.Resources.loadDrawable(Resources.java:1923)
at android.content.res.Resources.getDrawable(Resources.java:659)
at android.support.v4.content.ContextCompat.getDrawable(ContextCompat.java:374)
at org.wikipedia.navtab.NavTabView.drawable(NavTabView.java:63)
at org.wikipedia.navtab.NavTabView.icon(NavTabView.java:26)
at org.wikipedia.navtab.NavTabViewTest.setUp(NavTabViewTest.java:60)
at org.wikipedia.navtab.NavTabViewTest.testText(NavTabViewTest.java:45)
at java.lang.reflect.Method.invokeNative(Native Method)
at java.lang.reflect.Method.invoke(Method.java:511)
at org.junit.runners.model.FrameworkMethod$1.runReflectiveCall(FrameworkMethod.java:50)
at org.junit.internal.runners.model.ReflectiveCallable.run(ReflectiveCallable.java:12)
at org.junit.runners.model.FrameworkMethod.invokeExplosively(FrameworkMethod.java:47)
at org.junit.experimental.theories.Theories$TheoryAnchor$2.evaluate(Theories.java:274)
at org.junit.experimental.theories.Theories$TheoryAnchor$1$1.evaluate(Theories.java:232)
at org.junit.experimental.theories.Theories$TheoryAnchor.runWithCompleteAssignment(Theories.java:218)
at org.junit.experimental.theories.Theories$TheoryAnchor.runWithAssignment(Theories.java:204)
at org.junit.experimental.theories.Theories$TheoryAnchor.evaluate(Theories.java:187)
at org.junit.runners.ParentRunner.runLeaf(ParentRunner.java:325)
at org.junit.runners.BlockJUnit4ClassRunner.runChild(BlockJUnit4ClassRunner.java:78)
at org.junit.runners.BlockJUnit4ClassRunner.runChild(BlockJUnit4ClassRunner.java:57)
at org.junit.runners.ParentRunner$3.run(ParentRunner.java:290)
at org.junit.runners.ParentRunner$1.schedule(ParentRunner.java:71)
at org.junit.runners.ParentRunner.runChildren(ParentRunner.java:288)
at org.junit.runners.ParentRunner.access$000(ParentRunner.java:58)
at org.junit.runners.ParentRunner$2.evaluate(ParentRunner.java:268)
at org.junit.runners.ParentRunner.run(ParentRunner.java:363)
at org.junit.runners.Suite.runChild(Suite.java:128)
at org.junit.runners.Suite.runChild(Suite.java:27)
at org.junit.runners.ParentRunner$3.run(ParentRunner.java:290)
at org.junit.runners.ParentRunner$1.schedule(ParentRunner.java:71)
at org.junit.runners.ParentRunner.runChildren(ParentRunner.java:288)
at org.junit.runners.ParentRunner.access$000(ParentRunner.java:58)
at org.junit.runners.ParentRunner$2.evaluate(ParentRunner.java:268)
at org.junit.runners.ParentRunner.run(ParentRunner.java:363)
at org.junit.runner.JUnitCore.run(JUnitCore.java:137)
at org.junit.runner.JUnitCore.run(JUnitCore.java:115)
at android.support.test.internal.runner.TestExecutor.execute(TestExecutor.java:59)
at android.support.test.runner.AndroidJUnitRunner.onStart(AndroidJUnitRunner.java:262)
at android.app.Instrumentation$InstrumentationThread.run(Instrumentation.java:1584)
Caused by: org.xmlpull.v1.XmlPullParserException: Binary XML file line #1: invalid drawable tag vector
at android.graphics.drawable.Drawable.createFromXmlInner(Drawable.java:877)
at android.graphics.drawable.Drawable.createFromXml(Drawable.java:818)
at android.content.res.Resources.loadDrawable(Resources.java:1920)
... 38 more
</failure>
  </testcase>
  <testcase name="testLayoutDirection" classname="org.wikipedia.navtab.NavTabViewTest" time="0.001">
    <failure>org.junit.experimental.theories.internal.ParameterizedAssertionError: testLayoutDirection("locale" &lt;from LAYOUT_DIRECTIONS[0]&gt;)
at org.junit.experimental.theories.Theories$TheoryAnchor.reportParameterizedError(Theories.java:288)
at org.junit.experimental.theories.Theories$TheoryAnchor$1$1.evaluate(Theories.java:237)
at org.junit.experimental.theories.Theories$TheoryAnchor.runWithCompleteAssignment(Theories.java:218)
at org.junit.experimental.theories.Theories$TheoryAnchor.runWithAssignment(Theories.java:204)
at org.junit.experimental.theories.Theories$TheoryAnchor.runWithIncompleteAssignment(Theories.java:212)
at org.junit.experimental.theories.Theories$TheoryAnchor.runWithAssignment(Theories.java:202)
at org.junit.experimental.theories.Theories$TheoryAnchor.evaluate(Theories.java:187)
at org.junit.runners.ParentRunner.runLeaf(ParentRunner.java:325)
at org.junit.runners.BlockJUnit4ClassRunner.runChild(BlockJUnit4ClassRunner.java:78)
at org.junit.runners.BlockJUnit4ClassRunner.runChild(BlockJUnit4ClassRunner.java:57)
at org.junit.runners.ParentRunner$3.run(ParentRunner.java:290)
at org.junit.runners.ParentRunner$1.schedule(ParentRunner.java:71)
at org.junit.runners.ParentRunner.runChildren(ParentRunner.java:288)
at org.junit.runners.ParentRunner.access$000(ParentRunner.java:58)
at org.junit.runners.ParentRunner$2.evaluate(ParentRunner.java:268)
at org.junit.runners.ParentRunner.run(ParentRunner.java:363)
at org.junit.runners.Suite.runChild(Suite.java:128)
at org.junit.runners.Suite.runChild(Suite.java:27)
at org.junit.runners.ParentRunner$3.run(ParentRunner.java:290)
at org.junit.runners.ParentRunner$1.schedule(ParentRunner.java:71)
at org.junit.runners.ParentRunner.runChildren(ParentRunner.java:288)
at org.junit.runners.ParentRunner.access$000(ParentRunner.java:58)
at org.junit.runners.ParentRunner$2.evaluate(ParentRunner.java:268)
at org.junit.runners.ParentRunner.run(ParentRunner.java:363)
at org.junit.runner.JUnitCore.run(JUnitCore.java:137)
at org.junit.runner.JUnitCore.run(JUnitCore.java:115)
at android.support.test.internal.runner.TestExecutor.execute(TestExecutor.java:59)
at android.support.test.runner.AndroidJUnitRunner.onStart(AndroidJUnitRunner.java:262)
at android.app.Instrumentation$InstrumentationThread.run(Instrumentation.java:1584)
Caused by: android.content.res.Resources$NotFoundException: File res/drawable/ic_globe.xml from drawable resource ID #0x7f020095
at android.content.res.Resources.loadDrawable(Resources.java:1923)
at android.content.res.Resources.getDrawable(Resources.java:659)
at android.support.v4.content.ContextCompat.getDrawable(ContextCompat.java:374)
at org.wikipedia.navtab.NavTabView.drawable(NavTabView.java:63)
at org.wikipedia.navtab.NavTabView.icon(NavTabView.java:26)
at org.wikipedia.navtab.NavTabViewTest.setUp(NavTabViewTest.java:60)
at org.wikipedia.navtab.NavTabViewTest.testLayoutDirection(NavTabViewTest.java:29)
at java.lang.reflect.Method.invokeNative(Native Method)
at java.lang.reflect.Method.invoke(Method.java:511)
at org.junit.runners.model.FrameworkMethod$1.runReflectiveCall(FrameworkMethod.java:50)
at org.junit.internal.runners.model.ReflectiveCallable.run(ReflectiveCallable.java:12)
at org.junit.runners.model.FrameworkMethod.invokeExplosively(FrameworkMethod.java:47)
at org.junit.experimental.theories.Theories$TheoryAnchor$2.evaluate(Theories.java:274)
at org.junit.experimental.theories.Theories$TheoryAnchor$1$1.evaluate(Theories.java:232)
... 27 more
Caused by: org.xmlpull.v1.XmlPullParserException: Binary XML file line #1: invalid drawable tag vector
at android.graphics.drawable.Drawable.createFromXmlInner(Drawable.java:877)
at android.graphics.drawable.Drawable.createFromXml(Drawable.java:818)
at android.content.res.Resources.loadDrawable(Resources.java:1920)
... 40 more
</failure>
  </testcase>
  <testcase name="testTheme" classname="org.wikipedia.navtab.NavTabViewTest" time="0.0">
    <failure>org.junit.experimental.theories.internal.ParameterizedAssertionError: testTheme("LIGHT" &lt;from THEMES[0]&gt;)
at org.junit.experimental.theories.Theories$TheoryAnchor.reportParameterizedError(Theories.java:288)
at org.junit.experimental.theories.Theories$TheoryAnchor$1$1.evaluate(Theories.java:237)
at org.junit.experimental.theories.Theories$TheoryAnchor.runWithCompleteAssignment(Theories.java:218)
at org.junit.experimental.theories.Theories$TheoryAnchor.runWithAssignment(Theories.java:204)
at org.junit.experimental.theories.Theories$TheoryAnchor.runWithIncompleteAssignment(Theories.java:212)
at org.junit.experimental.theories.Theories$TheoryAnchor.runWithAssignment(Theories.java:202)
at org.junit.experimental.theories.Theories$TheoryAnchor.evaluate(Theories.java:187)
at org.junit.runners.ParentRunner.runLeaf(ParentRunner.java:325)
at org.junit.runners.BlockJUnit4ClassRunner.runChild(BlockJUnit4ClassRunner.java:78)
at org.junit.runners.BlockJUnit4ClassRunner.runChild(BlockJUnit4ClassRunner.java:57)
at org.junit.runners.ParentRunner$3.run(ParentRunner.java:290)
at org.junit.runners.ParentRunner$1.schedule(ParentRunner.java:71)
at org.junit.runners.ParentRunner.runChildren(ParentRunner.java:288)
at org.junit.runners.ParentRunner.access$000(ParentRunner.java:58)
at org.junit.runners.ParentRunner$2.evaluate(ParentRunner.java:268)
at org.junit.runners.ParentRunner.run(ParentRunner.java:363)
at org.junit.runners.Suite.runChild(Suite.java:128)
at org.junit.runners.Suite.runChild(Suite.java:27)
at org.junit.runners.ParentRunner$3.run(ParentRunner.java:290)
at org.junit.runners.ParentRunner$1.schedule(ParentRunner.java:71)
at org.junit.runners.ParentRunner.runChildren(ParentRunner.java:288)
at org.junit.runners.ParentRunner.access$000(ParentRunner.java:58)
at org.junit.runners.ParentRunner$2.evaluate(ParentRunner.java:268)
at org.junit.runners.ParentRunner.run(ParentRunner.java:363)
at org.junit.runner.JUnitCore.run(JUnitCore.java:137)
at org.junit.runner.JUnitCore.run(JUnitCore.java:115)
at android.support.test.internal.runner.TestExecutor.execute(TestExecutor.java:59)
at android.support.test.runner.AndroidJUnitRunner.onStart(AndroidJUnitRunner.java:262)
at android.app.Instrumentation$InstrumentationThread.run(Instrumentation.java:1584)
Caused by: android.content.res.Resources$NotFoundException: File res/drawable/ic_globe.xml from drawable resource ID #0x7f020095
at android.content.res.Resources.loadDrawable(Resources.java:1923)
at android.content.res.Resources.getDrawable(Resources.java:659)
at android.support.v4.content.ContextCompat.getDrawable(ContextCompat.java:374)
at org.wikipedia.navtab.NavTabView.drawable(NavTabView.java:63)
at org.wikipedia.navtab.NavTabView.icon(NavTabView.java:26)
at org.wikipedia.navtab.NavTabViewTest.setUp(NavTabViewTest.java:60)
at org.wikipedia.navtab.NavTabViewTest.testTheme(NavTabViewTest.java:34)
at java.lang.reflect.Method.invokeNative(Native Method)
at java.lang.reflect.Method.invoke(Method.java:511)
at org.junit.runners.model.FrameworkMethod$1.runReflectiveCall(FrameworkMethod.java:50)
at org.junit.internal.runners.model.ReflectiveCallable.run(ReflectiveCallable.java:12)
at org.junit.runners.model.FrameworkMethod.invokeExplosively(FrameworkMethod.java:47)
at org.junit.experimental.theories.Theories$TheoryAnchor$2.evaluate(Theories.java:274)
at org.junit.experimental.theories.Theories$TheoryAnchor$1$1.evaluate(Theories.java:232)
... 27 more
Caused by: org.xmlpull.v1.XmlPullParserException: Binary XML file line #1: invalid drawable tag vector
at android.graphics.drawable.Drawable.createFromXmlInner(Drawable.java:877)
at android.graphics.drawable.Drawable.createFromXml(Drawable.java:818)
at android.content.res.Resources.loadDrawable(Resources.java:1920)
... 40 more
</failure>
  </testcase>
  <testcase name="testWidth" classname="org.wikipedia.navtab.NavTabViewTest" time="0.0">
    <failure>org.junit.experimental.theories.internal.ParameterizedAssertionError: testWidth("720" &lt;from ints&gt;, "default" &lt;from FONT_SCALES[0]&gt;)
at org.junit.experimental.theories.Theories$TheoryAnchor.reportParameterizedError(Theories.java:288)
at org.junit.experimental.theories.Theories$TheoryAnchor$1$1.evaluate(Theories.java:237)
at org.junit.experimental.theories.Theories$TheoryAnchor.runWithCompleteAssignment(Theories.java:218)
at org.junit.experimental.theories.Theories$TheoryAnchor.runWithAssignment(Theories.java:204)
at org.junit.experimental.theories.Theories$TheoryAnchor.runWithIncompleteAssignment(Theories.java:212)
at org.junit.experimental.theories.Theories$TheoryAnchor.runWithAssignment(Theories.java:202)
at org.junit.experimental.theories.Theories$TheoryAnchor.runWithIncompleteAssignment(Theories.java:212)
at org.junit.experimental.theories.Theories$TheoryAnchor.runWithAssignment(Theories.java:202)
at org.junit.experimental.theories.Theories$TheoryAnchor.evaluate(Theories.java:187)
at org.junit.runners.ParentRunner.runLeaf(ParentRunner.java:325)
at org.junit.runners.BlockJUnit4ClassRunner.runChild(BlockJUnit4ClassRunner.java:78)
at org.junit.runners.BlockJUnit4ClassRunner.runChild(BlockJUnit4ClassRunner.java:57)
at org.junit.runners.ParentRunner$3.run(ParentRunner.java:290)
at org.junit.runners.ParentRunner$1.schedule(ParentRunner.java:71)
at org.junit.runners.ParentRunner.runChildren(ParentRunner.java:288)
at org.junit.runners.ParentRunner.access$000(ParentRunner.java:58)
at org.junit.runners.ParentRunner$2.evaluate(ParentRunner.java:268)
at org.junit.runners.ParentRunner.run(ParentRunner.java:363)
at org.junit.runners.Suite.runChild(Suite.java:128)
at org.junit.runners.Suite.runChild(Suite.java:27)
at org.junit.runners.ParentRunner$3.run(ParentRunner.java:290)
at org.junit.runners.ParentRunner$1.schedule(ParentRunner.java:71)
at org.junit.runners.ParentRunner.runChildren(ParentRunner.java:288)
at org.junit.runners.ParentRunner.access$000(ParentRunner.java:58)
at org.junit.runners.ParentRunner$2.evaluate(ParentRunner.java:268)
at org.junit.runners.ParentRunner.run(ParentRunner.java:363)
at org.junit.runner.JUnitCore.run(JUnitCore.java:137)
at org.junit.runner.JUnitCore.run(JUnitCore.java:115)
at android.support.test.internal.runner.TestExecutor.execute(TestExecutor.java:59)
at android.support.test.runner.AndroidJUnitRunner.onStart(AndroidJUnitRunner.java:262)
at android.app.Instrumentation$InstrumentationThread.run(Instrumentation.java:1584)
Caused by: android.content.res.Resources$NotFoundException: File res/drawable/ic_globe.xml from drawable resource ID #0x7f020095
at android.content.res.Resources.loadDrawable(Resources.java:1923)
at android.content.res.Resources.getDrawable(Resources.java:659)
at android.support.v4.content.ContextCompat.getDrawable(ContextCompat.java:374)
at org.wikipedia.navtab.NavTabView.drawable(NavTabView.java:63)
at org.wikipedia.navtab.NavTabView.icon(NavTabView.java:26)
at org.wikipedia.navtab.NavTabViewTest.setUp(NavTabViewTest.java:60)
at org.wikipedia.navtab.NavTabViewTest.testWidth(NavTabViewTest.java:24)
at java.lang.reflect.Method.invokeNative(Native Method)
at java.lang.reflect.Method.invoke(Method.java:511)
at org.junit.runners.model.FrameworkMethod$1.runReflectiveCall(FrameworkMethod.java:50)
at org.junit.internal.runners.model.ReflectiveCallable.run(ReflectiveCallable.java:12)
at org.junit.runners.model.FrameworkMethod.invokeExplosively(FrameworkMethod.java:47)
at org.junit.experimental.theories.Theories$TheoryAnchor$2.evaluate(Theories.java:274)
at org.junit.experimental.theories.Theories$TheoryAnchor$1$1.evaluate(Theories.java:232)
... 29 more
Caused by: org.xmlpull.v1.XmlPullParserException: Binary XML file line #1: invalid drawable tag vector
at android.graphics.drawable.Drawable.createFromXmlInner(Drawable.java:877)
at android.graphics.drawable.Drawable.createFromXml(Drawable.java:818)
at android.content.res.Resources.loadDrawable(Resources.java:1920)
... 42 more
</failure>
  </testcase>
  <testcase name="testSelect" classname="org.wikipedia.navtab.NavTabViewTest" time="0.026">
    <failure>org.junit.experimental.theories.internal.ParameterizedAssertionError: testSelect("LIGHT" &lt;from THEMES[0]&gt;)
at org.junit.experimental.theories.Theories$TheoryAnchor.reportParameterizedError(Theories.java:288)
at org.junit.experimental.theories.Theories$TheoryAnchor$1$1.evaluate(Theories.java:237)
at org.junit.experimental.theories.Theories$TheoryAnchor.runWithCompleteAssignment(Theories.java:218)
at org.junit.experimental.theories.Theories$TheoryAnchor.runWithAssignment(Theories.java:204)
at org.junit.experimental.theories.Theories$TheoryAnchor.runWithIncompleteAssignment(Theories.java:212)
at org.junit.experimental.theories.Theories$TheoryAnchor.runWithAssignment(Theories.java:202)
at org.junit.experimental.theories.Theories$TheoryAnchor.evaluate(Theories.java:187)
at org.junit.runners.ParentRunner.runLeaf(ParentRunner.java:325)
at org.junit.runners.BlockJUnit4ClassRunner.runChild(BlockJUnit4ClassRunner.java:78)
at org.junit.runners.BlockJUnit4ClassRunner.runChild(BlockJUnit4ClassRunner.java:57)
at org.junit.runners.ParentRunner$3.run(ParentRunner.java:290)
at org.junit.runners.ParentRunner$1.schedule(ParentRunner.java:71)
at org.junit.runners.ParentRunner.runChildren(ParentRunner.java:288)
at org.junit.runners.ParentRunner.access$000(ParentRunner.java:58)
at org.junit.runners.ParentRunner$2.evaluate(ParentRunner.java:268)
at org.junit.runners.ParentRunner.run(ParentRunner.java:363)
at org.junit.runners.Suite.runChild(Suite.java:128)
at org.junit.runners.Suite.runChild(Suite.java:27)
at org.junit.runners.ParentRunner$3.run(ParentRunner.java:290)
at org.junit.runners.ParentRunner$1.schedule(ParentRunner.java:71)
at org.junit.runners.ParentRunner.runChildren(ParentRunner.java:288)
at org.junit.runners.ParentRunner.access$000(ParentRunner.java:58)
at org.junit.runners.ParentRunner$2.evaluate(ParentRunner.java:268)
at org.junit.runners.ParentRunner.run(ParentRunner.java:363)
at org.junit.runner.JUnitCore.run(JUnitCore.java:137)
at org.junit.runner.JUnitCore.run(JUnitCore.java:115)
at android.support.test.internal.runner.TestExecutor.execute(TestExecutor.java:59)
at android.support.test.runner.AndroidJUnitRunner.onStart(AndroidJUnitRunner.java:262)
at android.app.Instrumentation$InstrumentationThread.run(Instrumentation.java:1584)
Caused by: android.content.res.Resources$NotFoundException: File res/drawable/ic_globe.xml from drawable resource ID #0x7f020095
at android.content.res.Resources.loadDrawable(Resources.java:1923)
at android.content.res.Resources.getDrawable(Resources.java:659)
at android.support.v4.content.ContextCompat.getDrawable(ContextCompat.java:374)
at org.wikipedia.navtab.NavTabView.drawable(NavTabView.java:63)
at org.wikipedia.navtab.NavTabView.icon(NavTabView.java:26)
at org.wikipedia.navtab.NavTabViewTest.setUp(NavTabViewTest.java:60)
at org.wikipedia.navtab.NavTabViewTest.testSelect(NavTabViewTest.java:39)
at java.lang.reflect.Method.invokeNative(Native Method)
at java.lang.reflect.Method.invoke(Method.java:511)
at org.junit.runners.model.FrameworkMethod$1.runReflectiveCall(FrameworkMethod.java:50)
at org.junit.internal.runners.model.ReflectiveCallable.run(ReflectiveCallable.java:12)
at org.junit.runners.model.FrameworkMethod.invokeExplosively(FrameworkMethod.java:47)
at org.junit.experimental.theories.Theories$TheoryAnchor$2.evaluate(Theories.java:274)
at org.junit.experimental.theories.Theories$TheoryAnchor$1$1.evaluate(Theories.java:232)
... 27 more
Caused by: org.xmlpull.v1.XmlPullParserException: Binary XML file line #1: invalid drawable tag vector
at android.graphics.drawable.Drawable.createFromXmlInner(Drawable.java:877)
at android.graphics.drawable.Drawable.createFromXml(Drawable.java:818)
at android.content.res.Resources.loadDrawable(Resources.java:1920)
... 40 more
</failure>
  </testcase>
  <testcase name="testPagesWithoutImagesPortrait" classname="org.wikipedia.page.PageLoadTest" time="53.2" />
  <testcase name="testPagesWithImagesLandscape" classname="org.wikipedia.page.PageLoadTest" time="53.739" />
  <testcase name="testPagesWithImagesPortrait" classname="org.wikipedia.page.PageLoadTest" time="56.589" />
  <testcase name="testPageFetchWithAmpersand" classname="org.wikipedia.page.PageLoadTest" time="2.312" />
  <testcase name="testPagesRtlPortrait" classname="org.wikipedia.page.PageLoadTest" time="24.795" />
  <testcase name="testPagesWithoutImagesLandscape" classname="org.wikipedia.page.PageLoadTest" time="53.384" />
  <testcase name="testPageFetch" classname="org.wikipedia.page.PageLoadTest" time="0.251" />
  <testcase name="testPagesRtlLandscape" classname="org.wikipedia.page.PageLoadTest" time="23.145" />
  <testcase name="testTask" classname="org.wikipedia.page.SuggestionsTaskTest" time="0.377" />
  <testcase name="testFilter1ResultDifferentFromTitle" classname="org.wikipedia.page.SuggestionsTaskTest" time="0.0" />
  <testcase name="testFilterNoResults" classname="org.wikipedia.page.SuggestionsTaskTest" time="0.0" />
  <testcase name="testFilter4ResultsDifferentFromTitle" classname="org.wikipedia.page.SuggestionsTaskTest" time="0.0" />
  <testcase name="testFilter1ResultSameAsTitleIgnoreCase" classname="org.wikipedia.page.SuggestionsTaskTest" time="0.0" />
  <testcase name="testCopyBitmap" classname="org.wikipedia.page.leadimages.PageHeaderViewTest" time="0.05">
    <failure>android.content.res.Resources$NotFoundException: File res/drawable/ic_volume_up_black_24dp.xml from drawable resource ID #0x7f0200c0
at android.content.res.Resources.loadDrawable(Resources.java:1923)
at android.content.res.Resources.getDrawable(Resources.java:659)
at android.support.v4.content.ContextCompat.getDrawable(ContextCompat.java:374)
at org.wikipedia.richtext.AudioUrlSpan.speakerDrawable(AudioUrlSpan.java:92)
at org.wikipedia.richtext.AudioUrlSpan.drawable(AudioUrlSpan.java:84)
at org.wikipedia.richtext.AudioUrlSpan.&lt;init&gt;(AudioUrlSpan.java:37)
at org.wikipedia.page.leadimages.PageHeaderView.pronunciationSpanned(PageHeaderView.java:292)
at org.wikipedia.page.leadimages.PageHeaderView.updateText(PageHeaderView.java:277)
at org.wikipedia.page.leadimages.PageHeaderView.setPronunciation(PageHeaderView.java:206)
at org.wikipedia.page.leadimages.PageHeaderViewTest$6.run(PageHeaderViewTest.java:295)
at android.app.Instrumentation$SyncRunnable.run(Instrumentation.java:1602)
at android.os.Handler.handleCallback(Handler.java:615)
at android.os.Handler.dispatchMessage(Handler.java:92)
at android.os.Looper.loop(Looper.java:137)
at android.app.ActivityThread.main(ActivityThread.java:4745)
at java.lang.reflect.Method.invokeNative(Native Method)
at java.lang.reflect.Method.invoke(Method.java:511)
at com.android.internal.os.ZygoteInit$MethodAndArgsCaller.run(ZygoteInit.java:786)
at com.android.internal.os.ZygoteInit.main(ZygoteInit.java:553)
at dalvik.system.NativeStart.main(Native Method)
Caused by: org.xmlpull.v1.XmlPullParserException: Binary XML file line #1: invalid drawable tag vector
at android.graphics.drawable.Drawable.createFromXmlInner(Drawable.java:877)
at android.graphics.drawable.Drawable.createFromXml(Drawable.java:818)
at android.content.res.Resources.loadDrawable(Resources.java:1920)
... 19 more
</failure>
  </testcase>
</testsuite>