<?xml version='1.0' encoding='UTF-8' ?>
<testsuite name="org.wikipedia.test" tests="147" failures="0" errors="0" skipped="0" time="312.93" timestamp="2017-02-08T22:32:39" hostname="localhost">
  <properties />
  <testcase name="testSetOnShowPasswordListener" classname="android.support.design.widget.PasswordTextInputTest" time="0.051" />
  <testcase name="testIsPasswordVisible" classname="android.support.design.widget.PasswordTextInputTest" time="0.0" />
  <testcase name="testDOMLoaded" classname="org.wikipedia.bridge.CommunicationBridgeTest" time="0.201" />
  <testcase name="testPingBackHandling" classname="org.wikipedia.bridge.CommunicationBridgeTest" time="0.101" />
  <testcase name="testAppropriateThreadFinish" classname="org.wikipedia.concurrency.SaneAsyncTaskTest" time="0.0" />
  <testcase name="testAppropriateThreadException" classname="org.wikipedia.concurrency.SaneAsyncTaskTest" time="0.0" />
  <testcase name="testFinishHandling" classname="org.wikipedia.concurrency.SaneAsyncTaskTest" time="0.0" />
  <testcase name="testExceptionHandling" classname="org.wikipedia.concurrency.SaneAsyncTaskTest" time="0.0" />
  <testcase name="testLayoutDirection" classname="org.wikipedia.descriptions.DescriptionEditHelpViewTest" time="0.627" />
  <testcase name="testFocus" classname="org.wikipedia.descriptions.DescriptionEditHelpViewTest" time="0.151" />
  <testcase name="testTheme" classname="org.wikipedia.descriptions.DescriptionEditHelpViewTest" time="0.075" />
  <testcase name="testWidth" classname="org.wikipedia.descriptions.DescriptionEditHelpViewTest" time="0.276" />
  <testcase name="testSetCallback" classname="org.wikipedia.descriptions.DescriptionEditHelpViewTest" time="0.0" />
  <testcase name="testLayoutDirection" classname="org.wikipedia.descriptions.DescriptionEditSuccessViewTest" time="0.076" />
  <testcase name="testFocus" classname="org.wikipedia.descriptions.DescriptionEditSuccessViewTest" time="0.125" />
  <testcase name="testTheme" classname="org.wikipedia.descriptions.DescriptionEditSuccessViewTest" time="0.051" />
  <testcase name="testWidth" classname="org.wikipedia.descriptions.DescriptionEditSuccessViewTest" time="0.201" />
  <testcase name="testSetCallback" classname="org.wikipedia.descriptions.DescriptionEditSuccessViewTest" time="0.0" />
  <testcase name="testLayoutDirection" classname="org.wikipedia.descriptions.DescriptionEditTutorialPageViewTest" time="0.201" />
  <testcase name="testFocus" classname="org.wikipedia.descriptions.DescriptionEditTutorialPageViewTest" time="0.175" />
  <testcase name="testTheme" classname="org.wikipedia.descriptions.DescriptionEditTutorialPageViewTest" time="0.201" />
  <testcase name="testWidth" classname="org.wikipedia.descriptions.DescriptionEditTutorialPageViewTest" time="0.427" />
  <testcase name="testSetCallback" classname="org.wikipedia.descriptions.DescriptionEditTutorialPageViewTest" time="0.025" />
  <testcase name="testSetPageTitle" classname="org.wikipedia.descriptions.DescriptionEditViewTest" time="0.025" />
  <testcase name="testLayoutDirection" classname="org.wikipedia.descriptions.DescriptionEditViewTest" time="0.076" />
  <testcase name="testSetSaveState" classname="org.wikipedia.descriptions.DescriptionEditViewTest" time="0.0" />
  <testcase name="testFocus" classname="org.wikipedia.descriptions.DescriptionEditViewTest" time="0.1" />
  <testcase name="testTheme" classname="org.wikipedia.descriptions.DescriptionEditViewTest" time="0.126" />
  <testcase name="testWidth" classname="org.wikipedia.descriptions.DescriptionEditViewTest" time="9.308" />
  <testcase name="testSetDescription" classname="org.wikipedia.descriptions.DescriptionEditViewTest" time="0.0" />
  <testcase name="testGetDescription" classname="org.wikipedia.descriptions.DescriptionEditViewTest" time="0.0" />
  <testcase name="testSetCallback" classname="org.wikipedia.descriptions.DescriptionEditViewTest" time="0.0" />
  <testcase name="testSetTitle" classname="org.wikipedia.descriptions.DescriptionEditViewTest" time="0.0" />
  <testcase name="testSyntaxHighlight" classname="org.wikipedia.edit.richtext.SyntaxHighlighterTest" time="0.501" />
  <testcase name="testLayoutDirection" classname="org.wikipedia.feed.announcement.AnnouncementCardViewTest" time="0.05" />
  <testcase name="testFocus" classname="org.wikipedia.feed.announcement.AnnouncementCardViewTest" time="0.05" />
  <testcase name="testTheme" classname="org.wikipedia.feed.announcement.AnnouncementCardViewTest" time="0.075" />
  <testcase name="testWidth" classname="org.wikipedia.feed.announcement.AnnouncementCardViewTest" time="0.101" />
  <testcase name="testNoImage" classname="org.wikipedia.feed.announcement.AnnouncementCardViewTest" time="0.025" />
  <testcase name="testSetCard" classname="org.wikipedia.feed.becauseyouread.BecauseYouReadCardViewTest" time="0.025" />
  <testcase name="testLayoutDirection" classname="org.wikipedia.feed.becauseyouread.BecauseYouReadCardViewTest" time="0.151" />
  <testcase name="testFocus" classname="org.wikipedia.feed.becauseyouread.BecauseYouReadCardViewTest" time="0.15" />
  <testcase name="testTheme" classname="org.wikipedia.feed.becauseyouread.BecauseYouReadCardViewTest" time="0.151" />
  <testcase name="testWidth" classname="org.wikipedia.feed.becauseyouread.BecauseYouReadCardViewTest" time="4.968" />
  <testcase name="testSetSubtitle" classname="org.wikipedia.feed.becauseyouread.BecauseYouReadCardViewTest" time="0.025" />
  <testcase name="testSetImageCircleColor" classname="org.wikipedia.feed.view.CardHeaderViewTest" time="0.0" />
  <testcase name="testSetTitleId" classname="org.wikipedia.feed.view.CardHeaderViewTest" time="0.0" />
  <testcase name="testSetCard" classname="org.wikipedia.feed.view.CardHeaderViewTest" time="0.0" />
  <testcase name="testSetImage" classname="org.wikipedia.feed.view.CardHeaderViewTest" time="0.0" />
  <testcase name="testLayoutDirection" classname="org.wikipedia.feed.view.CardHeaderViewTest" time="0.0" />
  <testcase name="testFocus" classname="org.wikipedia.feed.view.CardHeaderViewTest" time="0.025" />
  <testcase name="testTheme" classname="org.wikipedia.feed.view.CardHeaderViewTest" time="0.051" />
  <testcase name="testWidth" classname="org.wikipedia.feed.view.CardHeaderViewTest" time="1.003" />
  <testcase name="testSetSubtitle" classname="org.wikipedia.feed.view.CardHeaderViewTest" time="0.0" />
  <testcase name="testSetTitleStr" classname="org.wikipedia.feed.view.CardHeaderViewTest" time="0.0" />
  <testcase name="testLayoutDirection" classname="org.wikipedia.feed.view.CardLargeHeaderViewTest" time="0.05" />
  <testcase name="testFocus" classname="org.wikipedia.feed.view.CardLargeHeaderViewTest" time="0.025" />
  <testcase name="testTheme" classname="org.wikipedia.feed.view.CardLargeHeaderViewTest" time="0.025" />
  <testcase name="testWidth" classname="org.wikipedia.feed.view.CardLargeHeaderViewTest" time="0.408" />
  <testcase name="testOnClickListener" classname="org.wikipedia.feed.view.CardLargeHeaderViewTest" time="0.0" />
  <testcase name="testSetImage" classname="org.wikipedia.feed.view.CardLargeHeaderViewTest" time="0.0" />
  <testcase name="testSetTitle" classname="org.wikipedia.feed.view.CardLargeHeaderViewTest" time="0.0" />
  <testcase name="testSetGetCard" classname="org.wikipedia.feed.view.DefaultFeedCardViewTest" time="0.0" />
  <testcase name="testSetGetCallback" classname="org.wikipedia.feed.view.DefaultFeedCardViewTest" time="0.0" />
  <testcase name="testHeader" classname="org.wikipedia.feed.view.ListCardViewTest" time="0.126" />
  <testcase name="testLargeHeader" classname="org.wikipedia.feed.view.ListCardViewTest" time="0.0" />
  <testcase name="testSet" classname="org.wikipedia.feed.view.ListCardViewTest" time="0.025" />
  <testcase name="testSetCallback" classname="org.wikipedia.feed.view.ListCardViewTest" time="0.125" />
  <testcase name="testUpdate" classname="org.wikipedia.feed.view.ListCardViewTest" time="0.025" />
  <testcase name="testSetImage" classname="org.wikipedia.feed.view.PageTitleListCardItemViewTest" time="0.001" />
  <testcase name="testLayoutDirection" classname="org.wikipedia.feed.view.PageTitleListCardItemViewTest" time="0.05" />
  <testcase name="testFocus" classname="org.wikipedia.feed.view.PageTitleListCardItemViewTest" time="0.025" />
  <testcase name="testTheme" classname="org.wikipedia.feed.view.PageTitleListCardItemViewTest" time="0.025" />
  <testcase name="testWidth" classname="org.wikipedia.feed.view.PageTitleListCardItemViewTest" time="1.455" />
  <testcase name="testSetSubtitle" classname="org.wikipedia.feed.view.PageTitleListCardItemViewTest" time="0.0" />
  <testcase name="testSetCallback" classname="org.wikipedia.feed.view.PageTitleListCardItemViewTest" time="0.0" />
  <testcase name="testSetSubtitleCapitalization" classname="org.wikipedia.feed.view.PageTitleListCardItemViewTest" time="0.0" />
  <testcase name="testSetTitle" classname="org.wikipedia.feed.view.PageTitleListCardItemViewTest" time="0.0" />
  <testcase name="testUnmarshalNull" classname="org.wikipedia.json.TabUnmarshallerTest" time="0.0" />
  <testcase name="testUnmarshalNoPageTitleAuthority" classname="org.wikipedia.json.TabUnmarshallerTest" time="0.0" />
  <testcase name="testUnmarshalSingle" classname="org.wikipedia.json.TabUnmarshallerTest" time="0.0" />
  <testcase name="testUnmarshalNoHistoryEntryAuthority" classname="org.wikipedia.json.TabUnmarshallerTest" time="0.0" />
  <testcase name="testLogin" classname="org.wikipedia.login.LoginClientTest" time="2.461" />
  <testcase name="testIcon" classname="org.wikipedia.navtab.NavTabViewTest" time="0.0" />
  <testcase name="testText" classname="org.wikipedia.navtab.NavTabViewTest" time="0.0" />
  <testcase name="testLayoutDirection" classname="org.wikipedia.navtab.NavTabViewTest" time="0.025" />
  <testcase name="testTheme" classname="org.wikipedia.navtab.NavTabViewTest" time="0.0" />
  <testcase name="testWidth" classname="org.wikipedia.navtab.NavTabViewTest" time="0.05" />
  <testcase name="testSelect" classname="org.wikipedia.navtab.NavTabViewTest" time="0.025" />
  <testcase name="testPagesWithoutImagesPortrait" classname="org.wikipedia.page.PageLoadTest" time="54.889" />
  <testcase name="testPagesWithImagesLandscape" classname="org.wikipedia.page.PageLoadTest" time="54.046" />
  <testcase name="testPagesWithImagesPortrait" classname="org.wikipedia.page.PageLoadTest" time="56.507" />
  <testcase name="testPageFetchWithAmpersand" classname="org.wikipedia.page.PageLoadTest" time="0.827" />
  <testcase name="testPagesRtlPortrait" classname="org.wikipedia.page.PageLoadTest" time="24.088" />
  <testcase name="testPagesWithoutImagesLandscape" classname="org.wikipedia.page.PageLoadTest" time="53.413" />
  <testcase name="testPageFetch" classname="org.wikipedia.page.PageLoadTest" time="2.132" />
  <testcase name="testPagesRtlLandscape" classname="org.wikipedia.page.PageLoadTest" time="26.16" />
  <testcase name="testTask" classname="org.wikipedia.page.SuggestionsTaskTest" time="0.377" />
  <testcase name="testFilter1ResultDifferentFromTitle" classname="org.wikipedia.page.SuggestionsTaskTest" time="0.0" />
  <testcase name="testFilterNoResults" classname="org.wikipedia.page.SuggestionsTaskTest" time="0.0" />
  <testcase name="testFilter4ResultsDifferentFromTitle" classname="org.wikipedia.page.SuggestionsTaskTest" time="0.0" />
  <testcase name="testFilter1ResultSameAsTitleIgnoreCase" classname="org.wikipedia.page.SuggestionsTaskTest" time="0.0" />
  <testcase name="testCopyBitmap" classname="org.wikipedia.page.leadimages.PageHeaderViewTest" time="0.0" />
  <testcase name="testHide" classname="org.wikipedia.page.leadimages.PageHeaderViewTest" time="0.025" />
  <testcase name="testShowTextTitleContent" classname="org.wikipedia.page.leadimages.PageHeaderViewTest" time="0.0" />
  <testcase name="testSetImageFocus" classname="org.wikipedia.page.leadimages.PageHeaderViewTest" time="0.0" />
  <testcase name="testSetLocale" classname="org.wikipedia.page.leadimages.PageHeaderViewTest" time="0.0" />
  <testcase name="testLayoutDirection" classname="org.wikipedia.page.leadimages.PageHeaderViewTest" time="0.251" />
  <testcase name="testGetImage" classname="org.wikipedia.page.leadimages.PageHeaderViewTest" time="0.0" />
  <testcase name="testShowTextImageVisible" classname="org.wikipedia.page.leadimages.PageHeaderViewTest" time="0.0" />
  <testcase name="testTheme" classname="org.wikipedia.page.leadimages.PageHeaderViewTest" time="0.201" />
  <testcase name="testSetSubtitle" classname="org.wikipedia.page.leadimages.PageHeaderViewTest" time="0.025" />
  <testcase name="testSetPronunciation" classname="org.wikipedia.page.leadimages.PageHeaderViewTest" time="0.0" />
  <testcase name="testHasPronunciation" classname="org.wikipedia.page.leadimages.PageHeaderViewTest" time="0.025" />
  <testcase name="testSetOnImageLoadListener" classname="org.wikipedia.page.leadimages.PageHeaderViewTest" time="0.0" />
  <testcase name="testHasSubtitle" classname="org.wikipedia.page.leadimages.PageHeaderViewTest" time="0.0" />
  <testcase name="testSetAnimationPaused" classname="org.wikipedia.page.leadimages.PageHeaderViewTest" time="0.0" />
  <testcase name="testShowTextSubtitleContent" classname="org.wikipedia.page.leadimages.PageHeaderViewTest" time="0.025" />
  <testcase name="testSetCallback" classname="org.wikipedia.page.leadimages.PageHeaderViewTest" time="0.001" />
  <testcase name="testLayout" classname="org.wikipedia.page.leadimages.PageHeaderViewTest" time="7.351" />
  <testcase name="testShowTextVisible" classname="org.wikipedia.page.leadimages.PageHeaderViewTest" time="0.0" />
  <testcase name="testOnScrollChanged" classname="org.wikipedia.page.leadimages.PageHeaderViewTest" time="0.025" />
  <testcase name="testLoadImage" classname="org.wikipedia.page.leadimages.PageHeaderViewTest" time="0.0" />
  <testcase name="testSetTitle" classname="org.wikipedia.page.leadimages.PageHeaderViewTest" time="0.0" />
  <testcase name="testLayoutDirection" classname="org.wikipedia.richtext.LeadingSpanTest" time="0.025" />
  <testcase name="testWidth" classname="org.wikipedia.richtext.LeadingSpanTest" time="0.151" />
  <testcase name="testLeading" classname="org.wikipedia.richtext.LeadingSpanTest" time="1.104" />
  <testcase name="testNonClosedImgTag" classname="org.wikipedia.savedpages.ImageUrlMapTest" time="0.0" />
  <testcase name="testUrlRewrite" classname="org.wikipedia.savedpages.ImageUrlMapTest" time="0.0" />
  <testcase name="testFullTextSearchWithResults" classname="org.wikipedia.search.FullSearchArticlesTaskTest" time="0.402" />
  <testcase name="testEmptyResults" classname="org.wikipedia.search.FullSearchArticlesTaskTest" time="0.125" />
  <testcase name="testAllTranslations" classname="org.wikipedia.test.TranslationTests" time="1.781" />
  <testcase name="testLoadPages" classname="org.wikipedia.test.perf.PageLoadPerformanceTests" time="2.258" />
  <testcase name="testLayoutDirection" classname="org.wikipedia.views.AppTextViewTest" time="0.075" />
  <testcase name="testWidth" classname="org.wikipedia.views.AppTextViewTest" time="0.176" />
  <testcase name="testLeading" classname="org.wikipedia.views.AppTextViewTest" time="0.477" />
  <testcase name="testGetFormattedDrawable" classname="org.wikipedia.views.AppTextViewWithImagesTest" time="0.0" />
  <testcase name="testSetTextWithDrawablesWithOneExpectedImageSpan" classname="org.wikipedia.views.AppTextViewWithImagesTest" time="0.0" />
  <testcase name="testSetTextWithDrawablesWithTwoExpectedImageSpans" classname="org.wikipedia.views.AppTextViewWithImagesTest" time="0.0" />
  <testcase name="testMakeImageSpan" classname="org.wikipedia.views.AppTextViewWithImagesTest" time="0.0" />
  <testcase name="testSetTextWithDrawablesWithNoResourcesSpecified" classname="org.wikipedia.views.AppTextViewWithImagesTest" time="0.0" />
  <testcase name="testSetWithDrawablesWithEmptyString" classname="org.wikipedia.views.AppTextViewWithImagesTest" time="0.0" />
  <testcase name="testLayoutDirection" classname="org.wikipedia.views.AppTextViewWithImagesTest" time="0.05" />
  <testcase name="testTheme" classname="org.wikipedia.views.AppTextViewWithImagesTest" time="0.025" />
  <testcase name="testWidth" classname="org.wikipedia.views.AppTextViewWithImagesTest" time="0.201" />
  <testcase name="testOneTitle" classname="org.wikipedia.wikidata.GetDescriptionsTaskTest" time="0.125" />
  <testcase name="testThreeTitles" classname="org.wikipedia.wikidata.GetDescriptionsTaskTest" time="0.1" />
</testsuite>