<?xml version='1.0' encoding='UTF-8' ?>
<testsuite name="org.wikipedia.test" tests="24" failures="8" errors="0" skipped="0" time="0.0" timestamp="2016-10-13T17:35:14" hostname="localhost">
  <properties />
  <testcase name="testPreview" classname="org.wikipedia.editing.EditPreviewTaskTest" time="0.804" />
  <testcase name="testSyntaxHighlight" classname="org.wikipedia.editing.richtext.SyntaxHighlighterTest" time="0.578" />
  <testcase name="testLayoutDirection" classname="org.wikipedia.feed.view.CardLargeHeaderViewTest" time="0.452" />
  <testcase name="testFocus" classname="org.wikipedia.feed.view.CardLargeHeaderViewTest" time="0.065">
    <failure>org.junit.experimental.theories.internal.ParameterizedAssertionError: testFocus("LIGHT" &lt;from THEMES[0]&gt;)
at org.junit.experimental.theories.Theories$TheoryAnchor.reportParameterizedError(Theories.java:288)
at org.junit.experimental.theories.Theories$TheoryAnchor$1$1.evaluate(Theories.java:237)
at org.junit.experimental.theories.Theories$TheoryAnchor.runWithCompleteAssignment(Theories.java:218)
at org.junit.experimental.theories.Theories$TheoryAnchor.runWithAssignment(Theories.java:204)
at org.junit.experimental.theories.Theories$TheoryAnchor.runWithIncompleteAssignment(Theories.java:212)
at org.junit.experimental.theories.Theories$TheoryAnchor.runWithAssignment(Theories.java:202)
at org.junit.experimental.theories.Theories$TheoryAnchor.evaluate(Theories.java:187)
at org.junit.runners.ParentRunner.runLeaf(ParentRunner.java:325)
at org.junit.runners.BlockJUnit4ClassRunner.runChild(BlockJUnit4ClassRunner.java:78)
at org.junit.runners.BlockJUnit4ClassRunner.runChild(BlockJUnit4ClassRunner.java:57)
at org.junit.runners.ParentRunner$3.run(ParentRunner.java:290)
at org.junit.runners.ParentRunner$1.schedule(ParentRunner.java:71)
at org.junit.runners.ParentRunner.runChildren(ParentRunner.java:288)
at org.junit.runners.ParentRunner.access$000(ParentRunner.java:58)
at org.junit.runners.ParentRunner$2.evaluate(ParentRunner.java:268)
at org.junit.runners.ParentRunner.run(ParentRunner.java:363)
at org.junit.runners.Suite.runChild(Suite.java:128)
at org.junit.runners.Suite.runChild(Suite.java:27)
at org.junit.runners.ParentRunner$3.run(ParentRunner.java:290)
at org.junit.runners.ParentRunner$1.schedule(ParentRunner.java:71)
at org.junit.runners.ParentRunner.runChildren(ParentRunner.java:288)
at org.junit.runners.ParentRunner.access$000(ParentRunner.java:58)
at org.junit.runners.ParentRunner$2.evaluate(ParentRunner.java:268)
at org.junit.runners.ParentRunner.run(ParentRunner.java:363)
at org.junit.runner.JUnitCore.run(JUnitCore.java:137)
at org.junit.runner.JUnitCore.run(JUnitCore.java:115)
at android.support.test.internal.runner.TestExecutor.execute(TestExecutor.java:59)
at android.support.test.runner.AndroidJUnitRunner.onStart(AndroidJUnitRunner.java:262)
at android.app.Instrumentation$InstrumentationThread.run(Instrumentation.java:1701)
Caused by: java.lang.RuntimeException: java.lang.RuntimeException: java.lang.reflect.InvocationTargetException
at com.facebook.testing.screenshot.internal.ScreenshotImpl.runCallableOnUiThread(ScreenshotImpl.java:323)
at com.facebook.testing.screenshot.internal.ScreenshotImpl.storeBitmap(ScreenshotImpl.java:128)
at com.facebook.testing.screenshot.internal.ScreenshotImpl.record(ScreenshotImpl.java:249)
at com.facebook.testing.screenshot.internal.RecordBuilderImpl.record(RecordBuilderImpl.java:148)
at org.wikipedia.test.ViewTest.snap(ViewTest.java:98)
at org.wikipedia.feed.view.CardLargeHeaderViewTest.testFocus(CardLargeHeaderViewTest.java:52)
at java.lang.reflect.Method.invokeNative(Native Method)
at java.lang.reflect.Method.invoke(Method.java:515)
at org.junit.runners.model.FrameworkMethod$1.runReflectiveCall(FrameworkMethod.java:50)
at org.junit.internal.runners.model.ReflectiveCallable.run(ReflectiveCallable.java:12)
at org.junit.runners.model.FrameworkMethod.invokeExplosively(FrameworkMethod.java:47)
at org.junit.experimental.theories.Theories$TheoryAnchor$2.evaluate(Theories.java:274)
at org.junit.experimental.theories.Theories$TheoryAnchor$1$1.evaluate(Theories.java:232)
... 27 more
Caused by: java.lang.RuntimeException: java.lang.reflect.InvocationTargetException
at com.facebook.testing.screenshot.WindowAttachment.invokeUnchecked(WindowAttachment.java:109)
at com.facebook.testing.screenshot.WindowAttachment.invokeUnchecked(WindowAttachment.java:115)
at com.facebook.testing.screenshot.WindowAttachment.invoke(WindowAttachment.java:100)
at com.facebook.testing.screenshot.WindowAttachment.dispatchAttach(WindowAttachment.java:64)
at com.facebook.testing.screenshot.internal.ScreenshotImpl.storeBitmap(ScreenshotImpl.java:153)
at com.facebook.testing.screenshot.internal.ScreenshotImpl.access$000(ScreenshotImpl.java:43)
at com.facebook.testing.screenshot.internal.ScreenshotImpl$2.call(ScreenshotImpl.java:131)
at com.facebook.testing.screenshot.internal.ScreenshotImpl$2.call(ScreenshotImpl.java:128)
at com.facebook.testing.screenshot.internal.ScreenshotImpl$3.run(ScreenshotImpl.java:305)
at android.os.Handler.handleCallback(Handler.java:733)
at android.os.Handler.dispatchMessage(Handler.java:95)
at android.os.Looper.loop(Looper.java:136)
at android.app.ActivityThread.main(ActivityThread.java:5103)
at java.lang.reflect.Method.invokeNative(Native Method)
at java.lang.reflect.Method.invoke(Method.java:515)
at com.android.internal.os.ZygoteInit$MethodAndArgsCaller.run(ZygoteInit.java:790)
at com.android.internal.os.ZygoteInit.main(ZygoteInit.java:606)
at dalvik.system.NativeStart.main(Native Method)
Caused by: java.lang.reflect.InvocationTargetException
at java.lang.reflect.Method.invokeNative(Native Method)
at java.lang.reflect.Method.invoke(Method.java:515)
at com.facebook.testing.screenshot.WindowAttachment.invokeUnchecked(WindowAttachment.java:107)
... 17 more
Caused by: java.lang.NullPointerException
at android.view.View.onAttachedToWindow(View.java:12163)
... 20 more
</failure>
  </testcase>
  <testcase name="testTheme" classname="org.wikipedia.feed.view.CardLargeHeaderViewTest" time="0.201" />
  <testcase name="testWidth" classname="org.wikipedia.feed.view.CardLargeHeaderViewTest" time="2.511" />
  <testcase name="testOnClickListener" classname="org.wikipedia.feed.view.CardLargeHeaderViewTest" time="0.176" />
  <testcase name="testSetImage" classname="org.wikipedia.feed.view.CardLargeHeaderViewTest" time="0.025" />
  <testcase name="testSetTitle" classname="org.wikipedia.feed.view.CardLargeHeaderViewTest" time="0.025" />
  <testcase name="testIcon" classname="org.wikipedia.navtab.NavTabViewTest" time="0.026">
    <failure>android.content.res.Resources$NotFoundException: File res/drawable/ic_globe.xml from drawable resource ID #0x7f02008b
at android.content.res.Resources.loadDrawable(Resources.java:2136)
at android.content.res.Resources.getDrawable(Resources.java:715)
at android.support.v4.content.ContextCompat.getDrawable(ContextCompat.java:354)
at org.wikipedia.navtab.NavTabView.drawable(NavTabView.java:63)
at org.wikipedia.navtab.NavTabView.icon(NavTabView.java:26)
at org.wikipedia.navtab.NavTabViewTest.setUp(NavTabViewTest.java:58)
at org.wikipedia.navtab.NavTabViewTest.testIcon(NavTabViewTest.java:48)
at java.lang.reflect.Method.invokeNative(Native Method)
at java.lang.reflect.Method.invoke(Method.java:515)
at org.junit.runners.model.FrameworkMethod$1.runReflectiveCall(FrameworkMethod.java:50)
at org.junit.internal.runners.model.ReflectiveCallable.run(ReflectiveCallable.java:12)
at org.junit.runners.model.FrameworkMethod.invokeExplosively(FrameworkMethod.java:47)
at org.junit.experimental.theories.Theories$TheoryAnchor$2.evaluate(Theories.java:274)
at org.junit.experimental.theories.Theories$TheoryAnchor$1$1.evaluate(Theories.java:232)
at org.junit.experimental.theories.Theories$TheoryAnchor.runWithCompleteAssignment(Theories.java:218)
at org.junit.experimental.theories.Theories$TheoryAnchor.runWithAssignment(Theories.java:204)
at org.junit.experimental.theories.Theories$TheoryAnchor.evaluate(Theories.java:187)
at org.junit.runners.ParentRunner.runLeaf(ParentRunner.java:325)
at org.junit.runners.BlockJUnit4ClassRunner.runChild(BlockJUnit4ClassRunner.java:78)
at org.junit.runners.BlockJUnit4ClassRunner.runChild(BlockJUnit4ClassRunner.java:57)
at org.junit.runners.ParentRunner$3.run(ParentRunner.java:290)
at org.junit.runners.ParentRunner$1.schedule(ParentRunner.java:71)
at org.junit.runners.ParentRunner.runChildren(ParentRunner.java:288)
at org.junit.runners.ParentRunner.access$000(ParentRunner.java:58)
at org.junit.runners.ParentRunner$2.evaluate(ParentRunner.java:268)
at org.junit.runners.ParentRunner.run(ParentRunner.java:363)
at org.junit.runners.Suite.runChild(Suite.java:128)
at org.junit.runners.Suite.runChild(Suite.java:27)
at org.junit.runners.ParentRunner$3.run(ParentRunner.java:290)
at org.junit.runners.ParentRunner$1.schedule(ParentRunner.java:71)
at org.junit.runners.ParentRunner.runChildren(ParentRunner.java:288)
at org.junit.runners.ParentRunner.access$000(ParentRunner.java:58)
at org.junit.runners.ParentRunner$2.evaluate(ParentRunner.java:268)
at org.junit.runners.ParentRunner.run(ParentRunner.java:363)
at org.junit.runner.JUnitCore.run(JUnitCore.java:137)
at org.junit.runner.JUnitCore.run(JUnitCore.java:115)
at android.support.test.internal.runner.TestExecutor.execute(TestExecutor.java:59)
at android.support.test.runner.AndroidJUnitRunner.onStart(AndroidJUnitRunner.java:262)
at android.app.Instrumentation$InstrumentationThread.run(Instrumentation.java:1701)
Caused by: org.xmlpull.v1.XmlPullParserException: Binary XML file line #1: invalid drawable tag vector
at android.graphics.drawable.Drawable.createFromXmlInner(Drawable.java:933)
at android.graphics.drawable.Drawable.createFromXml(Drawable.java:877)
at android.content.res.Resources.loadDrawable(Resources.java:2132)
... 38 more
</failure>
  </testcase>
  <testcase name="testText" classname="org.wikipedia.navtab.NavTabViewTest" time="0.051">
    <failure>android.content.res.Resources$NotFoundException: File res/drawable/ic_globe.xml from drawable resource ID #0x7f02008b
at android.content.res.Resources.loadDrawable(Resources.java:2136)
at android.content.res.Resources.getDrawable(Resources.java:715)
at android.support.v4.content.ContextCompat.getDrawable(ContextCompat.java:354)
at org.wikipedia.navtab.NavTabView.drawable(NavTabView.java:63)
at org.wikipedia.navtab.NavTabView.icon(NavTabView.java:26)
at org.wikipedia.navtab.NavTabViewTest.setUp(NavTabViewTest.java:58)
at org.wikipedia.navtab.NavTabViewTest.testText(NavTabViewTest.java:43)
at java.lang.reflect.Method.invokeNative(Native Method)
at java.lang.reflect.Method.invoke(Method.java:515)
at org.junit.runners.model.FrameworkMethod$1.runReflectiveCall(FrameworkMethod.java:50)
at org.junit.internal.runners.model.ReflectiveCallable.run(ReflectiveCallable.java:12)
at org.junit.runners.model.FrameworkMethod.invokeExplosively(FrameworkMethod.java:47)
at org.junit.experimental.theories.Theories$TheoryAnchor$2.evaluate(Theories.java:274)
at org.junit.experimental.theories.Theories$TheoryAnchor$1$1.evaluate(Theories.java:232)
at org.junit.experimental.theories.Theories$TheoryAnchor.runWithCompleteAssignment(Theories.java:218)
at org.junit.experimental.theories.Theories$TheoryAnchor.runWithAssignment(Theories.java:204)
at org.junit.experimental.theories.Theories$TheoryAnchor.evaluate(Theories.java:187)
at org.junit.runners.ParentRunner.runLeaf(ParentRunner.java:325)
at org.junit.runners.BlockJUnit4ClassRunner.runChild(BlockJUnit4ClassRunner.java:78)
at org.junit.runners.BlockJUnit4ClassRunner.runChild(BlockJUnit4ClassRunner.java:57)
at org.junit.runners.ParentRunner$3.run(ParentRunner.java:290)
at org.junit.runners.ParentRunner$1.schedule(ParentRunner.java:71)
at org.junit.runners.ParentRunner.runChildren(ParentRunner.java:288)
at org.junit.runners.ParentRunner.access$000(ParentRunner.java:58)
at org.junit.runners.ParentRunner$2.evaluate(ParentRunner.java:268)
at org.junit.runners.ParentRunner.run(ParentRunner.java:363)
at org.junit.runners.Suite.runChild(Suite.java:128)
at org.junit.runners.Suite.runChild(Suite.java:27)
at org.junit.runners.ParentRunner$3.run(ParentRunner.java:290)
at org.junit.runners.ParentRunner$1.schedule(ParentRunner.java:71)
at org.junit.runners.ParentRunner.runChildren(ParentRunner.java:288)
at org.junit.runners.ParentRunner.access$000(ParentRunner.java:58)
at org.junit.runners.ParentRunner$2.evaluate(ParentRunner.java:268)
at org.junit.runners.ParentRunner.run(ParentRunner.java:363)
at org.junit.runner.JUnitCore.run(JUnitCore.java:137)
at org.junit.runner.JUnitCore.run(JUnitCore.java:115)
at android.support.test.internal.runner.TestExecutor.execute(TestExecutor.java:59)
at android.support.test.runner.AndroidJUnitRunner.onStart(AndroidJUnitRunner.java:262)
at android.app.Instrumentation$InstrumentationThread.run(Instrumentation.java:1701)
Caused by: org.xmlpull.v1.XmlPullParserException: Binary XML file line #1: invalid drawable tag vector
at android.graphics.drawable.Drawable.createFromXmlInner(Drawable.java:933)
at android.graphics.drawable.Drawable.createFromXml(Drawable.java:877)
at android.content.res.Resources.loadDrawable(Resources.java:2132)
... 38 more
</failure>
  </testcase>
  <testcase name="testLayoutDirection" classname="org.wikipedia.navtab.NavTabViewTest" time="0.051">
    <failure>org.junit.experimental.theories.internal.ParameterizedAssertionError: testLayoutDirection("LOCALE" &lt;from LAYOUT_DIRECTIONS[0]&gt;)
at org.junit.experimental.theories.Theories$TheoryAnchor.reportParameterizedError(Theories.java:288)
at org.junit.experimental.theories.Theories$TheoryAnchor$1$1.evaluate(Theories.java:237)
at org.junit.experimental.theories.Theories$TheoryAnchor.runWithCompleteAssignment(Theories.java:218)
at org.junit.experimental.theories.Theories$TheoryAnchor.runWithAssignment(Theories.java:204)
at org.junit.experimental.theories.Theories$TheoryAnchor.runWithIncompleteAssignment(Theories.java:212)
at org.junit.experimental.theories.Theories$TheoryAnchor.runWithAssignment(Theories.java:202)
at org.junit.experimental.theories.Theories$TheoryAnchor.evaluate(Theories.java:187)
at org.junit.runners.ParentRunner.runLeaf(ParentRunner.java:325)
at org.junit.runners.BlockJUnit4ClassRunner.runChild(BlockJUnit4ClassRunner.java:78)
at org.junit.runners.BlockJUnit4ClassRunner.runChild(BlockJUnit4ClassRunner.java:57)
at org.junit.runners.ParentRunner$3.run(ParentRunner.java:290)
at org.junit.runners.ParentRunner$1.schedule(ParentRunner.java:71)
at org.junit.runners.ParentRunner.runChildren(ParentRunner.java:288)
at org.junit.runners.ParentRunner.access$000(ParentRunner.java:58)
at org.junit.runners.ParentRunner$2.evaluate(ParentRunner.java:268)
at org.junit.runners.ParentRunner.run(ParentRunner.java:363)
at org.junit.runners.Suite.runChild(Suite.java:128)
at org.junit.runners.Suite.runChild(Suite.java:27)
at org.junit.runners.ParentRunner$3.run(ParentRunner.java:290)
at org.junit.runners.ParentRunner$1.schedule(ParentRunner.java:71)
at org.junit.runners.ParentRunner.runChildren(ParentRunner.java:288)
at org.junit.runners.ParentRunner.access$000(ParentRunner.java:58)
at org.junit.runners.ParentRunner$2.evaluate(ParentRunner.java:268)
at org.junit.runners.ParentRunner.run(ParentRunner.java:363)
at org.junit.runner.JUnitCore.run(JUnitCore.java:137)
at org.junit.runner.JUnitCore.run(JUnitCore.java:115)
at android.support.test.internal.runner.TestExecutor.execute(TestExecutor.java:59)
at android.support.test.runner.AndroidJUnitRunner.onStart(AndroidJUnitRunner.java:262)
at android.app.Instrumentation$InstrumentationThread.run(Instrumentation.java:1701)
Caused by: android.content.res.Resources$NotFoundException: File res/drawable/ic_globe.xml from drawable resource ID #0x7f02008b
at android.content.res.Resources.loadDrawable(Resources.java:2136)
at android.content.res.Resources.getDrawable(Resources.java:715)
at android.support.v4.content.ContextCompat.getDrawable(ContextCompat.java:354)
at org.wikipedia.navtab.NavTabView.drawable(NavTabView.java:63)
at org.wikipedia.navtab.NavTabView.icon(NavTabView.java:26)
at org.wikipedia.navtab.NavTabViewTest.setUp(NavTabViewTest.java:58)
at org.wikipedia.navtab.NavTabViewTest.testLayoutDirection(NavTabViewTest.java:27)
at java.lang.reflect.Method.invokeNative(Native Method)
at java.lang.reflect.Method.invoke(Method.java:515)
at org.junit.runners.model.FrameworkMethod$1.runReflectiveCall(FrameworkMethod.java:50)
at org.junit.internal.runners.model.ReflectiveCallable.run(ReflectiveCallable.java:12)
at org.junit.runners.model.FrameworkMethod.invokeExplosively(FrameworkMethod.java:47)
at org.junit.experimental.theories.Theories$TheoryAnchor$2.evaluate(Theories.java:274)
at org.junit.experimental.theories.Theories$TheoryAnchor$1$1.evaluate(Theories.java:232)
... 27 more
Caused by: org.xmlpull.v1.XmlPullParserException: Binary XML file line #1: invalid drawable tag vector
at android.graphics.drawable.Drawable.createFromXmlInner(Drawable.java:933)
at android.graphics.drawable.Drawable.createFromXml(Drawable.java:877)
at android.content.res.Resources.loadDrawable(Resources.java:2132)
... 40 more
</failure>
  </testcase>
  <testcase name="testTheme" classname="org.wikipedia.navtab.NavTabViewTest" time="0.026">
    <failure>org.junit.experimental.theories.internal.ParameterizedAssertionError: testTheme("LIGHT" &lt;from THEMES[0]&gt;)
at org.junit.experimental.theories.Theories$TheoryAnchor.reportParameterizedError(Theories.java:288)
at org.junit.experimental.theories.Theories$TheoryAnchor$1$1.evaluate(Theories.java:237)
at org.junit.experimental.theories.Theories$TheoryAnchor.runWithCompleteAssignment(Theories.java:218)
at org.junit.experimental.theories.Theories$TheoryAnchor.runWithAssignment(Theories.java:204)
at org.junit.experimental.theories.Theories$TheoryAnchor.runWithIncompleteAssignment(Theories.java:212)
at org.junit.experimental.theories.Theories$TheoryAnchor.runWithAssignment(Theories.java:202)
at org.junit.experimental.theories.Theories$TheoryAnchor.evaluate(Theories.java:187)
at org.junit.runners.ParentRunner.runLeaf(ParentRunner.java:325)
at org.junit.runners.BlockJUnit4ClassRunner.runChild(BlockJUnit4ClassRunner.java:78)
at org.junit.runners.BlockJUnit4ClassRunner.runChild(BlockJUnit4ClassRunner.java:57)
at org.junit.runners.ParentRunner$3.run(ParentRunner.java:290)
at org.junit.runners.ParentRunner$1.schedule(ParentRunner.java:71)
at org.junit.runners.ParentRunner.runChildren(ParentRunner.java:288)
at org.junit.runners.ParentRunner.access$000(ParentRunner.java:58)
at org.junit.runners.ParentRunner$2.evaluate(ParentRunner.java:268)
at org.junit.runners.ParentRunner.run(ParentRunner.java:363)
at org.junit.runners.Suite.runChild(Suite.java:128)
at org.junit.runners.Suite.runChild(Suite.java:27)
at org.junit.runners.ParentRunner$3.run(ParentRunner.java:290)
at org.junit.runners.ParentRunner$1.schedule(ParentRunner.java:71)
at org.junit.runners.ParentRunner.runChildren(ParentRunner.java:288)
at org.junit.runners.ParentRunner.access$000(ParentRunner.java:58)
at org.junit.runners.ParentRunner$2.evaluate(ParentRunner.java:268)
at org.junit.runners.ParentRunner.run(ParentRunner.java:363)
at org.junit.runner.JUnitCore.run(JUnitCore.java:137)
at org.junit.runner.JUnitCore.run(JUnitCore.java:115)
at android.support.test.internal.runner.TestExecutor.execute(TestExecutor.java:59)
at android.support.test.runner.AndroidJUnitRunner.onStart(AndroidJUnitRunner.java:262)
at android.app.Instrumentation$InstrumentationThread.run(Instrumentation.java:1701)
Caused by: android.content.res.Resources$NotFoundException: File res/drawable/ic_globe.xml from drawable resource ID #0x7f02008b
at android.content.res.Resources.loadDrawable(Resources.java:2136)
at android.content.res.Resources.getDrawable(Resources.java:715)
at android.support.v4.content.ContextCompat.getDrawable(ContextCompat.java:354)
at org.wikipedia.navtab.NavTabView.drawable(NavTabView.java:63)
at org.wikipedia.navtab.NavTabView.icon(NavTabView.java:26)
at org.wikipedia.navtab.NavTabViewTest.setUp(NavTabViewTest.java:58)
at org.wikipedia.navtab.NavTabViewTest.testTheme(NavTabViewTest.java:32)
at java.lang.reflect.Method.invokeNative(Native Method)
at java.lang.reflect.Method.invoke(Method.java:515)
at org.junit.runners.model.FrameworkMethod$1.runReflectiveCall(FrameworkMethod.java:50)
at org.junit.internal.runners.model.ReflectiveCallable.run(ReflectiveCallable.java:12)
at org.junit.runners.model.FrameworkMethod.invokeExplosively(FrameworkMethod.java:47)
at org.junit.experimental.theories.Theories$TheoryAnchor$2.evaluate(Theories.java:274)
at org.junit.experimental.theories.Theories$TheoryAnchor$1$1.evaluate(Theories.java:232)
... 27 more
Caused by: org.xmlpull.v1.XmlPullParserException: Binary XML file line #1: invalid drawable tag vector
at android.graphics.drawable.Drawable.createFromXmlInner(Drawable.java:933)
at android.graphics.drawable.Drawable.createFromXml(Drawable.java:877)
at android.content.res.Resources.loadDrawable(Resources.java:2132)
... 40 more
</failure>
  </testcase>
  <testcase name="testWidth" classname="org.wikipedia.navtab.NavTabViewTest" time="0.001">
    <failure>org.junit.experimental.theories.internal.ParameterizedAssertionError: testWidth("720" &lt;from ints&gt;, "1.0" &lt;from FONT_SCALES[0]&gt;)
at org.junit.experimental.theories.Theories$TheoryAnchor.reportParameterizedError(Theories.java:288)
at org.junit.experimental.theories.Theories$TheoryAnchor$1$1.evaluate(Theories.java:237)
at org.junit.experimental.theories.Theories$TheoryAnchor.runWithCompleteAssignment(Theories.java:218)
at org.junit.experimental.theories.Theories$TheoryAnchor.runWithAssignment(Theories.java:204)
at org.junit.experimental.theories.Theories$TheoryAnchor.runWithIncompleteAssignment(Theories.java:212)
at org.junit.experimental.theories.Theories$TheoryAnchor.runWithAssignment(Theories.java:202)
at org.junit.experimental.theories.Theories$TheoryAnchor.runWithIncompleteAssignment(Theories.java:212)
at org.junit.experimental.theories.Theories$TheoryAnchor.runWithAssignment(Theories.java:202)
at org.junit.experimental.theories.Theories$TheoryAnchor.evaluate(Theories.java:187)
at org.junit.runners.ParentRunner.runLeaf(ParentRunner.java:325)
at org.junit.runners.BlockJUnit4ClassRunner.runChild(BlockJUnit4ClassRunner.java:78)
at org.junit.runners.BlockJUnit4ClassRunner.runChild(BlockJUnit4ClassRunner.java:57)
at org.junit.runners.ParentRunner$3.run(ParentRunner.java:290)
at org.junit.runners.ParentRunner$1.schedule(ParentRunner.java:71)
at org.junit.runners.ParentRunner.runChildren(ParentRunner.java:288)
at org.junit.runners.ParentRunner.access$000(ParentRunner.java:58)
at org.junit.runners.ParentRunner$2.evaluate(ParentRunner.java:268)
at org.junit.runners.ParentRunner.run(ParentRunner.java:363)
at org.junit.runners.Suite.runChild(Suite.java:128)
at org.junit.runners.Suite.runChild(Suite.java:27)
at org.junit.runners.ParentRunner$3.run(ParentRunner.java:290)
at org.junit.runners.ParentRunner$1.schedule(ParentRunner.java:71)
at org.junit.runners.ParentRunner.runChildren(ParentRunner.java:288)
at org.junit.runners.ParentRunner.access$000(ParentRunner.java:58)
at org.junit.runners.ParentRunner$2.evaluate(ParentRunner.java:268)
at org.junit.runners.ParentRunner.run(ParentRunner.java:363)
at org.junit.runner.JUnitCore.run(JUnitCore.java:137)
at org.junit.runner.JUnitCore.run(JUnitCore.java:115)
at android.support.test.internal.runner.TestExecutor.execute(TestExecutor.java:59)
at android.support.test.runner.AndroidJUnitRunner.onStart(AndroidJUnitRunner.java:262)
at android.app.Instrumentation$InstrumentationThread.run(Instrumentation.java:1701)
Caused by: android.content.res.Resources$NotFoundException: File res/drawable/ic_globe.xml from drawable resource ID #0x7f02008b
at android.content.res.Resources.loadDrawable(Resources.java:2136)
at android.content.res.Resources.getDrawable(Resources.java:715)
at android.support.v4.content.ContextCompat.getDrawable(ContextCompat.java:354)
at org.wikipedia.navtab.NavTabView.drawable(NavTabView.java:63)
at org.wikipedia.navtab.NavTabView.icon(NavTabView.java:26)
at org.wikipedia.navtab.NavTabViewTest.setUp(NavTabViewTest.java:58)
at org.wikipedia.navtab.NavTabViewTest.testWidth(NavTabViewTest.java:22)
at java.lang.reflect.Method.invokeNative(Native Method)
at java.lang.reflect.Method.invoke(Method.java:515)
at org.junit.runners.model.FrameworkMethod$1.runReflectiveCall(FrameworkMethod.java:50)
at org.junit.internal.runners.model.ReflectiveCallable.run(ReflectiveCallable.java:12)
at org.junit.runners.model.FrameworkMethod.invokeExplosively(FrameworkMethod.java:47)
at org.junit.experimental.theories.Theories$TheoryAnchor$2.evaluate(Theories.java:274)
at org.junit.experimental.theories.Theories$TheoryAnchor$1$1.evaluate(Theories.java:232)
... 29 more
Caused by: org.xmlpull.v1.XmlPullParserException: Binary XML file line #1: invalid drawable tag vector
at android.graphics.drawable.Drawable.createFromXmlInner(Drawable.java:933)
at android.graphics.drawable.Drawable.createFromXml(Drawable.java:877)
at android.content.res.Resources.loadDrawable(Resources.java:2132)
... 42 more
</failure>
  </testcase>
  <testcase name="testSelect" classname="org.wikipedia.navtab.NavTabViewTest" time="0.026">
    <failure>org.junit.experimental.theories.internal.ParameterizedAssertionError: testSelect("LIGHT" &lt;from THEMES[0]&gt;)
at org.junit.experimental.theories.Theories$TheoryAnchor.reportParameterizedError(Theories.java:288)
at org.junit.experimental.theories.Theories$TheoryAnchor$1$1.evaluate(Theories.java:237)
at org.junit.experimental.theories.Theories$TheoryAnchor.runWithCompleteAssignment(Theories.java:218)
at org.junit.experimental.theories.Theories$TheoryAnchor.runWithAssignment(Theories.java:204)
at org.junit.experimental.theories.Theories$TheoryAnchor.runWithIncompleteAssignment(Theories.java:212)
at org.junit.experimental.theories.Theories$TheoryAnchor.runWithAssignment(Theories.java:202)
at org.junit.experimental.theories.Theories$TheoryAnchor.evaluate(Theories.java:187)
at org.junit.runners.ParentRunner.runLeaf(ParentRunner.java:325)
at org.junit.runners.BlockJUnit4ClassRunner.runChild(BlockJUnit4ClassRunner.java:78)
at org.junit.runners.BlockJUnit4ClassRunner.runChild(BlockJUnit4ClassRunner.java:57)
at org.junit.runners.ParentRunner$3.run(ParentRunner.java:290)
at org.junit.runners.ParentRunner$1.schedule(ParentRunner.java:71)
at org.junit.runners.ParentRunner.runChildren(ParentRunner.java:288)
at org.junit.runners.ParentRunner.access$000(ParentRunner.java:58)
at org.junit.runners.ParentRunner$2.evaluate(ParentRunner.java:268)
at org.junit.runners.ParentRunner.run(ParentRunner.java:363)
at org.junit.runners.Suite.runChild(Suite.java:128)
at org.junit.runners.Suite.runChild(Suite.java:27)
at org.junit.runners.ParentRunner$3.run(ParentRunner.java:290)
at org.junit.runners.ParentRunner$1.schedule(ParentRunner.java:71)
at org.junit.runners.ParentRunner.runChildren(ParentRunner.java:288)
at org.junit.runners.ParentRunner.access$000(ParentRunner.java:58)
at org.junit.runners.ParentRunner$2.evaluate(ParentRunner.java:268)
at org.junit.runners.ParentRunner.run(ParentRunner.java:363)
at org.junit.runner.JUnitCore.run(JUnitCore.java:137)
at org.junit.runner.JUnitCore.run(JUnitCore.java:115)
at android.support.test.internal.runner.TestExecutor.execute(TestExecutor.java:59)
at android.support.test.runner.AndroidJUnitRunner.onStart(AndroidJUnitRunner.java:262)
at android.app.Instrumentation$InstrumentationThread.run(Instrumentation.java:1701)
Caused by: android.content.res.Resources$NotFoundException: File res/drawable/ic_globe.xml from drawable resource ID #0x7f02008b
at android.content.res.Resources.loadDrawable(Resources.java:2136)
at android.content.res.Resources.getDrawable(Resources.java:715)
at android.support.v4.content.ContextCompat.getDrawable(ContextCompat.java:354)
at org.wikipedia.navtab.NavTabView.drawable(NavTabView.java:63)
at org.wikipedia.navtab.NavTabView.icon(NavTabView.java:26)
at org.wikipedia.navtab.NavTabViewTest.setUp(NavTabViewTest.java:58)
at org.wikipedia.navtab.NavTabViewTest.testSelect(NavTabViewTest.java:37)
at java.lang.reflect.Method.invokeNative(Native Method)
at java.lang.reflect.Method.invoke(Method.java:515)
at org.junit.runners.model.FrameworkMethod$1.runReflectiveCall(FrameworkMethod.java:50)
at org.junit.internal.runners.model.ReflectiveCallable.run(ReflectiveCallable.java:12)
at org.junit.runners.model.FrameworkMethod.invokeExplosively(FrameworkMethod.java:47)
at org.junit.experimental.theories.Theories$TheoryAnchor$2.evaluate(Theories.java:274)
at org.junit.experimental.theories.Theories$TheoryAnchor$1$1.evaluate(Theories.java:232)
... 27 more
Caused by: org.xmlpull.v1.XmlPullParserException: Binary XML file line #1: invalid drawable tag vector
at android.graphics.drawable.Drawable.createFromXmlInner(Drawable.java:933)
at android.graphics.drawable.Drawable.createFromXml(Drawable.java:877)
at android.content.res.Resources.loadDrawable(Resources.java:2132)
... 40 more
</failure>
  </testcase>
  <testcase name="testCompare" classname="org.wikipedia.nearby.NearbyUnitTests" time="0.0" />
  <testcase name="testGetDistanceLabelKilometers" classname="org.wikipedia.nearby.NearbyUnitTests" time="0.025" />
  <testcase name="testGetDistanceLabelMeters" classname="org.wikipedia.nearby.NearbyUnitTests" time="0.0" />
  <testcase name="testGetDistanceLabelNull" classname="org.wikipedia.nearby.NearbyUnitTests" time="0.0" />
  <testcase name="testGetDistanceLabelSameLocation" classname="org.wikipedia.nearby.NearbyUnitTests" time="0.025" />
  <testcase name="testSort" classname="org.wikipedia.nearby.NearbyUnitTests" time="0.0" />
  <testcase name="testSortWithNullLocations" classname="org.wikipedia.nearby.NearbyUnitTests" time="0.0" />
  <testcase name="testAndroidTestCaseSetupProperly" classname="org.wikipedia.nearby.NearbyUnitTests" time="0.0" />
  <testcase name="testPagesWithoutImagesPortrait" classname="org.wikipedia.page.PageLoadTest" time="29.325">
    <failure>Test failed to run to completion. Reason: 'Test run failed to complete. Expected 75 tests, received 23'. Check device logcat for details</failure>
  </testcase>
</testsuite>