<?xml version='1.0' encoding='UTF-8' ?>
<testsuite name="org.wikipedia.test" tests="25" failures="2" errors="0" skipped="0" time="0.0" timestamp="2016-05-23T19:30:32" hostname="localhost">
  <properties />
  <testcase name="testPreview" classname="org.wikipedia.editing.EditPreviewTaskTest" time="0.972" />
  <testcase name="testSyntaxHighlight" classname="org.wikipedia.editing.richtext.SyntaxHighlighterTest" time="0.25">
    <failure>java.lang.RuntimeException: Can't create handler inside thread that has not called Looper.prepare()
at android.os.Handler.&lt;init&gt;(Handler.java:197)
at android.os.Handler.&lt;init&gt;(Handler.java:111)
at android.widget.Editor$UserDictionaryListener.&lt;init&gt;(Editor.java:3836)
at android.widget.Editor.&lt;init&gt;(Editor.java:192)
at android.widget.TextView.createEditorIfNeeded(TextView.java:8489)
at android.widget.TextView.&lt;init&gt;(TextView.java:1121)
at android.widget.EditText.&lt;init&gt;(EditText.java:60)
at android.widget.EditText.&lt;init&gt;(EditText.java:56)
at android.widget.EditText.&lt;init&gt;(EditText.java:52)
at org.wikipedia.editing.richtext.SyntaxHighlighterTest.testSyntaxHighlight(SyntaxHighlighterTest.java:28)
at java.lang.reflect.Method.invokeNative(Native Method)
at java.lang.reflect.Method.invoke(Method.java:511)
at org.junit.runners.model.FrameworkMethod$1.runReflectiveCall(FrameworkMethod.java:50)
at org.junit.internal.runners.model.ReflectiveCallable.run(ReflectiveCallable.java:12)
at org.junit.runners.model.FrameworkMethod.invokeExplosively(FrameworkMethod.java:47)
at org.junit.internal.runners.statements.InvokeMethod.evaluate(InvokeMethod.java:17)
at org.junit.runners.ParentRunner.runLeaf(ParentRunner.java:325)
at org.junit.runners.BlockJUnit4ClassRunner.runChild(BlockJUnit4ClassRunner.java:78)
at org.junit.runners.BlockJUnit4ClassRunner.runChild(BlockJUnit4ClassRunner.java:57)
at org.junit.runners.ParentRunner$3.run(ParentRunner.java:290)
at org.junit.runners.ParentRunner$1.schedule(ParentRunner.java:71)
at org.junit.runners.ParentRunner.runChildren(ParentRunner.java:288)
at org.junit.runners.ParentRunner.access$000(ParentRunner.java:58)
at org.junit.runners.ParentRunner$2.evaluate(ParentRunner.java:268)
at org.junit.runners.ParentRunner.run(ParentRunner.java:363)
at org.junit.runners.Suite.runChild(Suite.java:128)
at org.junit.runners.Suite.runChild(Suite.java:27)
at org.junit.runners.ParentRunner$3.run(ParentRunner.java:290)
at org.junit.runners.ParentRunner$1.schedule(ParentRunner.java:71)
at org.junit.runners.ParentRunner.runChildren(ParentRunner.java:288)
at org.junit.runners.ParentRunner.access$000(ParentRunner.java:58)
at org.junit.runners.ParentRunner$2.evaluate(ParentRunner.java:268)
at org.junit.runners.ParentRunner.run(ParentRunner.java:363)
at org.junit.runner.JUnitCore.run(JUnitCore.java:137)
at org.junit.runner.JUnitCore.run(JUnitCore.java:115)
at android.support.test.internal.runner.TestExecutor.execute(TestExecutor.java:59)
at android.support.test.runner.AndroidJUnitRunner.onStart(AndroidJUnitRunner.java:262)
at android.app.Instrumentation$InstrumentationThread.run(Instrumentation.java:1661)
</failure>
  </testcase>
  <testcase name="testCompare" classname="org.wikipedia.nearby.NearbyUnitTests" time="0.0" />
  <testcase name="testGetDistanceLabelKilometers" classname="org.wikipedia.nearby.NearbyUnitTests" time="0.0" />
  <testcase name="testGetDistanceLabelMeters" classname="org.wikipedia.nearby.NearbyUnitTests" time="0.0" />
  <testcase name="testGetDistanceLabelNull" classname="org.wikipedia.nearby.NearbyUnitTests" time="0.0" />
  <testcase name="testGetDistanceLabelSameLocation" classname="org.wikipedia.nearby.NearbyUnitTests" time="0.0" />
  <testcase name="testSort" classname="org.wikipedia.nearby.NearbyUnitTests" time="0.0" />
  <testcase name="testSortWithNullLocations" classname="org.wikipedia.nearby.NearbyUnitTests" time="0.0" />
  <testcase name="testAndroidTestCaseSetupProperly" classname="org.wikipedia.nearby.NearbyUnitTests" time="0.0" />
  <testcase name="testPagesWithoutImagesPortrait" classname="org.wikipedia.page.PageLoadTest" time="60.718" />
  <testcase name="testPagesWithImagesLandscape" classname="org.wikipedia.page.PageLoadTest" time="55.375" />
  <testcase name="testPagesWithImagesPortrait" classname="org.wikipedia.page.PageLoadTest" time="60.722" />
  <testcase name="testPageFetchWithAmpersand" classname="org.wikipedia.page.PageLoadTest" time="0.94" />
  <testcase name="testPagesRtlPortrait" classname="org.wikipedia.page.PageLoadTest" time="24.793" />
  <testcase name="testPagesWithoutImagesLandscape" classname="org.wikipedia.page.PageLoadTest" time="53.674" />
  <testcase name="testPageFetch" classname="org.wikipedia.page.PageLoadTest" time="0.953" />
  <testcase name="testPagesRtlLandscape" classname="org.wikipedia.page.PageLoadTest" time="24.039" />
  <testcase name="testNonClosedImgTag" classname="org.wikipedia.savedpages.ImageUrlMapTests" time="0.025" />
  <testcase name="testUrlRewrite" classname="org.wikipedia.savedpages.ImageUrlMapTests" time="0.025" />
  <testcase name="testDOMLoaded" classname="org.wikipedia.test.BridgeTests" time="0.151" />
  <testcase name="testPingBackHandling" classname="org.wikipedia.test.BridgeTests" time="0.151" />
  <testcase name="testTokenFetch" classname="org.wikipedia.test.CreateAccountTaskTest" time="0.553" />
  <testcase name="testAbuseFilterTriggerStopOnArbitraryErrorCode" classname="org.wikipedia.test.EditTaskTest" time="0.528" />
  <testcase name="testEdit" classname="org.wikipedia.test.EditTaskTest" time="0.354">
    <failure>java.lang.RuntimeException: ratelimited: You've exceeded your rate limit. Please wait some time and try again
at org.wikipedia.ApiTask.onCatch(ApiTask.java:46)
at org.wikipedia.concurrency.SaneAsyncTask.onPostExecute(SaneAsyncTask.java:72)
at android.os.AsyncTask.finish(AsyncTask.java:631)
at android.os.AsyncTask.access$600(AsyncTask.java:177)
at android.os.AsyncTask$InternalHandler.handleMessage(AsyncTask.java:644)
at android.os.Handler.dispatchMessage(Handler.java:99)
at android.os.Looper.loop(Looper.java:137)
at android.app.ActivityThread.main(ActivityThread.java:5041)
at java.lang.reflect.Method.invokeNative(Native Method)
at java.lang.reflect.Method.invoke(Method.java:511)
at com.android.internal.os.ZygoteInit$MethodAndArgsCaller.run(ZygoteInit.java:793)
at com.android.internal.os.ZygoteInit.main(ZygoteInit.java:560)
at dalvik.system.NativeStart.main(Native Method)
Caused by: ratelimited: You've exceeded your rate limit. Please wait some time and try again
at org.mediawiki.api.json.ApiResult.assertSuccess(ApiResult.java:110)
at org.mediawiki.api.json.ApiResult.asObject(ApiResult.java:81)
at org.wikipedia.editing.EditTask.processResult(EditTask.java:56)
at org.wikipedia.editing.EditTask.processResult(EditTask.java:13)
at org.wikipedia.ApiTask.performTask(ApiTask.java:31)
at org.wikipedia.concurrency.SaneAsyncTask.doInBackground(SaneAsyncTask.java:57)
at org.wikipedia.concurrency.SaneAsyncTask.doInBackground(SaneAsyncTask.java:16)
at android.os.AsyncTask$2.call(AsyncTask.java:287)
at java.util.concurrent.FutureTask.run(FutureTask.java:234)
at java.util.concurrent.ThreadPoolExecutor.runWorker(ThreadPoolExecutor.java:1080)
at java.util.concurrent.ThreadPoolExecutor$Worker.run(ThreadPoolExecutor.java:573)
at java.lang.Thread.run(Thread.java:856)
</failure>
  </testcase>
</testsuite>