<?xml version='1.0' encoding='UTF-8' ?>
<testsuite name="org.wikipedia.test" tests="73" failures="0" errors="0" skipped="0" time="361.832" timestamp="2016-05-23T19:31:50" hostname="localhost">
  <properties />
  <testcase name="testPreview" classname="org.wikipedia.editing.EditPreviewTaskTest" time="0.774" />
  <testcase name="testSyntaxHighlight" classname="org.wikipedia.editing.richtext.SyntaxHighlighterTest" time="0.574" />
  <testcase name="testCompare" classname="org.wikipedia.nearby.NearbyUnitTests" time="0.0" />
  <testcase name="testGetDistanceLabelKilometers" classname="org.wikipedia.nearby.NearbyUnitTests" time="0.0" />
  <testcase name="testGetDistanceLabelMeters" classname="org.wikipedia.nearby.NearbyUnitTests" time="0.0" />
  <testcase name="testGetDistanceLabelNull" classname="org.wikipedia.nearby.NearbyUnitTests" time="0.0" />
  <testcase name="testGetDistanceLabelSameLocation" classname="org.wikipedia.nearby.NearbyUnitTests" time="0.0" />
  <testcase name="testSort" classname="org.wikipedia.nearby.NearbyUnitTests" time="0.0" />
  <testcase name="testSortWithNullLocations" classname="org.wikipedia.nearby.NearbyUnitTests" time="0.001" />
  <testcase name="testAndroidTestCaseSetupProperly" classname="org.wikipedia.nearby.NearbyUnitTests" time="0.028" />
  <testcase name="testPagesWithoutImagesPortrait" classname="org.wikipedia.page.PageLoadTest" time="60.402" />
  <testcase name="testPagesWithImagesLandscape" classname="org.wikipedia.page.PageLoadTest" time="67.493" />
  <testcase name="testPagesWithImagesPortrait" classname="org.wikipedia.page.PageLoadTest" time="68.905" />
  <testcase name="testPageFetchWithAmpersand" classname="org.wikipedia.page.PageLoadTest" time="5.195" />
  <testcase name="testPagesRtlPortrait" classname="org.wikipedia.page.PageLoadTest" time="31.435" />
  <testcase name="testPagesWithoutImagesLandscape" classname="org.wikipedia.page.PageLoadTest" time="63.01" />
  <testcase name="testPageFetch" classname="org.wikipedia.page.PageLoadTest" time="3.567" />
  <testcase name="testPagesRtlLandscape" classname="org.wikipedia.page.PageLoadTest" time="30.27" />
  <testcase name="testNonClosedImgTag" classname="org.wikipedia.savedpages.ImageUrlMapTests" time="0.126" />
  <testcase name="testUrlRewrite" classname="org.wikipedia.savedpages.ImageUrlMapTests" time="0.0" />
  <testcase name="testDOMLoaded" classname="org.wikipedia.test.BridgeTests" time="2.083" />
  <testcase name="testPingBackHandling" classname="org.wikipedia.test.BridgeTests" time="0.075" />
  <testcase name="testTokenFetch" classname="org.wikipedia.test.CreateAccountTaskTest" time="0.628" />
  <testcase name="testAbuseFilterTriggerStopOnArbitraryErrorCode" classname="org.wikipedia.test.EditTaskTest" time="0.627" />
  <testcase name="testEdit" classname="org.wikipedia.test.EditTaskTest" time="0.427" />
  <testcase name="testCaptcha" classname="org.wikipedia.test.EditTaskTest" time="0.377" />
  <testcase name="testAbuseFilterTriggerStop" classname="org.wikipedia.test.EditTaskTest" time="0.756" />
  <testcase name="testAbuseFilterTriggerWarn" classname="org.wikipedia.test.EditTaskTest" time="0.552" />
  <testcase name="testPageFetch" classname="org.wikipedia.test.FetchSectionWikitextTaskTests" time="1.48" />
  <testcase name="testEmptyResults" classname="org.wikipedia.test.FullSearchTaskTests" time="0.477" />
  <testcase name="testFullTextSearchWithResults" classname="org.wikipedia.test.FullSearchTaskTests" time="0.451" />
  <testcase name="testOneTitle" classname="org.wikipedia.test.GetDescriptionsTaskTests" time="0.351" />
  <testcase name="testThreeTitles" classname="org.wikipedia.test.GetDescriptionsTaskTests" time="0.377" />
  <testcase name="testDefaultLocaleAndAcceptLanguageAgree" classname="org.wikipedia.test.LanguageVariantTests" time="0.175" />
  <testcase name="testLogin" classname="org.wikipedia.test.LoginTaskTest" time="1.784" />
  <testcase name="testJSONSerialization" classname="org.wikipedia.test.PageTests" time="0.075" />
  <testcase name="testCanonicalURL" classname="org.wikipedia.test.PageTitleTests" time="0.0" />
  <testcase name="testColonChar" classname="org.wikipedia.test.PageTitleTests" time="0.026" />
  <testcase name="testEquals" classname="org.wikipedia.test.PageTitleTests" time="0.025" />
  <testcase name="testFile" classname="org.wikipedia.test.PageTitleTests" time="0.0" />
  <testcase name="testFromInternalLink" classname="org.wikipedia.test.PageTitleTests" time="0.025" />
  <testcase name="testHashChar" classname="org.wikipedia.test.PageTitleTests" time="0.0" />
  <testcase name="testJSONSerialization" classname="org.wikipedia.test.PageTitleTests" time="0.0" />
  <testcase name="testMainpage" classname="org.wikipedia.test.PageTitleTests" time="0.0" />
  <testcase name="testParsing" classname="org.wikipedia.test.PageTitleTests" time="0.0" />
  <testcase name="testPrefixedText" classname="org.wikipedia.test.PageTitleTests" time="0.0" />
  <testcase name="testSite" classname="org.wikipedia.test.PageTitleTests" time="0.0" />
  <testcase name="testSpecial" classname="org.wikipedia.test.PageTitleTests" time="0.0" />
  <testcase name="testHistoryEntry" classname="org.wikipedia.test.ParcelableTest" time="0.001" />
  <testcase name="testLruCache" classname="org.wikipedia.test.ParcelableTest" time="0.051" />
  <testcase name="testPageImage" classname="org.wikipedia.test.ParcelableTest" time="0.0" />
  <testcase name="testPageProperties" classname="org.wikipedia.test.ParcelableTest" time="0.0" />
  <testcase name="testPageTitle" classname="org.wikipedia.test.ParcelableTest" time="0.0" />
  <testcase name="testPageTitleTalk" classname="org.wikipedia.test.ParcelableTest" time="0.0" />
  <testcase name="testSite" classname="org.wikipedia.test.ParcelableTest" time="0.0" />
  <testcase name="testJSONSerialization" classname="org.wikipedia.test.SectionTests" time="0.0" />
  <testcase name="testSectionLead" classname="org.wikipedia.test.SectionTests" time="0.0" />
  <testcase name="testAndroidTestCaseSetupProperly" classname="org.wikipedia.test.SectionTests" time="0.0" />
  <testcase name="testEquals" classname="org.wikipedia.test.SiteTests" time="0.0" />
  <testcase name="testIsSupportedSite" classname="org.wikipedia.test.SiteTests" time="0.0" />
  <testcase name="testNormalization" classname="org.wikipedia.test.SiteTests" time="0.0" />
  <testcase name="testTitleForInternalLink" classname="org.wikipedia.test.SiteTests" time="0.0" />
  <testcase name="testFilter1ResultDifferentFromTitle" classname="org.wikipedia.test.SuggestionsTaskTests" time="0.176" />
  <testcase name="testFilter1ResultSameAsTitleIgnoreCase" classname="org.wikipedia.test.SuggestionsTaskTests" time="0.151" />
  <testcase name="testFilter4ResultsDifferentFromTitle" classname="org.wikipedia.test.SuggestionsTaskTests" time="0.176" />
  <testcase name="testFilterNoResults" classname="org.wikipedia.test.SuggestionsTaskTests" time="0.176" />
  <testcase name="testTask" classname="org.wikipedia.test.SuggestionsTaskTests" time="0.627" />
  <testcase name="testAllTranslations" classname="org.wikipedia.test.TranslationTests" time="10.149" />
  <testcase name="testAppropriateThreadException" classname="org.wikipedia.test.concurrency.AsyncTaskTest" time="0.225" />
  <testcase name="testAppropriateThreadFinish" classname="org.wikipedia.test.concurrency.AsyncTaskTest" time="0.251" />
  <testcase name="testExceptionHandling" classname="org.wikipedia.test.concurrency.AsyncTaskTest" time="0.252" />
  <testcase name="testFinishHandling" classname="org.wikipedia.test.concurrency.AsyncTaskTest" time="0.301" />
  <testcase name="testLoadPages" classname="org.wikipedia.test.perf.PageLoadPerformanceTests" time="5.499" />
</testsuite>