<?xml version='1.0' encoding='UTF-8' ?>
<testsuite name="org.wikipedia.test" tests="17" failures="8" errors="0" skipped="0" time="0.0" timestamp="2016-07-25T22:06:48" hostname="localhost">
  <properties />
  <testcase name="testPreview" classname="org.wikipedia.editing.EditPreviewTaskTest" time="0.453" />
  <testcase name="testSyntaxHighlight" classname="org.wikipedia.editing.richtext.SyntaxHighlighterTest" time="0.528" />
  <testcase name="testCompare" classname="org.wikipedia.nearby.NearbyUnitTests" time="0.0" />
  <testcase name="testGetDistanceLabelKilometers" classname="org.wikipedia.nearby.NearbyUnitTests" time="0.014">
    <failure>junit.framework.ComparisonFailure: expected:&lt;1[.]11 km&gt; but was:&lt;1[,]11 km&gt;
at junit.framework.Assert.assertEquals(Assert.java:85)
at junit.framework.Assert.assertEquals(Assert.java:91)
at org.wikipedia.nearby.NearbyUnitTests.testGetDistanceLabelKilometers(NearbyUnitTests.java:95)
at java.lang.reflect.Method.invokeNative(Native Method)
at java.lang.reflect.Method.invoke(Method.java:511)
at junit.framework.TestCase.runTest(TestCase.java:168)
at junit.framework.TestCase.runBare(TestCase.java:134)
at junit.framework.TestResult$1.protect(TestResult.java:115)
at android.support.test.internal.runner.junit3.AndroidTestResult.runProtected(AndroidTestResult.java:77)
at junit.framework.TestResult.run(TestResult.java:118)
at android.support.test.internal.runner.junit3.AndroidTestResult.run(AndroidTestResult.java:55)
at junit.framework.TestCase.run(TestCase.java:124)
at android.support.test.internal.runner.junit3.NonLeakyTestSuite$NonLeakyTest.run(NonLeakyTestSuite.java:63)
at junit.framework.TestSuite.runTest(TestSuite.java:243)
at junit.framework.TestSuite.run(TestSuite.java:238)
at android.support.test.internal.runner.junit3.DelegatingTestSuite.run(DelegatingTestSuite.java:103)
at android.support.test.internal.runner.junit3.AndroidTestSuite.run(AndroidTestSuite.java:69)
at android.support.test.internal.runner.junit3.JUnit38ClassRunner.run(JUnit38ClassRunner.java:103)
at org.junit.runners.Suite.runChild(Suite.java:128)
at org.junit.runners.Suite.runChild(Suite.java:27)
at org.junit.runners.ParentRunner$3.run(ParentRunner.java:290)
at org.junit.runners.ParentRunner$1.schedule(ParentRunner.java:71)
at org.junit.runners.ParentRunner.runChildren(ParentRunner.java:288)
at org.junit.runners.ParentRunner.access$000(ParentRunner.java:58)
at org.junit.runners.ParentRunner$2.evaluate(ParentRunner.java:268)
at org.junit.runners.ParentRunner.run(ParentRunner.java:363)
at org.junit.runner.JUnitCore.run(JUnitCore.java:137)
at org.junit.runner.JUnitCore.run(JUnitCore.java:115)
at android.support.test.internal.runner.TestExecutor.execute(TestExecutor.java:59)
at android.support.test.runner.AndroidJUnitRunner.onStart(AndroidJUnitRunner.java:262)
at android.app.Instrumentation$InstrumentationThread.run(Instrumentation.java:1584)
</failure>
  </testcase>
  <testcase name="testGetDistanceLabelMeters" classname="org.wikipedia.nearby.NearbyUnitTests" time="0.0" />
  <testcase name="testGetDistanceLabelNull" classname="org.wikipedia.nearby.NearbyUnitTests" time="0.001" />
  <testcase name="testGetDistanceLabelSameLocation" classname="org.wikipedia.nearby.NearbyUnitTests" time="0.0" />
  <testcase name="testSort" classname="org.wikipedia.nearby.NearbyUnitTests" time="0.0" />
  <testcase name="testSortWithNullLocations" classname="org.wikipedia.nearby.NearbyUnitTests" time="0.0" />
  <testcase name="testAndroidTestCaseSetupProperly" classname="org.wikipedia.nearby.NearbyUnitTests" time="0.0" />
  <testcase name="testPagesWithoutImagesPortrait" classname="org.wikipedia.page.PageLoadTest" time="3.305">
    <failure>java.lang.ClassCastException: org.wikipedia.feed.FeedFragment cannot be cast to org.wikipedia.page.PageFragment
at org.wikipedia.page.BasePageLoadTest.getFragment(BasePageLoadTest.java:92)
at org.wikipedia.page.BasePageLoadTest.loadPageSync(BasePageLoadTest.java:46)
at org.wikipedia.page.BasePageLoadTest.loadPageSync(BasePageLoadTest.java:40)
at org.wikipedia.page.PageLoadTest.testPages(PageLoadTest.java:92)
at org.wikipedia.page.PageLoadTest.testPages(PageLoadTest.java:85)
at org.wikipedia.page.PageLoadTest.testPagesWithoutImages(PageLoadTest.java:76)
at org.wikipedia.page.PageLoadTest.testPagesWithoutImagesPortrait(PageLoadTest.java:49)
at java.lang.reflect.Method.invokeNative(Native Method)
at java.lang.reflect.Method.invoke(Method.java:511)
at org.junit.runners.model.FrameworkMethod$1.runReflectiveCall(FrameworkMethod.java:50)
at org.junit.internal.runners.model.ReflectiveCallable.run(ReflectiveCallable.java:12)
at org.junit.runners.model.FrameworkMethod.invokeExplosively(FrameworkMethod.java:47)
at org.junit.internal.runners.statements.InvokeMethod.evaluate(InvokeMethod.java:17)
at android.support.test.internal.statement.UiThreadStatement.evaluate(UiThreadStatement.java:55)
at android.support.test.rule.ActivityTestRule$ActivityStatement.evaluate(ActivityTestRule.java:270)
at org.junit.rules.RunRules.evaluate(RunRules.java:20)
at org.junit.runners.ParentRunner.runLeaf(ParentRunner.java:325)
at org.junit.runners.BlockJUnit4ClassRunner.runChild(BlockJUnit4ClassRunner.java:78)
at org.junit.runners.BlockJUnit4ClassRunner.runChild(BlockJUnit4ClassRunner.java:57)
at org.junit.runners.ParentRunner$3.run(ParentRunner.java:290)
at org.junit.runners.ParentRunner$1.schedule(ParentRunner.java:71)
at org.junit.runners.ParentRunner.runChildren(ParentRunner.java:288)
at org.junit.runners.ParentRunner.access$000(ParentRunner.java:58)
at org.junit.runners.ParentRunner$2.evaluate(ParentRunner.java:268)
at org.junit.runners.ParentRunner.run(ParentRunner.java:363)
at org.junit.runners.Suite.runChild(Suite.java:128)
at org.junit.runners.Suite.runChild(Suite.java:27)
at org.junit.runners.ParentRunner$3.run(ParentRunner.java:290)
at org.junit.runners.ParentRunner$1.schedule(ParentRunner.java:71)
at org.junit.runners.ParentRunner.runChildren(ParentRunner.java:288)
at org.junit.runners.ParentRunner.access$000(ParentRunner.java:58)
at org.junit.runners.ParentRunner$2.evaluate(ParentRunner.java:268)
at org.junit.runners.ParentRunner.run(ParentRunner.java:363)
at org.junit.runner.JUnitCore.run(JUnitCore.java:137)
at org.junit.runner.JUnitCore.run(JUnitCore.java:115)
at android.support.test.internal.runner.TestExecutor.execute(TestExecutor.java:59)
at android.support.test.runner.AndroidJUnitRunner.onStart(AndroidJUnitRunner.java:262)
at android.app.Instrumentation$InstrumentationThread.run(Instrumentation.java:1584)
</failure>
  </testcase>
  <testcase name="testPagesWithImagesLandscape" classname="org.wikipedia.page.PageLoadTest" time="0.6">
    <failure>java.lang.ClassCastException: org.wikipedia.feed.FeedFragment cannot be cast to org.wikipedia.page.PageFragment
at org.wikipedia.page.BasePageLoadTest.getFragment(BasePageLoadTest.java:92)
at org.wikipedia.page.BasePageLoadTest.loadPageSync(BasePageLoadTest.java:46)
at org.wikipedia.page.BasePageLoadTest.loadPageSync(BasePageLoadTest.java:40)
at org.wikipedia.page.PageLoadTest.testPages(PageLoadTest.java:92)
at org.wikipedia.page.PageLoadTest.testPages(PageLoadTest.java:85)
at org.wikipedia.page.PageLoadTest.testPagesWithImages(PageLoadTest.java:67)
at org.wikipedia.page.PageLoadTest.testPagesWithImagesLandscape(PageLoadTest.java:31)
at java.lang.reflect.Method.invokeNative(Native Method)
at java.lang.reflect.Method.invoke(Method.java:511)
at org.junit.runners.model.FrameworkMethod$1.runReflectiveCall(FrameworkMethod.java:50)
at org.junit.internal.runners.model.ReflectiveCallable.run(ReflectiveCallable.java:12)
at org.junit.runners.model.FrameworkMethod.invokeExplosively(FrameworkMethod.java:47)
at org.junit.internal.runners.statements.InvokeMethod.evaluate(InvokeMethod.java:17)
at android.support.test.internal.statement.UiThreadStatement.evaluate(UiThreadStatement.java:55)
at android.support.test.rule.ActivityTestRule$ActivityStatement.evaluate(ActivityTestRule.java:270)
at org.junit.rules.RunRules.evaluate(RunRules.java:20)
at org.junit.runners.ParentRunner.runLeaf(ParentRunner.java:325)
at org.junit.runners.BlockJUnit4ClassRunner.runChild(BlockJUnit4ClassRunner.java:78)
at org.junit.runners.BlockJUnit4ClassRunner.runChild(BlockJUnit4ClassRunner.java:57)
at org.junit.runners.ParentRunner$3.run(ParentRunner.java:290)
at org.junit.runners.ParentRunner$1.schedule(ParentRunner.java:71)
at org.junit.runners.ParentRunner.runChildren(ParentRunner.java:288)
at org.junit.runners.ParentRunner.access$000(ParentRunner.java:58)
at org.junit.runners.ParentRunner$2.evaluate(ParentRunner.java:268)
at org.junit.runners.ParentRunner.run(ParentRunner.java:363)
at org.junit.runners.Suite.runChild(Suite.java:128)
at org.junit.runners.Suite.runChild(Suite.java:27)
at org.junit.runners.ParentRunner$3.run(ParentRunner.java:290)
at org.junit.runners.ParentRunner$1.schedule(ParentRunner.java:71)
at org.junit.runners.ParentRunner.runChildren(ParentRunner.java:288)
at org.junit.runners.ParentRunner.access$000(ParentRunner.java:58)
at org.junit.runners.ParentRunner$2.evaluate(ParentRunner.java:268)
at org.junit.runners.ParentRunner.run(ParentRunner.java:363)
at org.junit.runner.JUnitCore.run(JUnitCore.java:137)
at org.junit.runner.JUnitCore.run(JUnitCore.java:115)
at android.support.test.internal.runner.TestExecutor.execute(TestExecutor.java:59)
at android.support.test.runner.AndroidJUnitRunner.onStart(AndroidJUnitRunner.java:262)
at android.app.Instrumentation$InstrumentationThread.run(Instrumentation.java:1584)
</failure>
  </testcase>
  <testcase name="testPagesWithImagesPortrait" classname="org.wikipedia.page.PageLoadTest" time="0.637">
    <failure>java.lang.ClassCastException: org.wikipedia.feed.FeedFragment cannot be cast to org.wikipedia.page.PageFragment
at org.wikipedia.page.BasePageLoadTest.getFragment(BasePageLoadTest.java:92)
at org.wikipedia.page.BasePageLoadTest.loadPageSync(BasePageLoadTest.java:46)
at org.wikipedia.page.BasePageLoadTest.loadPageSync(BasePageLoadTest.java:40)
at org.wikipedia.page.PageLoadTest.testPages(PageLoadTest.java:92)
at org.wikipedia.page.PageLoadTest.testPages(PageLoadTest.java:85)
at org.wikipedia.page.PageLoadTest.testPagesWithImages(PageLoadTest.java:67)
at org.wikipedia.page.PageLoadTest.testPagesWithImagesPortrait(PageLoadTest.java:37)
at java.lang.reflect.Method.invokeNative(Native Method)
at java.lang.reflect.Method.invoke(Method.java:511)
at org.junit.runners.model.FrameworkMethod$1.runReflectiveCall(FrameworkMethod.java:50)
at org.junit.internal.runners.model.ReflectiveCallable.run(ReflectiveCallable.java:12)
at org.junit.runners.model.FrameworkMethod.invokeExplosively(FrameworkMethod.java:47)
at org.junit.internal.runners.statements.InvokeMethod.evaluate(InvokeMethod.java:17)
at android.support.test.internal.statement.UiThreadStatement.evaluate(UiThreadStatement.java:55)
at android.support.test.rule.ActivityTestRule$ActivityStatement.evaluate(ActivityTestRule.java:270)
at org.junit.rules.RunRules.evaluate(RunRules.java:20)
at org.junit.runners.ParentRunner.runLeaf(ParentRunner.java:325)
at org.junit.runners.BlockJUnit4ClassRunner.runChild(BlockJUnit4ClassRunner.java:78)
at org.junit.runners.BlockJUnit4ClassRunner.runChild(BlockJUnit4ClassRunner.java:57)
at org.junit.runners.ParentRunner$3.run(ParentRunner.java:290)
at org.junit.runners.ParentRunner$1.schedule(ParentRunner.java:71)
at org.junit.runners.ParentRunner.runChildren(ParentRunner.java:288)
at org.junit.runners.ParentRunner.access$000(ParentRunner.java:58)
at org.junit.runners.ParentRunner$2.evaluate(ParentRunner.java:268)
at org.junit.runners.ParentRunner.run(ParentRunner.java:363)
at org.junit.runners.Suite.runChild(Suite.java:128)
at org.junit.runners.Suite.runChild(Suite.java:27)
at org.junit.runners.ParentRunner$3.run(ParentRunner.java:290)
at org.junit.runners.ParentRunner$1.schedule(ParentRunner.java:71)
at org.junit.runners.ParentRunner.runChildren(ParentRunner.java:288)
at org.junit.runners.ParentRunner.access$000(ParentRunner.java:58)
at org.junit.runners.ParentRunner$2.evaluate(ParentRunner.java:268)
at org.junit.runners.ParentRunner.run(ParentRunner.java:363)
at org.junit.runner.JUnitCore.run(JUnitCore.java:137)
at org.junit.runner.JUnitCore.run(JUnitCore.java:115)
at android.support.test.internal.runner.TestExecutor.execute(TestExecutor.java:59)
at android.support.test.runner.AndroidJUnitRunner.onStart(AndroidJUnitRunner.java:262)
at android.app.Instrumentation$InstrumentationThread.run(Instrumentation.java:1584)
</failure>
  </testcase>
  <testcase name="testPageFetchWithAmpersand" classname="org.wikipedia.page.PageLoadTest" time="0.513">
    <failure>java.lang.ClassCastException: org.wikipedia.feed.FeedFragment cannot be cast to org.wikipedia.page.PageFragment
at org.wikipedia.page.BasePageLoadTest.getFragment(BasePageLoadTest.java:92)
at org.wikipedia.page.BasePageLoadTest.loadPageSync(BasePageLoadTest.java:46)
at org.wikipedia.page.BasePageLoadTest.loadPageSync(BasePageLoadTest.java:40)
at org.wikipedia.page.PageLoadTest.testPageFetchWithAmpersand(PageLoadTest.java:25)
at java.lang.reflect.Method.invokeNative(Native Method)
at java.lang.reflect.Method.invoke(Method.java:511)
at org.junit.runners.model.FrameworkMethod$1.runReflectiveCall(FrameworkMethod.java:50)
at org.junit.internal.runners.model.ReflectiveCallable.run(ReflectiveCallable.java:12)
at org.junit.runners.model.FrameworkMethod.invokeExplosively(FrameworkMethod.java:47)
at org.junit.internal.runners.statements.InvokeMethod.evaluate(InvokeMethod.java:17)
at android.support.test.internal.statement.UiThreadStatement.evaluate(UiThreadStatement.java:55)
at android.support.test.rule.ActivityTestRule$ActivityStatement.evaluate(ActivityTestRule.java:270)
at org.junit.rules.RunRules.evaluate(RunRules.java:20)
at org.junit.runners.ParentRunner.runLeaf(ParentRunner.java:325)
at org.junit.runners.BlockJUnit4ClassRunner.runChild(BlockJUnit4ClassRunner.java:78)
at org.junit.runners.BlockJUnit4ClassRunner.runChild(BlockJUnit4ClassRunner.java:57)
at org.junit.runners.ParentRunner$3.run(ParentRunner.java:290)
at org.junit.runners.ParentRunner$1.schedule(ParentRunner.java:71)
at org.junit.runners.ParentRunner.runChildren(ParentRunner.java:288)
at org.junit.runners.ParentRunner.access$000(ParentRunner.java:58)
at org.junit.runners.ParentRunner$2.evaluate(ParentRunner.java:268)
at org.junit.runners.ParentRunner.run(ParentRunner.java:363)
at org.junit.runners.Suite.runChild(Suite.java:128)
at org.junit.runners.Suite.runChild(Suite.java:27)
at org.junit.runners.ParentRunner$3.run(ParentRunner.java:290)
at org.junit.runners.ParentRunner$1.schedule(ParentRunner.java:71)
at org.junit.runners.ParentRunner.runChildren(ParentRunner.java:288)
at org.junit.runners.ParentRunner.access$000(ParentRunner.java:58)
at org.junit.runners.ParentRunner$2.evaluate(ParentRunner.java:268)
at org.junit.runners.ParentRunner.run(ParentRunner.java:363)
at org.junit.runner.JUnitCore.run(JUnitCore.java:137)
at org.junit.runner.JUnitCore.run(JUnitCore.java:115)
at android.support.test.internal.runner.TestExecutor.execute(TestExecutor.java:59)
at android.support.test.runner.AndroidJUnitRunner.onStart(AndroidJUnitRunner.java:262)
at android.app.Instrumentation$InstrumentationThread.run(Instrumentation.java:1584)
</failure>
  </testcase>
  <testcase name="testPagesRtlPortrait" classname="org.wikipedia.page.PageLoadTest" time="0.327">
    <failure>java.lang.ClassCastException: org.wikipedia.feed.FeedFragment cannot be cast to org.wikipedia.page.PageFragment
at org.wikipedia.page.BasePageLoadTest.getFragment(BasePageLoadTest.java:92)
at org.wikipedia.page.BasePageLoadTest.loadPageSync(BasePageLoadTest.java:46)
at org.wikipedia.page.BasePageLoadTest.loadPageSync(BasePageLoadTest.java:40)
at org.wikipedia.page.PageLoadTest.testPages(PageLoadTest.java:92)
at org.wikipedia.page.PageLoadTest.testPagesRtl(PageLoadTest.java:81)
at org.wikipedia.page.PageLoadTest.testPagesRtlPortrait(PageLoadTest.java:61)
at java.lang.reflect.Method.invokeNative(Native Method)
at java.lang.reflect.Method.invoke(Method.java:511)
at org.junit.runners.model.FrameworkMethod$1.runReflectiveCall(FrameworkMethod.java:50)
at org.junit.internal.runners.model.ReflectiveCallable.run(ReflectiveCallable.java:12)
at org.junit.runners.model.FrameworkMethod.invokeExplosively(FrameworkMethod.java:47)
at org.junit.internal.runners.statements.InvokeMethod.evaluate(InvokeMethod.java:17)
at android.support.test.internal.statement.UiThreadStatement.evaluate(UiThreadStatement.java:55)
at android.support.test.rule.ActivityTestRule$ActivityStatement.evaluate(ActivityTestRule.java:270)
at org.junit.rules.RunRules.evaluate(RunRules.java:20)
at org.junit.runners.ParentRunner.runLeaf(ParentRunner.java:325)
at org.junit.runners.BlockJUnit4ClassRunner.runChild(BlockJUnit4ClassRunner.java:78)
at org.junit.runners.BlockJUnit4ClassRunner.runChild(BlockJUnit4ClassRunner.java:57)
at org.junit.runners.ParentRunner$3.run(ParentRunner.java:290)
at org.junit.runners.ParentRunner$1.schedule(ParentRunner.java:71)
at org.junit.runners.ParentRunner.runChildren(ParentRunner.java:288)
at org.junit.runners.ParentRunner.access$000(ParentRunner.java:58)
at org.junit.runners.ParentRunner$2.evaluate(ParentRunner.java:268)
at org.junit.runners.ParentRunner.run(ParentRunner.java:363)
at org.junit.runners.Suite.runChild(Suite.java:128)
at org.junit.runners.Suite.runChild(Suite.java:27)
at org.junit.runners.ParentRunner$3.run(ParentRunner.java:290)
at org.junit.runners.ParentRunner$1.schedule(ParentRunner.java:71)
at org.junit.runners.ParentRunner.runChildren(ParentRunner.java:288)
at org.junit.runners.ParentRunner.access$000(ParentRunner.java:58)
at org.junit.runners.ParentRunner$2.evaluate(ParentRunner.java:268)
at org.junit.runners.ParentRunner.run(ParentRunner.java:363)
at org.junit.runner.JUnitCore.run(JUnitCore.java:137)
at org.junit.runner.JUnitCore.run(JUnitCore.java:115)
at android.support.test.internal.runner.TestExecutor.execute(TestExecutor.java:59)
at android.support.test.runner.AndroidJUnitRunner.onStart(AndroidJUnitRunner.java:262)
at android.app.Instrumentation$InstrumentationThread.run(Instrumentation.java:1584)
</failure>
  </testcase>
  <testcase name="testPagesWithoutImagesLandscape" classname="org.wikipedia.page.PageLoadTest" time="0.402">
    <failure>java.lang.ClassCastException: org.wikipedia.feed.FeedFragment cannot be cast to org.wikipedia.page.PageFragment
at org.wikipedia.page.BasePageLoadTest.getFragment(BasePageLoadTest.java:92)
at org.wikipedia.page.BasePageLoadTest.loadPageSync(BasePageLoadTest.java:46)
at org.wikipedia.page.BasePageLoadTest.loadPageSync(BasePageLoadTest.java:40)
at org.wikipedia.page.PageLoadTest.testPages(PageLoadTest.java:92)
at org.wikipedia.page.PageLoadTest.testPages(PageLoadTest.java:85)
at org.wikipedia.page.PageLoadTest.testPagesWithoutImages(PageLoadTest.java:76)
at org.wikipedia.page.PageLoadTest.testPagesWithoutImagesLandscape(PageLoadTest.java:43)
at java.lang.reflect.Method.invokeNative(Native Method)
at java.lang.reflect.Method.invoke(Method.java:511)
at org.junit.runners.model.FrameworkMethod$1.runReflectiveCall(FrameworkMethod.java:50)
at org.junit.internal.runners.model.ReflectiveCallable.run(ReflectiveCallable.java:12)
at org.junit.runners.model.FrameworkMethod.invokeExplosively(FrameworkMethod.java:47)
at org.junit.internal.runners.statements.InvokeMethod.evaluate(InvokeMethod.java:17)
at android.support.test.internal.statement.UiThreadStatement.evaluate(UiThreadStatement.java:55)
at android.support.test.rule.ActivityTestRule$ActivityStatement.evaluate(ActivityTestRule.java:270)
at org.junit.rules.RunRules.evaluate(RunRules.java:20)
at org.junit.runners.ParentRunner.runLeaf(ParentRunner.java:325)
at org.junit.runners.BlockJUnit4ClassRunner.runChild(BlockJUnit4ClassRunner.java:78)
at org.junit.runners.BlockJUnit4ClassRunner.runChild(BlockJUnit4ClassRunner.java:57)
at org.junit.runners.ParentRunner$3.run(ParentRunner.java:290)
at org.junit.runners.ParentRunner$1.schedule(ParentRunner.java:71)
at org.junit.runners.ParentRunner.runChildren(ParentRunner.java:288)
at org.junit.runners.ParentRunner.access$000(ParentRunner.java:58)
at org.junit.runners.ParentRunner$2.evaluate(ParentRunner.java:268)
at org.junit.runners.ParentRunner.run(ParentRunner.java:363)
at org.junit.runners.Suite.runChild(Suite.java:128)
at org.junit.runners.Suite.runChild(Suite.java:27)
at org.junit.runners.ParentRunner$3.run(ParentRunner.java:290)
at org.junit.runners.ParentRunner$1.schedule(ParentRunner.java:71)
at org.junit.runners.ParentRunner.runChildren(ParentRunner.java:288)
at org.junit.runners.ParentRunner.access$000(ParentRunner.java:58)
at org.junit.runners.ParentRunner$2.evaluate(ParentRunner.java:268)
at org.junit.runners.ParentRunner.run(ParentRunner.java:363)
at org.junit.runner.JUnitCore.run(JUnitCore.java:137)
at org.junit.runner.JUnitCore.run(JUnitCore.java:115)
at android.support.test.internal.runner.TestExecutor.execute(TestExecutor.java:59)
at android.support.test.runner.AndroidJUnitRunner.onStart(AndroidJUnitRunner.java:262)
at android.app.Instrumentation$InstrumentationThread.run(Instrumentation.java:1584)
</failure>
  </testcase>
  <testcase name="testPageFetch" classname="org.wikipedia.page.PageLoadTest" time="0.677">
    <failure>java.lang.ClassCastException: org.wikipedia.feed.FeedFragment cannot be cast to org.wikipedia.page.PageFragment
at org.wikipedia.page.BasePageLoadTest.getFragment(BasePageLoadTest.java:92)
at org.wikipedia.page.BasePageLoadTest$1.run(BasePageLoadTest.java:60)
at android.app.Instrumentation$SyncRunnable.run(Instrumentation.java:1602)
at android.os.Handler.handleCallback(Handler.java:615)
at android.os.Handler.dispatchMessage(Handler.java:92)
at android.os.Looper.loop(Looper.java:137)
at android.app.ActivityThread.main(ActivityThread.java:4745)
at java.lang.reflect.Method.invokeNative(Native Method)
at java.lang.reflect.Method.invoke(Method.java:511)
at com.android.internal.os.ZygoteInit$MethodAndArgsCaller.run(ZygoteInit.java:786)
at com.android.internal.os.ZygoteInit.main(ZygoteInit.java:553)
at dalvik.system.NativeStart.main(Native Method)
</failure>
  </testcase>
</testsuite>