<?xml version='1.0' encoding='UTF-8' ?>
<testsuite name="org.wikipedia.test" tests="73" failures="0" errors="0" skipped="0" time="320.0" timestamp="2016-05-24T00:42:14" hostname="localhost">
  <properties />
  <testcase name="testPreview" classname="org.wikipedia.editing.EditPreviewTaskTest" time="0.603" />
  <testcase name="testSyntaxHighlight" classname="org.wikipedia.editing.richtext.SyntaxHighlighterTest" time="0.526" />
  <testcase name="testCompare" classname="org.wikipedia.nearby.NearbyUnitTests" time="0.0" />
  <testcase name="testGetDistanceLabelKilometers" classname="org.wikipedia.nearby.NearbyUnitTests" time="0.0" />
  <testcase name="testGetDistanceLabelMeters" classname="org.wikipedia.nearby.NearbyUnitTests" time="0.0" />
  <testcase name="testGetDistanceLabelNull" classname="org.wikipedia.nearby.NearbyUnitTests" time="0.0" />
  <testcase name="testGetDistanceLabelSameLocation" classname="org.wikipedia.nearby.NearbyUnitTests" time="0.0" />
  <testcase name="testSort" classname="org.wikipedia.nearby.NearbyUnitTests" time="0.0" />
  <testcase name="testSortWithNullLocations" classname="org.wikipedia.nearby.NearbyUnitTests" time="0.0" />
  <testcase name="testAndroidTestCaseSetupProperly" classname="org.wikipedia.nearby.NearbyUnitTests" time="0.0" />
  <testcase name="testPagesWithoutImagesPortrait" classname="org.wikipedia.page.PageLoadTest" time="60.157" />
  <testcase name="testPagesWithImagesLandscape" classname="org.wikipedia.page.PageLoadTest" time="61.146" />
  <testcase name="testPagesWithImagesPortrait" classname="org.wikipedia.page.PageLoadTest" time="63.757" />
  <testcase name="testPageFetchWithAmpersand" classname="org.wikipedia.page.PageLoadTest" time="0.955" />
  <testcase name="testPagesRtlPortrait" classname="org.wikipedia.page.PageLoadTest" time="32.138" />
  <testcase name="testPagesWithoutImagesLandscape" classname="org.wikipedia.page.PageLoadTest" time="59.386" />
  <testcase name="testPageFetch" classname="org.wikipedia.page.PageLoadTest" time="0.452" />
  <testcase name="testPagesRtlLandscape" classname="org.wikipedia.page.PageLoadTest" time="25.776" />
  <testcase name="testNonClosedImgTag" classname="org.wikipedia.savedpages.ImageUrlMapTests" time="0.1" />
  <testcase name="testUrlRewrite" classname="org.wikipedia.savedpages.ImageUrlMapTests" time="0.026" />
  <testcase name="testDOMLoaded" classname="org.wikipedia.test.BridgeTests" time="0.552" />
  <testcase name="testPingBackHandling" classname="org.wikipedia.test.BridgeTests" time="0.076" />
  <testcase name="testTokenFetch" classname="org.wikipedia.test.CreateAccountTaskTest" time="0.878" />
  <testcase name="testAbuseFilterTriggerStopOnArbitraryErrorCode" classname="org.wikipedia.test.EditTaskTest" time="0.477" />
  <testcase name="testEdit" classname="org.wikipedia.test.EditTaskTest" time="2.409" />
  <testcase name="testCaptcha" classname="org.wikipedia.test.EditTaskTest" time="0.276" />
  <testcase name="testAbuseFilterTriggerStop" classname="org.wikipedia.test.EditTaskTest" time="0.377" />
  <testcase name="testAbuseFilterTriggerWarn" classname="org.wikipedia.test.EditTaskTest" time="0.502" />
  <testcase name="testPageFetch" classname="org.wikipedia.test.FetchSectionWikitextTaskTests" time="0.602" />
  <testcase name="testEmptyResults" classname="org.wikipedia.test.FullSearchTaskTests" time="0.302" />
  <testcase name="testFullTextSearchWithResults" classname="org.wikipedia.test.FullSearchTaskTests" time="0.326" />
  <testcase name="testOneTitle" classname="org.wikipedia.test.GetDescriptionsTaskTests" time="0.251" />
  <testcase name="testThreeTitles" classname="org.wikipedia.test.GetDescriptionsTaskTests" time="0.251" />
  <testcase name="testDefaultLocaleAndAcceptLanguageAgree" classname="org.wikipedia.test.LanguageVariantTests" time="0.075" />
  <testcase name="testLogin" classname="org.wikipedia.test.LoginTaskTest" time="2.208" />
  <testcase name="testJSONSerialization" classname="org.wikipedia.test.PageTests" time="0.025" />
  <testcase name="testCanonicalURL" classname="org.wikipedia.test.PageTitleTests" time="0.0" />
  <testcase name="testColonChar" classname="org.wikipedia.test.PageTitleTests" time="0.0" />
  <testcase name="testEquals" classname="org.wikipedia.test.PageTitleTests" time="0.0" />
  <testcase name="testFile" classname="org.wikipedia.test.PageTitleTests" time="0.025" />
  <testcase name="testFromInternalLink" classname="org.wikipedia.test.PageTitleTests" time="0.0" />
  <testcase name="testHashChar" classname="org.wikipedia.test.PageTitleTests" time="0.0" />
  <testcase name="testJSONSerialization" classname="org.wikipedia.test.PageTitleTests" time="0.001" />
  <testcase name="testMainpage" classname="org.wikipedia.test.PageTitleTests" time="0.0" />
  <testcase name="testParsing" classname="org.wikipedia.test.PageTitleTests" time="0.0" />
  <testcase name="testPrefixedText" classname="org.wikipedia.test.PageTitleTests" time="0.0" />
  <testcase name="testSite" classname="org.wikipedia.test.PageTitleTests" time="0.0" />
  <testcase name="testSpecial" classname="org.wikipedia.test.PageTitleTests" time="0.0" />
  <testcase name="testHistoryEntry" classname="org.wikipedia.test.ParcelableTest" time="0.025" />
  <testcase name="testLruCache" classname="org.wikipedia.test.ParcelableTest" time="0.0" />
  <testcase name="testPageImage" classname="org.wikipedia.test.ParcelableTest" time="0.0" />
  <testcase name="testPageProperties" classname="org.wikipedia.test.ParcelableTest" time="0.0" />
  <testcase name="testPageTitle" classname="org.wikipedia.test.ParcelableTest" time="0.0" />
  <testcase name="testPageTitleTalk" classname="org.wikipedia.test.ParcelableTest" time="0.0" />
  <testcase name="testSite" classname="org.wikipedia.test.ParcelableTest" time="0.0" />
  <testcase name="testJSONSerialization" classname="org.wikipedia.test.SectionTests" time="0.0" />
  <testcase name="testSectionLead" classname="org.wikipedia.test.SectionTests" time="0.0" />
  <testcase name="testAndroidTestCaseSetupProperly" classname="org.wikipedia.test.SectionTests" time="0.001" />
  <testcase name="testEquals" classname="org.wikipedia.test.SiteTests" time="0.0" />
  <testcase name="testIsSupportedSite" classname="org.wikipedia.test.SiteTests" time="0.0" />
  <testcase name="testNormalization" classname="org.wikipedia.test.SiteTests" time="0.0" />
  <testcase name="testTitleForInternalLink" classname="org.wikipedia.test.SiteTests" time="0.0" />
  <testcase name="testFilter1ResultDifferentFromTitle" classname="org.wikipedia.test.SuggestionsTaskTests" time="0.1" />
  <testcase name="testFilter1ResultSameAsTitleIgnoreCase" classname="org.wikipedia.test.SuggestionsTaskTests" time="0.075" />
  <testcase name="testFilter4ResultsDifferentFromTitle" classname="org.wikipedia.test.SuggestionsTaskTests" time="0.076" />
  <testcase name="testFilterNoResults" classname="org.wikipedia.test.SuggestionsTaskTests" time="0.05" />
  <testcase name="testTask" classname="org.wikipedia.test.SuggestionsTaskTests" time="0.326" />
  <testcase name="testAllTranslations" classname="org.wikipedia.test.TranslationTests" time="2.684" />
  <testcase name="testAppropriateThreadException" classname="org.wikipedia.test.concurrency.AsyncTaskTest" time="0.101" />
  <testcase name="testAppropriateThreadFinish" classname="org.wikipedia.test.concurrency.AsyncTaskTest" time="0.075" />
  <testcase name="testExceptionHandling" classname="org.wikipedia.test.concurrency.AsyncTaskTest" time="0.05" />
  <testcase name="testFinishHandling" classname="org.wikipedia.test.concurrency.AsyncTaskTest" time="0.076" />
  <testcase name="testLoadPages" classname="org.wikipedia.test.perf.PageLoadPerformanceTests" time="1.671" />
</testsuite>