<?xml version='1.0' encoding='UTF-8' ?>
<testsuite name="org.wikipedia.test" tests="24" failures="2" errors="0" skipped="0" time="0.0" timestamp="2016-05-24T00:42:50" hostname="localhost">
  <properties />
  <testcase name="testPreview" classname="org.wikipedia.editing.EditPreviewTaskTest" time="1.205" />
  <testcase name="testSyntaxHighlight" classname="org.wikipedia.editing.richtext.SyntaxHighlighterTest" time="0.502" />
  <testcase name="testCompare" classname="org.wikipedia.nearby.NearbyUnitTests" time="0.0" />
  <testcase name="testGetDistanceLabelKilometers" classname="org.wikipedia.nearby.NearbyUnitTests" time="0.0" />
  <testcase name="testGetDistanceLabelMeters" classname="org.wikipedia.nearby.NearbyUnitTests" time="0.0" />
  <testcase name="testGetDistanceLabelNull" classname="org.wikipedia.nearby.NearbyUnitTests" time="0.0" />
  <testcase name="testGetDistanceLabelSameLocation" classname="org.wikipedia.nearby.NearbyUnitTests" time="0.0" />
  <testcase name="testSort" classname="org.wikipedia.nearby.NearbyUnitTests" time="0.0" />
  <testcase name="testSortWithNullLocations" classname="org.wikipedia.nearby.NearbyUnitTests" time="0.0" />
  <testcase name="testAndroidTestCaseSetupProperly" classname="org.wikipedia.nearby.NearbyUnitTests" time="0.0" />
  <testcase name="testPagesWithoutImagesPortrait" classname="org.wikipedia.page.PageLoadTest" time="99.986" />
  <testcase name="testPagesWithImagesLandscape" classname="org.wikipedia.page.PageLoadTest" time="45.884">
    <failure>java.lang.RuntimeException: Could not launch intent Intent { act=android.intent.action.MAIN flg=0x10000000 cmp=org.wikipedia/.page.PageActivity } within 45 seconds. Perhaps the main thread has not gone idle within a reasonable amount of time? There could be an animation or something constantly repainting the screen. Or the activity is doing network calls on creation? See the threaddump logs. For your reference the last time the event queue was idle before your activity launch request was 1464050300476 and now the last time the queue went idle was: 1464050300476. If these numbers are the same your activity might be hogging the event queue.
at android.support.test.runner.MonitoringInstrumentation.startActivitySync(MonitoringInstrumentation.java:360)
at android.support.test.rule.ActivityTestRule.launchActivity(ActivityTestRule.java:219)
at android.support.test.rule.ActivityTestRule$ActivityStatement.evaluate(ActivityTestRule.java:268)
at org.junit.rules.RunRules.evaluate(RunRules.java:20)
at org.junit.runners.ParentRunner.runLeaf(ParentRunner.java:325)
at org.junit.runners.BlockJUnit4ClassRunner.runChild(BlockJUnit4ClassRunner.java:78)
at org.junit.runners.BlockJUnit4ClassRunner.runChild(BlockJUnit4ClassRunner.java:57)
at org.junit.runners.ParentRunner$3.run(ParentRunner.java:290)
at org.junit.runners.ParentRunner$1.schedule(ParentRunner.java:71)
at org.junit.runners.ParentRunner.runChildren(ParentRunner.java:288)
at org.junit.runners.ParentRunner.access$000(ParentRunner.java:58)
at org.junit.runners.ParentRunner$2.evaluate(ParentRunner.java:268)
at org.junit.runners.ParentRunner.run(ParentRunner.java:363)
at org.junit.runners.Suite.runChild(Suite.java:128)
at org.junit.runners.Suite.runChild(Suite.java:27)
at org.junit.runners.ParentRunner$3.run(ParentRunner.java:290)
at org.junit.runners.ParentRunner$1.schedule(ParentRunner.java:71)
at org.junit.runners.ParentRunner.runChildren(ParentRunner.java:288)
at org.junit.runners.ParentRunner.access$000(ParentRunner.java:58)
at org.junit.runners.ParentRunner$2.evaluate(ParentRunner.java:268)
at org.junit.runners.ParentRunner.run(ParentRunner.java:363)
at org.junit.runner.JUnitCore.run(JUnitCore.java:137)
at org.junit.runner.JUnitCore.run(JUnitCore.java:115)
at android.support.test.internal.runner.TestExecutor.execute(TestExecutor.java:59)
at android.support.test.runner.AndroidJUnitRunner.onStart(AndroidJUnitRunner.java:262)
at android.app.Instrumentation$InstrumentationThread.run(Instrumentation.java:1837)
</failure>
  </testcase>
  <testcase name="testPagesWithImagesPortrait" classname="org.wikipedia.page.PageLoadTest" time="99.054" />
  <testcase name="testPageFetchWithAmpersand" classname="org.wikipedia.page.PageLoadTest" time="3.355" />
  <testcase name="testPagesRtlPortrait" classname="org.wikipedia.page.PageLoadTest" time="25.52" />
  <testcase name="testPagesWithoutImagesLandscape" classname="org.wikipedia.page.PageLoadTest" time="57.681" />
  <testcase name="testPageFetch" classname="org.wikipedia.page.PageLoadTest" time="1.595" />
  <testcase name="testPagesRtlLandscape" classname="org.wikipedia.page.PageLoadTest" time="28.64" />
  <testcase name="testNonClosedImgTag" classname="org.wikipedia.savedpages.ImageUrlMapTests" time="1.663" />
  <testcase name="testUrlRewrite" classname="org.wikipedia.savedpages.ImageUrlMapTests" time="0.358" />
  <testcase name="testDOMLoaded" classname="org.wikipedia.test.BridgeTests" time="0.77" />
  <testcase name="testPingBackHandling" classname="org.wikipedia.test.BridgeTests" time="0.231" />
  <testcase name="testTokenFetch" classname="org.wikipedia.test.CreateAccountTaskTest" time="0.58" />
  <testcase name="testAbuseFilterTriggerStopOnArbitraryErrorCode" classname="org.wikipedia.test.EditTaskTest" time="0.59">
    <failure>java.lang.RuntimeException: ratelimited: You've exceeded your rate limit. Please wait some time and try again
at org.wikipedia.ApiTask.onCatch(ApiTask.java:46)
at org.wikipedia.concurrency.SaneAsyncTask.onPostExecute(SaneAsyncTask.java:72)
at android.os.AsyncTask.finish(AsyncTask.java:632)
at android.os.AsyncTask.access$600(AsyncTask.java:177)
at android.os.AsyncTask$InternalHandler.handleMessage(AsyncTask.java:645)
at android.os.Handler.dispatchMessage(Handler.java:102)
at android.os.Looper.loop(Looper.java:135)
at android.app.ActivityThread.main(ActivityThread.java:5221)
at java.lang.reflect.Method.invoke(Native Method)
at java.lang.reflect.Method.invoke(Method.java:372)
at com.android.internal.os.ZygoteInit$MethodAndArgsCaller.run(ZygoteInit.java:899)
at com.android.internal.os.ZygoteInit.main(ZygoteInit.java:694)
Caused by: ratelimited: You've exceeded your rate limit. Please wait some time and try again
at org.mediawiki.api.json.ApiResult.assertSuccess(ApiResult.java:110)
at org.mediawiki.api.json.ApiResult.asObject(ApiResult.java:81)
at org.wikipedia.editing.EditTask.processResult(EditTask.java:58)
at org.wikipedia.editing.EditTask.processResult(EditTask.java:15)
at org.wikipedia.ApiTask.performTask(ApiTask.java:31)
at org.wikipedia.concurrency.SaneAsyncTask.doInBackground(SaneAsyncTask.java:57)
at org.wikipedia.concurrency.SaneAsyncTask.doInBackground(SaneAsyncTask.java:16)
at android.os.AsyncTask$2.call(AsyncTask.java:288)
at java.util.concurrent.FutureTask.run(FutureTask.java:237)
at java.util.concurrent.ThreadPoolExecutor.runWorker(ThreadPoolExecutor.java:1112)
at java.util.concurrent.ThreadPoolExecutor$Worker.run(ThreadPoolExecutor.java:587)
at java.lang.Thread.run(Thread.java:818)
</failure>
  </testcase>
</testsuite>